<?xml version="1.0" encoding="UTF-8"?>
<robot generator="Rebot 5.0.1 (Python 3.11.4 on win32)" generated="20260804 00:40:32.680" rpa="false" schemaversion="3">
<suite id="s1" name="TELUS-SMOKE-ONYX" source="C:\Users\QA-Automation\.jenkins\workspace\TELUS-SMOKE-STB\ONYX\TELUS\TELUS-STB\TELUS-SMOKE-STB\TELUS-SMOKE-ONYX.robot">
<test id="s1-t1" name="Verify AV Playback on LiveTV" line="19">
<kw name="Start Test Execution" library="keywords-optik" type="SETUP">
<kw name="Start Recording" library="oreganlibs.VideoCapturer">
<doc>Triggers the video and audio recording.</doc>
<status status="PASS" starttime="20260804 00:17:53.623" endtime="20260804 00:17:54.626"/>
</kw>
<status status="PASS" starttime="20260804 00:17:53.623" endtime="20260804 00:17:54.626"/>
</kw>
<kw name="STB Get Info" library="keywords-optik">
<kw name="Return To Live TV" library="keywords-optik">
<doc>Returns the STB to a known Live TV state before/after a test.</doc>
<kw name="Press Back" library="Ir">
<arg>${10}</arg>
<doc>Sends keyevent KEYCODE_BACK "n" number of times through IR.</doc>
<status status="PASS" starttime="20260804 00:17:54.626" endtime="20260804 00:18:00.032"/>
</kw>
<status status="PASS" starttime="20260804 00:17:54.626" endtime="20260804 00:18:00.032"/>
</kw>
<kw name="Send Ir New" library="Ir">
<arg>optik_ir_new</arg>
<arg>menu</arg>
<status status="PASS" starttime="20260804 00:18:00.032" endtime="20260804 00:18:00.569"/>
</kw>
<for flavor="IN RANGE">
<var>${i}</var>
<value>4</value>
<iter>
<var name="${i}">0</var>
<kw name="Send Ir New" library="Ir">
<arg>optik_ir_new</arg>
<arg>down</arg>
<status status="PASS" starttime="20260804 00:18:00.569" endtime="20260804 00:18:01.103"/>
</kw>
<status status="PASS" starttime="20260804 00:18:00.569" endtime="20260804 00:18:01.103"/>
</iter>
<iter>
<var name="${i}">1</var>
<kw name="Send Ir New" library="Ir">
<arg>optik_ir_new</arg>
<arg>down</arg>
<status status="PASS" starttime="20260804 00:18:01.103" endtime="20260804 00:18:01.632"/>
</kw>
<status status="PASS" starttime="20260804 00:18:01.103" endtime="20260804 00:18:01.632"/>
</iter>
<iter>
<var name="${i}">2</var>
<kw name="Send Ir New" library="Ir">
<arg>optik_ir_new</arg>
<arg>down</arg>
<status status="PASS" starttime="20260804 00:18:01.632" endtime="20260804 00:18:02.164"/>
</kw>
<status status="PASS" starttime="20260804 00:18:01.632" endtime="20260804 00:18:02.164"/>
</iter>
<iter>
<var name="${i}">3</var>
<kw name="Send Ir New" library="Ir">
<arg>optik_ir_new</arg>
<arg>down</arg>
<status status="PASS" starttime="20260804 00:18:02.164" endtime="20260804 00:18:02.697"/>
</kw>
<status status="PASS" starttime="20260804 00:18:02.164" endtime="20260804 00:18:02.697"/>
</iter>
<status status="PASS" starttime="20260804 00:18:00.569" endtime="20260804 00:18:02.697"/>
</for>
<kw name="Send Ir New" library="Ir">
<arg>optik_ir_new</arg>
<arg>ok</arg>
<status status="PASS" starttime="20260804 00:18:02.697" endtime="20260804 00:18:03.228"/>
</kw>
<for flavor="IN RANGE">
<var>${i}</var>
<value>4</value>
<iter>
<var name="${i}">0</var>
<kw name="Send Ir New" library="Ir">
<arg>optik_ir_new</arg>
<arg>down</arg>
<status status="PASS" starttime="20260804 00:18:03.228" endtime="20260804 00:18:03.765"/>
</kw>
<status status="PASS" starttime="20260804 00:18:03.228" endtime="20260804 00:18:03.765"/>
</iter>
<iter>
<var name="${i}">1</var>
<kw name="Send Ir New" library="Ir">
<arg>optik_ir_new</arg>
<arg>down</arg>
<status status="PASS" starttime="20260804 00:18:03.765" endtime="20260804 00:18:04.293"/>
</kw>
<status status="PASS" starttime="20260804 00:18:03.765" endtime="20260804 00:18:04.293"/>
</iter>
<iter>
<var name="${i}">2</var>
<kw name="Send Ir New" library="Ir">
<arg>optik_ir_new</arg>
<arg>down</arg>
<status status="PASS" starttime="20260804 00:18:04.293" endtime="20260804 00:18:04.821"/>
</kw>
<status status="PASS" starttime="20260804 00:18:04.293" endtime="20260804 00:18:04.821"/>
</iter>
<iter>
<var name="${i}">3</var>
<kw name="Send Ir New" library="Ir">
<arg>optik_ir_new</arg>
<arg>down</arg>
<status status="PASS" starttime="20260804 00:18:04.821" endtime="20260804 00:18:05.350"/>
</kw>
<status status="PASS" starttime="20260804 00:18:04.821" endtime="20260804 00:18:05.350"/>
</iter>
<status status="PASS" starttime="20260804 00:18:03.228" endtime="20260804 00:18:05.350"/>
</for>
<kw name="Send Ir New" library="Ir">
<arg>optik_ir_new</arg>
<arg>right</arg>
<status status="PASS" starttime="20260804 00:18:05.350" endtime="20260804 00:18:05.878"/>
</kw>
<for flavor="IN RANGE">
<var>${i}</var>
<value>3</value>
<iter>
<var name="${i}">0</var>
<kw name="Send Ir New" library="Ir">
<arg>optik_ir_new</arg>
<arg>down</arg>
<status status="PASS" starttime="20260804 00:18:05.878" endtime="20260804 00:18:06.408"/>
</kw>
<status status="PASS" starttime="20260804 00:18:05.878" endtime="20260804 00:18:06.408"/>
</iter>
<iter>
<var name="${i}">1</var>
<kw name="Send Ir New" library="Ir">
<arg>optik_ir_new</arg>
<arg>down</arg>
<status status="PASS" starttime="20260804 00:18:06.408" endtime="20260804 00:18:06.938"/>
</kw>
<status status="PASS" starttime="20260804 00:18:06.408" endtime="20260804 00:18:06.938"/>
</iter>
<iter>
<var name="${i}">2</var>
<kw name="Send Ir New" library="Ir">
<arg>optik_ir_new</arg>
<arg>down</arg>
<status status="PASS" starttime="20260804 00:18:06.938" endtime="20260804 00:18:07.468"/>
</kw>
<status status="PASS" starttime="20260804 00:18:06.938" endtime="20260804 00:18:07.468"/>
</iter>
<status status="PASS" starttime="20260804 00:18:05.878" endtime="20260804 00:18:07.468"/>
</for>
<kw name="Sleep" library="BuiltIn">
<arg>2</arg>
<doc>Pauses the test executed for the given time.</doc>
<msg timestamp="20260804 00:18:09.469" level="INFO">Slept 2 seconds</msg>
<status status="PASS" starttime="20260804 00:18:07.468" endtime="20260804 00:18:09.469"/>
</kw>
<kw name="Take Screenshot" library="oreganlibs.VideoCapturer">
<doc>Takes and screenshot.</doc>
<status status="PASS" starttime="20260804 00:18:09.469" endtime="20260804 00:18:10.470"/>
</kw>
<kw name="Sleep" library="BuiltIn">
<arg>.5</arg>
<doc>Pauses the test executed for the given time.</doc>
<msg timestamp="20260804 00:18:10.971" level="INFO">Slept 500 milliseconds</msg>
<status status="PASS" starttime="20260804 00:18:10.470" endtime="20260804 00:18:10.971"/>
</kw>
<kw name="Crop Picture And Apply Inverse Color" library="oreganlibs.VideoCapturer">
<arg>${507}</arg>
<arg>${635}</arg>
<arg>${578}</arg>
<arg>${668}</arg>
<arg>./${project}/${test_plan}/temp/screenshot.png</arg>
<arg>./${project}/${test_plan}/temp/cropped.png</arg>
<doc>Crops and inverse color for a picture with the given coordinates.</doc>
<status status="PASS" starttime="20260804 00:18:10.971" endtime="20260804 00:18:11.174"/>
</kw>
<kw name="Sleep" library="BuiltIn">
<arg>.5</arg>
<doc>Pauses the test executed for the given time.</doc>
<msg timestamp="20260804 00:18:11.677" level="INFO">Slept 500 milliseconds</msg>
<status status="PASS" starttime="20260804 00:18:11.174" endtime="20260804 00:18:11.677"/>
</kw>
<kw name="Get Txt From Img" library="oreganlibs.VideoCapturer">
<var>${version}</var>
<arg>./${project}/${test_plan}/temp/cropped.png</arg>
<doc>OCR gets the text found in a picture.</doc>
<msg timestamp="20260804 00:18:12.046" level="INFO">${version} = 3,7.35-F
</msg>
<status status="PASS" starttime="20260804 00:18:11.677" endtime="20260804 00:18:12.046"/>
</kw>
<kw name="Get Current Date" library="DateTime">
<var>${today}</var>
<arg>result_format=%Y-%m-%d</arg>
<doc>Returns current local or UTC time with an optional increment.</doc>
<msg timestamp="20260804 00:18:12.046" level="INFO">${today} = 2026-08-04</msg>
<status status="PASS" starttime="20260804 00:18:12.046" endtime="20260804 00:18:12.047"/>
</kw>
<kw name="Create File" library="OperatingSystem">
<arg>./${project}/${test_plan}/TestResults/${today}/device_info.txt</arg>
<arg>UI Version: ${version}</arg>
<doc>Creates a file with the given content and encoding.</doc>
<msg timestamp="20260804 00:18:12.048" level="INFO" html="true">Created file '&lt;a href="file://C:\Users\QA-Automation\.jenkins\workspace\TELUS-SMOKE-STB\ONYX\TELUS\TELUS-STB\TELUS-SMOKE-STB\TestResults\2026-08-04\device_info.txt"&gt;C:\Users\QA-Automation\.jenkins\workspace\TELUS-SMOKE-STB\ONYX\TELUS\TELUS-STB\TELUS-SMOKE-STB\TestResults\2026-08-04\device_info.txt&lt;/a&gt;'.</msg>
<status status="PASS" starttime="20260804 00:18:12.047" endtime="20260804 00:18:12.048"/>
</kw>
<kw name="Create Json" library="Ir">
<arg>TUT</arg>
<arg>5fa03affb38e6100713cd81b</arg>
<arg>${version}</arg>
<doc>Creates a JSON file containing the datails required to post the test results on devices with not ADB</doc>
<status status="PASS" starttime="20260804 00:18:12.048" endtime="20260804 00:18:13.051"/>
</kw>
<status status="PASS" starttime="20260804 00:17:54.626" endtime="20260804 00:18:13.051"/>
</kw>
<kw name="Press Back" library="Ir">
<arg>${5}</arg>
<doc>Sends keyevent KEYCODE_BACK "n" number of times through IR.</doc>
<status status="PASS" starttime="20260804 00:18:13.051" endtime="20260804 00:18:15.699"/>
</kw>
<kw name="Press Vol Up" library="Ir">
<arg>${20}</arg>
<doc>Sends keyevent KEYCODE_VOLUME_UP "n" number of times through IR.</doc>
<status status="PASS" starttime="20260804 00:18:15.699" endtime="20260804 00:18:32.540"/>
</kw>
<kw name="Enter Channel Number" library="keywords-optik">
<arg>580</arg>
<doc>Enters a channel number digit-by-digit and confirms with OK.
A small delay is added between digits since the STB can
occasionally miss one if IR commands arrive too close
together (e.g. "580" landing as "58").</doc>
<kw name="Split String To Characters" library="String">
<var>@{digits}</var>
<arg>${channel_number}</arg>
<doc>Splits the given ``string`` to characters.</doc>
<msg timestamp="20260804 00:18:32.541" level="INFO">@{digits} = [ 5 | 8 | 0 ]</msg>
<status status="PASS" starttime="20260804 00:18:32.540" endtime="20260804 00:18:32.541"/>
</kw>
<for flavor="IN">
<var>${digit}</var>
<value>@{digits}</value>
<iter>
<var name="${digit}">5</var>
<kw name="Send Ir New" library="Ir">
<arg>optik_ir_new</arg>
<arg>${digit}</arg>
<status status="PASS" starttime="20260804 00:18:32.541" endtime="20260804 00:18:33.398"/>
</kw>
<kw name="Sleep" library="BuiltIn">
<arg>0.4s</arg>
<doc>Pauses the test executed for the given time.</doc>
<msg timestamp="20260804 00:18:33.798" level="INFO">Slept 400 milliseconds</msg>
<status status="PASS" starttime="20260804 00:18:33.398" endtime="20260804 00:18:33.798"/>
</kw>
<status status="PASS" starttime="20260804 00:18:32.541" endtime="20260804 00:18:33.798"/>
</iter>
<iter>
<var name="${digit}">8</var>
<kw name="Send Ir New" library="Ir">
<arg>optik_ir_new</arg>
<arg>${digit}</arg>
<status status="PASS" starttime="20260804 00:18:33.798" endtime="20260804 00:18:34.329"/>
</kw>
<kw name="Sleep" library="BuiltIn">
<arg>0.4s</arg>
<doc>Pauses the test executed for the given time.</doc>
<msg timestamp="20260804 00:18:34.730" level="INFO">Slept 400 milliseconds</msg>
<status status="PASS" starttime="20260804 00:18:34.329" endtime="20260804 00:18:34.730"/>
</kw>
<status status="PASS" starttime="20260804 00:18:33.798" endtime="20260804 00:18:34.730"/>
</iter>
<iter>
<var name="${digit}">0</var>
<kw name="Send Ir New" library="Ir">
<arg>optik_ir_new</arg>
<arg>${digit}</arg>
<status status="PASS" starttime="20260804 00:18:34.730" endtime="20260804 00:18:35.259"/>
</kw>
<kw name="Sleep" library="BuiltIn">
<arg>0.4s</arg>
<doc>Pauses the test executed for the given time.</doc>
<msg timestamp="20260804 00:18:35.659" level="INFO">Slept 400 milliseconds</msg>
<status status="PASS" starttime="20260804 00:18:35.259" endtime="20260804 00:18:35.659"/>
</kw>
<status status="PASS" starttime="20260804 00:18:34.730" endtime="20260804 00:18:35.659"/>
</iter>
<status status="PASS" starttime="20260804 00:18:32.541" endtime="20260804 00:18:35.659"/>
</for>
<kw name="Send Ir New" library="Ir">
<arg>optik_ir_new</arg>
<arg>ok</arg>
<status status="PASS" starttime="20260804 00:18:35.659" endtime="20260804 00:18:36.193"/>
</kw>
<status status="PASS" starttime="20260804 00:18:32.540" endtime="20260804 00:18:36.193"/>
</kw>
<kw name="Sleep" library="BuiltIn">
<arg>5s</arg>
<doc>Pauses the test executed for the given time.</doc>
<msg timestamp="20260804 00:18:41.193" level="INFO">Slept 5 seconds</msg>
<status status="PASS" starttime="20260804 00:18:36.193" endtime="20260804 00:18:41.193"/>
</kw>
<kw name="Channel Available Zap" library="keywords-optik">
<kw name="Wait Pixel V3" library="oreganlibs.VideoCapturer">
<var>${ui_element}</var>
<arg>${1130}</arg>
<arg>${190}</arg>
<arg>${20}</arg>
<arg>${6}</arg>
<doc>Waits until a defined pixel gets the given RGB values within a timeout.</doc>
<msg timestamp="20260804 00:18:45.137" level="INFO">18
18
310</msg>
<msg timestamp="20260804 00:18:45.137" level="INFO">${ui_element} = True</msg>
<status status="PASS" starttime="20260804 00:18:41.193" endtime="20260804 00:18:45.137"/>
</kw>
<while condition="${ui_element} == ${False}" limit="10">
<iter>
<kw name="Send Ir New" library="Ir">
<arg>optik_ir_new</arg>
<arg>channelplus</arg>
<status status="NOT RUN" starttime="20260804 00:18:45.137" endtime="20260804 00:18:45.137"/>
</kw>
<kw name="Send Ir New" library="Ir">
<arg>optik_ir_new</arg>
<arg>up</arg>
<status status="NOT RUN" starttime="20260804 00:18:45.137" endtime="20260804 00:18:45.137"/>
</kw>
<kw name="Send Ir New" library="Ir">
<arg>optik_ir_new</arg>
<arg>channelplus</arg>
<status status="NOT RUN" starttime="20260804 00:18:45.137" endtime="20260804 00:18:45.137"/>
</kw>
<kw name="Send Ir New" library="Ir">
<arg>optik_ir_new</arg>
<arg>up</arg>
<status status="NOT RUN" starttime="20260804 00:18:45.137" endtime="20260804 00:18:45.137"/>
</kw>
<kw name="Send Ir New" library="Ir">
<arg>optik_ir_new</arg>
<arg>channelplus</arg>
<status status="NOT RUN" starttime="20260804 00:18:45.138" endtime="20260804 00:18:45.138"/>
</kw>
<kw name="Send Ir New" library="Ir">
<arg>optik_ir_new</arg>
<arg>up</arg>
<status status="NOT RUN" starttime="20260804 00:18:45.138" endtime="20260804 00:18:45.138"/>
</kw>
<kw name="Sleep" library="BuiltIn">
<arg>5s</arg>
<doc>Pauses the test executed for the given time.</doc>
<status status="NOT RUN" starttime="20260804 00:18:45.138" endtime="20260804 00:18:45.138"/>
</kw>
<kw name="Wait Pixel V3" library="oreganlibs.VideoCapturer">
<var>${ui_element}</var>
<arg>${1130}</arg>
<arg>${190}</arg>
<arg>${20}</arg>
<arg>${6}</arg>
<doc>Waits until a defined pixel gets the given RGB values within a timeout.</doc>
<status status="NOT RUN" starttime="20260804 00:18:45.138" endtime="20260804 00:18:45.138"/>
</kw>
<status status="NOT RUN" starttime="20260804 00:18:45.137" endtime="20260804 00:18:45.138"/>
</iter>
<status status="NOT RUN" starttime="20260804 00:18:45.137" endtime="20260804 00:18:45.138"/>
</while>
<kw name="Should Be True" library="BuiltIn">
<arg>${ui_element}</arg>
<arg>msg=Channel Unavailable.</arg>
<doc>Fails if the given condition is not true.</doc>
<status status="PASS" starttime="20260804 00:18:45.138" endtime="20260804 00:18:45.138"/>
</kw>
<status status="PASS" starttime="20260804 00:18:41.193" endtime="20260804 00:18:45.138"/>
</kw>
<kw name="Verify AV playback" library="keywords-optik">
<kw name="Video Detection" library="oreganlibs.VideoCapturer">
<var>${Video_Playback}</var>
<doc>Verifies if there is video playback by taking samples of hash values from different frames.</doc>
<msg timestamp="20260804 00:18:51.881" level="INFO">${Video_Playback} = True</msg>
<status status="PASS" starttime="20260804 00:18:45.139" endtime="20260804 00:18:51.881"/>
</kw>
<kw name="Should Be True" library="BuiltIn">
<arg>${Video_Playback}</arg>
<arg>msg=Reason: Video playback no detected.</arg>
<doc>Fails if the given condition is not true.</doc>
<status status="PASS" starttime="20260804 00:18:51.882" endtime="20260804 00:18:51.882"/>
</kw>
<kw name="Record Audio" library="oreganlibs.VideoCapturer">
<var>${record_audio}</var>
<doc>Record an audio stream as output.wav</doc>
<msg timestamp="20260804 00:18:56.894" level="INFO">${record_audio} = None</msg>
<status status="PASS" starttime="20260804 00:18:51.882" endtime="20260804 00:18:56.894"/>
</kw>
<kw name="Audio Detection" library="oreganlibs.VideoCapturer">
<var>${Audio_Playback}</var>
<doc>Verifies if there is audio in the output.wav file.</doc>
<msg timestamp="20260804 00:18:57.196" level="INFO">${Audio_Playback} = True</msg>
<status status="PASS" starttime="20260804 00:18:56.894" endtime="20260804 00:18:57.196"/>
</kw>
<kw name="Should Be True" library="BuiltIn">
<arg>${Audio_Playback}</arg>
<arg>msg=Reason: Audio playback no detected.</arg>
<doc>Fails if the given condition is not true.</doc>
<status status="PASS" starttime="20260804 00:18:57.196" endtime="20260804 00:18:57.196"/>
</kw>
<status status="PASS" starttime="20260804 00:18:45.138" endtime="20260804 00:18:57.196"/>
</kw>
<kw name="Stop Test Execution" library="keywords-optik" type="TEARDOWN">
<kw name="Stop Recording" library="oreganlibs.VideoCapturer">
<doc>Stops the video and audio recording.</doc>
<status status="PASS" starttime="20260804 00:18:57.197" endtime="20260804 00:18:57.748"/>
</kw>
<status status="PASS" starttime="20260804 00:18:57.196" endtime="20260804 00:18:57.748"/>
</kw>
<doc>LiveTV should reproduce AV on full screen.</doc>
<tag>AV_Playback</tag>
<tag>Robot</tag>
<tag>TUT-187</tag>
<status status="PASS" starttime="20260804 00:17:53.622" endtime="20260804 00:18:57.748"/>
</test>
<test id="s1-t2" name="Adjust the LiveTV Volume" line="29">
<kw name="Start Test Execution" library="keywords-optik" type="SETUP">
<kw name="Start Recording" library="oreganlibs.VideoCapturer">
<doc>Triggers the video and audio recording.</doc>
<status status="PASS" starttime="20260804 00:18:57.749" endtime="20260804 00:18:58.751"/>
</kw>
<status status="PASS" starttime="20260804 00:18:57.749" endtime="20260804 00:18:58.751"/>
</kw>
<kw name="Press Vol Down" library="Ir">
<arg>${30}</arg>
<doc>Sends keyevent KEYCODE_VOLUME_DOWN "n" number of times through IR.</doc>
<status status="PASS" starttime="20260804 00:18:58.751" endtime="20260804 00:19:14.768"/>
</kw>
<kw name="Verify no Audio playback" library="keywords-optik">
<kw name="Record Audio" library="oreganlibs.VideoCapturer">
<var>${record_audio}</var>
<doc>Record an audio stream as output.wav</doc>
<msg timestamp="20260804 00:19:19.783" level="INFO">${record_audio} = None</msg>
<status status="PASS" starttime="20260804 00:19:14.768" endtime="20260804 00:19:19.784"/>
</kw>
<kw name="Audio Detection" library="oreganlibs.VideoCapturer">
<var>${test_audio}</var>
<doc>Verifies if there is audio in the output.wav file.</doc>
<msg timestamp="20260804 00:19:20.080" level="INFO">${test_audio} = False</msg>
<status status="PASS" starttime="20260804 00:19:19.784" endtime="20260804 00:19:20.080"/>
</kw>
<kw name="Should Not Be True" library="BuiltIn">
<arg>${test_audio}</arg>
<arg>msg=Reason: Audio playback detected.</arg>
<doc>Fails if the given condition is true.</doc>
<status status="PASS" starttime="20260804 00:19:20.080" endtime="20260804 00:19:20.080"/>
</kw>
<status status="PASS" starttime="20260804 00:19:14.768" endtime="20260804 00:19:20.080"/>
</kw>
<for flavor="IN RANGE">
<var>${i}</var>
<value>2</value>
<iter>
<var name="${i}">0</var>
<kw name="Verify Audio Changes" library="keywords-optik">
<var>${audio}</var>
<kw name="Record Audio" library="oreganlibs.VideoCapturer">
<var>${record_audio}</var>
<doc>Record an audio stream as output.wav</doc>
<msg timestamp="20260804 00:19:25.094" level="INFO">${record_audio} = None</msg>
<status status="PASS" starttime="20260804 00:19:20.081" endtime="20260804 00:19:25.094"/>
</kw>
<kw name="Audio Db" library="oreganlibs.VideoCapturer">
<var>${audio_dB}</var>
<msg timestamp="20260804 00:19:25.104" level="INFO">${audio_dB} = -inf</msg>
<status status="PASS" starttime="20260804 00:19:25.094" endtime="20260804 00:19:25.104"/>
</kw>
<kw name="Press Vol Up" library="Ir">
<arg>${4}</arg>
<doc>Sends keyevent KEYCODE_VOLUME_UP "n" number of times through IR.</doc>
<status status="PASS" starttime="20260804 00:19:25.104" endtime="20260804 00:19:28.216"/>
</kw>
<kw name="Record Audio" library="oreganlibs.VideoCapturer">
<var>${record_audio}</var>
<doc>Record an audio stream as output.wav</doc>
<msg timestamp="20260804 00:19:33.234" level="INFO">${record_audio} = None</msg>
<status status="PASS" starttime="20260804 00:19:28.216" endtime="20260804 00:19:33.234"/>
</kw>
<kw name="Audio Db" library="oreganlibs.VideoCapturer">
<var>${audio1_dB}</var>
<msg timestamp="20260804 00:19:33.247" level="INFO">${audio1_dB} = -31.38978462764298</msg>
<status status="PASS" starttime="20260804 00:19:33.234" endtime="20260804 00:19:33.247"/>
</kw>
<if>
<branch type="IF" condition="$audio1_dB &gt; $audio_dB">
<return>
<value>True</value>
<status status="PASS" starttime="20260804 00:19:33.250" endtime="20260804 00:19:33.250"/>
</return>
<status status="PASS" starttime="20260804 00:19:33.250" endtime="20260804 00:19:33.251"/>
</branch>
<branch type="ELSE">
<kw name="Sleep" library="BuiltIn">
<arg>5s</arg>
<doc>Pauses the test executed for the given time.</doc>
<status status="NOT RUN" starttime="20260804 00:19:33.251" endtime="20260804 00:19:33.251"/>
</kw>
<kw name="Log" library="BuiltIn">
<arg>Second attempt</arg>
<doc>Logs the given message with the given level.</doc>
<status status="NOT RUN" starttime="20260804 00:19:33.251" endtime="20260804 00:19:33.251"/>
</kw>
<kw name="Record Audio" library="oreganlibs.VideoCapturer">
<var>${record_audio}</var>
<doc>Record an audio stream as output.wav</doc>
<status status="NOT RUN" starttime="20260804 00:19:33.251" endtime="20260804 00:19:33.251"/>
</kw>
<kw name="Audio Db" library="oreganlibs.VideoCapturer">
<var>${audio_dB}</var>
<status status="NOT RUN" starttime="20260804 00:19:33.251" endtime="20260804 00:19:33.251"/>
</kw>
<kw name="Record Audio" library="oreganlibs.VideoCapturer">
<var>${record_audio}</var>
<doc>Record an audio stream as output.wav</doc>
<status status="NOT RUN" starttime="20260804 00:19:33.251" endtime="20260804 00:19:33.251"/>
</kw>
<kw name="Audio Db" library="oreganlibs.VideoCapturer">
<var>${audio1_dB}</var>
<status status="NOT RUN" starttime="20260804 00:19:33.251" endtime="20260804 00:19:33.251"/>
</kw>
<if>
<branch type="IF" condition="$audio1_dB &gt; $audio_dB">
<return>
<value>True</value>
<status status="NOT RUN" starttime="20260804 00:19:33.251" endtime="20260804 00:19:33.251"/>
</return>
<status status="NOT RUN" starttime="20260804 00:19:33.251" endtime="20260804 00:19:33.251"/>
</branch>
<branch type="ELSE">
<return>
<value>False</value>
<status status="NOT RUN" starttime="20260804 00:19:33.251" endtime="20260804 00:19:33.251"/>
</return>
<status status="NOT RUN" starttime="20260804 00:19:33.251" endtime="20260804 00:19:33.251"/>
</branch>
<status status="NOT RUN" starttime="20260804 00:19:33.251" endtime="20260804 00:19:33.251"/>
</if>
<status status="NOT RUN" starttime="20260804 00:19:33.251" endtime="20260804 00:19:33.251"/>
</branch>
<status status="PASS" starttime="20260804 00:19:33.247" endtime="20260804 00:19:33.251"/>
</if>
<msg timestamp="20260804 00:19:33.252" level="INFO">${audio} = True</msg>
<status status="PASS" starttime="20260804 00:19:20.080" endtime="20260804 00:19:33.252"/>
</kw>
<kw name="Should Be True" library="BuiltIn">
<arg>${audio}</arg>
<arg>msg=Reason: "Audio does not change".</arg>
<doc>Fails if the given condition is not true.</doc>
<status status="PASS" starttime="20260804 00:19:33.252" endtime="20260804 00:19:33.252"/>
</kw>
<status status="PASS" starttime="20260804 00:19:20.080" endtime="20260804 00:19:33.252"/>
</iter>
<iter>
<var name="${i}">1</var>
<kw name="Verify Audio Changes" library="keywords-optik">
<var>${audio}</var>
<kw name="Record Audio" library="oreganlibs.VideoCapturer">
<var>${record_audio}</var>
<doc>Record an audio stream as output.wav</doc>
<msg timestamp="20260804 00:19:38.263" level="INFO">${record_audio} = None</msg>
<status status="PASS" starttime="20260804 00:19:33.252" endtime="20260804 00:19:38.263"/>
</kw>
<kw name="Audio Db" library="oreganlibs.VideoCapturer">
<var>${audio_dB}</var>
<msg timestamp="20260804 00:19:38.274" level="INFO">${audio_dB} = -33.865637111834005</msg>
<status status="PASS" starttime="20260804 00:19:38.263" endtime="20260804 00:19:38.274"/>
</kw>
<kw name="Press Vol Up" library="Ir">
<arg>${4}</arg>
<doc>Sends keyevent KEYCODE_VOLUME_UP "n" number of times through IR.</doc>
<status status="PASS" starttime="20260804 00:19:38.274" endtime="20260804 00:19:41.380"/>
</kw>
<kw name="Record Audio" library="oreganlibs.VideoCapturer">
<var>${record_audio}</var>
<doc>Record an audio stream as output.wav</doc>
<msg timestamp="20260804 00:19:46.393" level="INFO">${record_audio} = None</msg>
<status status="PASS" starttime="20260804 00:19:41.380" endtime="20260804 00:19:46.393"/>
</kw>
<kw name="Audio Db" library="oreganlibs.VideoCapturer">
<var>${audio1_dB}</var>
<msg timestamp="20260804 00:19:46.404" level="INFO">${audio1_dB} = -24.784359540757684</msg>
<status status="PASS" starttime="20260804 00:19:46.393" endtime="20260804 00:19:46.404"/>
</kw>
<if>
<branch type="IF" condition="$audio1_dB &gt; $audio_dB">
<return>
<value>True</value>
<status status="PASS" starttime="20260804 00:19:46.404" endtime="20260804 00:19:46.404"/>
</return>
<status status="PASS" starttime="20260804 00:19:46.404" endtime="20260804 00:19:46.404"/>
</branch>
<branch type="ELSE">
<kw name="Sleep" library="BuiltIn">
<arg>5s</arg>
<doc>Pauses the test executed for the given time.</doc>
<status status="NOT RUN" starttime="20260804 00:19:46.404" endtime="20260804 00:19:46.404"/>
</kw>
<kw name="Log" library="BuiltIn">
<arg>Second attempt</arg>
<doc>Logs the given message with the given level.</doc>
<status status="NOT RUN" starttime="20260804 00:19:46.404" endtime="20260804 00:19:46.404"/>
</kw>
<kw name="Record Audio" library="oreganlibs.VideoCapturer">
<var>${record_audio}</var>
<doc>Record an audio stream as output.wav</doc>
<status status="NOT RUN" starttime="20260804 00:19:46.405" endtime="20260804 00:19:46.405"/>
</kw>
<kw name="Audio Db" library="oreganlibs.VideoCapturer">
<var>${audio_dB}</var>
<status status="NOT RUN" starttime="20260804 00:19:46.405" endtime="20260804 00:19:46.405"/>
</kw>
<kw name="Record Audio" library="oreganlibs.VideoCapturer">
<var>${record_audio}</var>
<doc>Record an audio stream as output.wav</doc>
<status status="NOT RUN" starttime="20260804 00:19:46.405" endtime="20260804 00:19:46.405"/>
</kw>
<kw name="Audio Db" library="oreganlibs.VideoCapturer">
<var>${audio1_dB}</var>
<status status="NOT RUN" starttime="20260804 00:19:46.405" endtime="20260804 00:19:46.405"/>
</kw>
<if>
<branch type="IF" condition="$audio1_dB &gt; $audio_dB">
<return>
<value>True</value>
<status status="NOT RUN" starttime="20260804 00:19:46.405" endtime="20260804 00:19:46.405"/>
</return>
<status status="NOT RUN" starttime="20260804 00:19:46.405" endtime="20260804 00:19:46.405"/>
</branch>
<branch type="ELSE">
<return>
<value>False</value>
<status status="NOT RUN" starttime="20260804 00:19:46.405" endtime="20260804 00:19:46.405"/>
</return>
<status status="NOT RUN" starttime="20260804 00:19:46.405" endtime="20260804 00:19:46.405"/>
</branch>
<status status="NOT RUN" starttime="20260804 00:19:46.405" endtime="20260804 00:19:46.405"/>
</if>
<status status="NOT RUN" starttime="20260804 00:19:46.404" endtime="20260804 00:19:46.405"/>
</branch>
<status status="PASS" starttime="20260804 00:19:46.404" endtime="20260804 00:19:46.405"/>
</if>
<msg timestamp="20260804 00:19:46.405" level="INFO">${audio} = True</msg>
<status status="PASS" starttime="20260804 00:19:33.252" endtime="20260804 00:19:46.405"/>
</kw>
<kw name="Should Be True" library="BuiltIn">
<arg>${audio}</arg>
<arg>msg=Reason: "Audio does not change".</arg>
<doc>Fails if the given condition is not true.</doc>
<status status="PASS" starttime="20260804 00:19:46.405" endtime="20260804 00:19:46.405"/>
</kw>
<status status="PASS" starttime="20260804 00:19:33.252" endtime="20260804 00:19:46.406"/>
</iter>
<status status="PASS" starttime="20260804 00:19:20.080" endtime="20260804 00:19:46.406"/>
</for>
<kw name="Press Vol Up" library="Ir">
<arg>${20}</arg>
<doc>Sends keyevent KEYCODE_VOLUME_UP "n" number of times through IR.</doc>
<status status="PASS" starttime="20260804 00:19:46.406" endtime="20260804 00:20:03.246"/>
</kw>
<kw name="Stop Test Execution" library="keywords-optik" type="TEARDOWN">
<kw name="Stop Recording" library="oreganlibs.VideoCapturer">
<doc>Stops the video and audio recording.</doc>
<status status="PASS" starttime="20260804 00:20:03.247" endtime="20260804 00:20:03.820"/>
</kw>
<status status="PASS" starttime="20260804 00:20:03.246" endtime="20260804 00:20:03.820"/>
</kw>
<doc>Live TV Volume should be adjusted.</doc>
<tag>AV_Playback</tag>
<tag>Robot</tag>
<tag>TUT-407</tag>
<status status="PASS" starttime="20260804 00:18:57.748" endtime="20260804 00:20:03.820"/>
</test>
<test id="s1-t3" name="Verify AV background with Menu" line="47">
<kw name="Start Test Execution" library="keywords-optik" type="SETUP">
<kw name="Start Recording" library="oreganlibs.VideoCapturer">
<doc>Triggers the video and audio recording.</doc>
<status status="PASS" starttime="20260804 00:20:03.821" endtime="20260804 00:20:04.822"/>
</kw>
<status status="PASS" starttime="20260804 00:20:03.821" endtime="20260804 00:20:04.822"/>
</kw>
<kw name="Return To Live TV" library="keywords-optik">
<doc>Returns the STB to a known Live TV state before/after a test.</doc>
<kw name="Press Back" library="Ir">
<arg>${10}</arg>
<doc>Sends keyevent KEYCODE_BACK "n" number of times through IR.</doc>
<status status="PASS" starttime="20260804 00:20:04.822" endtime="20260804 00:20:18.314"/>
</kw>
<status status="PASS" starttime="20260804 00:20:04.822" endtime="20260804 00:20:18.314"/>
</kw>
<kw name="Press Vol Up" library="Ir">
<arg>${20}</arg>
<doc>Sends keyevent KEYCODE_VOLUME_UP "n" number of times through IR.</doc>
<status status="PASS" starttime="20260804 00:20:18.314" endtime="20260804 00:20:37.169"/>
</kw>
<kw name="Verify Menu is shown" library="keywords-optik">
<kw name="Send Ir New" library="Ir">
<arg>optik_ir_new</arg>
<arg>menu</arg>
<status status="PASS" starttime="20260804 00:20:37.169" endtime="20260804 00:20:38.025"/>
</kw>
<kw name="Send Ir New" library="Ir">
<arg>optik_ir_new</arg>
<arg>up</arg>
<status status="PASS" starttime="20260804 00:20:38.025" endtime="20260804 00:20:38.563"/>
</kw>
<kw name="Wait Text" library="oreganlibs.VideoCapturer">
<var>${ui_element}</var>
<arg>${57}</arg>
<arg>${67}</arg>
<arg>${157}</arg>
<arg>${120}</arg>
<arg>Opt</arg>
<arg>${3}</arg>
<doc>Waits for a given text until timout is meet.</doc>
<msg timestamp="20260804 00:20:40.071" level="INFO">Text found: Optik</msg>
<msg timestamp="20260804 00:20:40.071" level="INFO">${ui_element} = True</msg>
<status status="PASS" starttime="20260804 00:20:38.563" endtime="20260804 00:20:40.071"/>
</kw>
<while condition="${ui_element} == ${False}" limit="3">
<iter>
<kw name="Send Ir New" library="Ir">
<arg>optik_ir_new</arg>
<arg>menu</arg>
<status status="NOT RUN" starttime="20260804 00:20:40.071" endtime="20260804 00:20:40.071"/>
</kw>
<kw name="Send Ir New" library="Ir">
<arg>optik_ir_new</arg>
<arg>up</arg>
<status status="NOT RUN" starttime="20260804 00:20:40.071" endtime="20260804 00:20:40.072"/>
</kw>
<kw name="Wait Text" library="oreganlibs.VideoCapturer">
<var>${ui_element}</var>
<arg>${57}</arg>
<arg>${67}</arg>
<arg>${157}</arg>
<arg>${120}</arg>
<arg>Opt</arg>
<arg>${3}</arg>
<doc>Waits for a given text until timout is meet.</doc>
<status status="NOT RUN" starttime="20260804 00:20:40.072" endtime="20260804 00:20:40.072"/>
</kw>
<status status="NOT RUN" starttime="20260804 00:20:40.071" endtime="20260804 00:20:40.072"/>
</iter>
<status status="NOT RUN" starttime="20260804 00:20:40.071" endtime="20260804 00:20:40.072"/>
</while>
<kw name="Should Be True" library="BuiltIn">
<arg>${ui_element}</arg>
<arg>msg=Reason: Menu is not shown</arg>
<doc>Fails if the given condition is not true.</doc>
<status status="PASS" starttime="20260804 00:20:40.072" endtime="20260804 00:20:40.072"/>
</kw>
<status status="PASS" starttime="20260804 00:20:37.169" endtime="20260804 00:20:40.072"/>
</kw>
<kw name="Verify AV playback" library="keywords-optik">
<kw name="Video Detection" library="oreganlibs.VideoCapturer">
<var>${Video_Playback}</var>
<doc>Verifies if there is video playback by taking samples of hash values from different frames.</doc>
<msg timestamp="20260804 00:20:46.813" level="INFO">${Video_Playback} = True</msg>
<status status="PASS" starttime="20260804 00:20:40.073" endtime="20260804 00:20:46.813"/>
</kw>
<kw name="Should Be True" library="BuiltIn">
<arg>${Video_Playback}</arg>
<arg>msg=Reason: Video playback no detected.</arg>
<doc>Fails if the given condition is not true.</doc>
<status status="PASS" starttime="20260804 00:20:46.813" endtime="20260804 00:20:46.813"/>
</kw>
<kw name="Record Audio" library="oreganlibs.VideoCapturer">
<var>${record_audio}</var>
<doc>Record an audio stream as output.wav</doc>
<msg timestamp="20260804 00:20:51.831" level="INFO">${record_audio} = None</msg>
<status status="PASS" starttime="20260804 00:20:46.813" endtime="20260804 00:20:51.831"/>
</kw>
<kw name="Audio Detection" library="oreganlibs.VideoCapturer">
<var>${Audio_Playback}</var>
<doc>Verifies if there is audio in the output.wav file.</doc>
<msg timestamp="20260804 00:20:52.143" level="INFO">${Audio_Playback} = True</msg>
<status status="PASS" starttime="20260804 00:20:51.831" endtime="20260804 00:20:52.143"/>
</kw>
<kw name="Should Be True" library="BuiltIn">
<arg>${Audio_Playback}</arg>
<arg>msg=Reason: Audio playback no detected.</arg>
<doc>Fails if the given condition is not true.</doc>
<status status="PASS" starttime="20260804 00:20:52.143" endtime="20260804 00:20:52.144"/>
</kw>
<status status="PASS" starttime="20260804 00:20:40.073" endtime="20260804 00:20:52.144"/>
</kw>
<kw name="Stop Test Execution" library="keywords-optik" type="TEARDOWN">
<kw name="Stop Recording" library="oreganlibs.VideoCapturer">
<doc>Stops the video and audio recording.</doc>
<status status="PASS" starttime="20260804 00:20:52.144" endtime="20260804 00:20:52.699"/>
</kw>
<status status="PASS" starttime="20260804 00:20:52.144" endtime="20260804 00:20:52.699"/>
</kw>
<doc>Verify AV background while Menu page is opened.</doc>
<tag>AV_Playback</tag>
<tag>Robot</tag>
<tag>TUT-188</tag>
<status status="PASS" starttime="20260804 00:20:03.820" endtime="20260804 00:20:52.699"/>
</test>
<test id="s1-t4" name="Verify Guide Opens &amp; Bkgn Video" line="54">
<kw name="Start Test Execution" library="keywords-optik" type="SETUP">
<kw name="Start Recording" library="oreganlibs.VideoCapturer">
<doc>Triggers the video and audio recording.</doc>
<status status="PASS" starttime="20260804 00:20:52.700" endtime="20260804 00:20:53.702"/>
</kw>
<status status="PASS" starttime="20260804 00:20:52.700" endtime="20260804 00:20:53.702"/>
</kw>
<kw name="Return To Live TV" library="keywords-optik">
<doc>Returns the STB to a known Live TV state before/after a test.</doc>
<kw name="Press Back" library="Ir">
<arg>${10}</arg>
<doc>Sends keyevent KEYCODE_BACK "n" number of times through IR.</doc>
<status status="PASS" starttime="20260804 00:20:53.702" endtime="20260804 00:20:59.108"/>
</kw>
<status status="PASS" starttime="20260804 00:20:53.702" endtime="20260804 00:20:59.108"/>
</kw>
<kw name="Press Vol Up" library="Ir">
<arg>${20}</arg>
<doc>Sends keyevent KEYCODE_VOLUME_UP "n" number of times through IR.</doc>
<status status="PASS" starttime="20260804 00:20:59.108" endtime="20260804 00:21:15.942"/>
</kw>
<kw name="Tune a Channel" library="keywords-optik">
<kw name="Send Ir New" library="Ir">
<arg>optik_ir_new</arg>
<arg>1</arg>
<status status="PASS" starttime="20260804 00:21:15.942" endtime="20260804 00:21:16.802"/>
</kw>
<kw name="Send Ir New" library="Ir">
<arg>optik_ir_new</arg>
<arg>0</arg>
<status status="PASS" starttime="20260804 00:21:16.802" endtime="20260804 00:21:17.330"/>
</kw>
<kw name="Send Ir New" library="Ir">
<arg>optik_ir_new</arg>
<arg>up</arg>
<status status="PASS" starttime="20260804 00:21:17.330" endtime="20260804 00:21:17.862"/>
</kw>
<kw name="Send Ir New" library="Ir">
<arg>optik_ir_new</arg>
<arg>0</arg>
<status status="PASS" starttime="20260804 00:21:17.862" endtime="20260804 00:21:18.393"/>
</kw>
<kw name="Send Ir New" library="Ir">
<arg>optik_ir_new</arg>
<arg>ok</arg>
<status status="PASS" starttime="20260804 00:21:18.393" endtime="20260804 00:21:18.923"/>
</kw>
<kw name="Sleep" library="BuiltIn">
<arg>3s</arg>
<doc>Pauses the test executed for the given time.</doc>
<msg timestamp="20260804 00:21:21.924" level="INFO">Slept 3 seconds</msg>
<status status="PASS" starttime="20260804 00:21:18.923" endtime="20260804 00:21:21.924"/>
</kw>
<kw name="Wait Text" library="oreganlibs.VideoCapturer">
<var>${ui_element}</var>
<arg>${40}</arg>
<arg>${610}</arg>
<arg>${120}</arg>
<arg>${660}</arg>
<arg>10</arg>
<arg>${5}</arg>
<doc>Waits for a given text until timout is meet.</doc>
<msg timestamp="20260804 00:21:28.029" level="INFO">Text found: 
Text found: 
Text found:</msg>
<msg timestamp="20260804 00:21:28.029" level="INFO">${ui_element} = False</msg>
<status status="PASS" starttime="20260804 00:21:21.924" endtime="20260804 00:21:28.029"/>
</kw>
<while condition="${ui_element} == ${False}" limit="5">
<iter>
<kw name="Sleep" library="BuiltIn">
<arg>1s</arg>
<doc>Pauses the test executed for the given time.</doc>
<msg timestamp="20260804 00:21:29.030" level="INFO">Slept 1 second</msg>
<status status="PASS" starttime="20260804 00:21:28.029" endtime="20260804 00:21:29.030"/>
</kw>
<kw name="Send Ir New" library="Ir">
<arg>optik_ir_new</arg>
<arg>1</arg>
<status status="PASS" starttime="20260804 00:21:29.030" endtime="20260804 00:21:29.605"/>
</kw>
<kw name="Send Ir New" library="Ir">
<arg>optik_ir_new</arg>
<arg>0</arg>
<status status="PASS" starttime="20260804 00:21:29.605" endtime="20260804 00:21:30.153"/>
</kw>
<kw name="Send Ir New" library="Ir">
<arg>optik_ir_new</arg>
<arg>up</arg>
<status status="PASS" starttime="20260804 00:21:30.153" endtime="20260804 00:21:30.682"/>
</kw>
<kw name="Send Ir New" library="Ir">
<arg>optik_ir_new</arg>
<arg>0</arg>
<status status="PASS" starttime="20260804 00:21:30.682" endtime="20260804 00:21:31.950"/>
</kw>
<kw name="Wait Text" library="oreganlibs.VideoCapturer">
<var>${ui_element}</var>
<arg>${40}</arg>
<arg>${610}</arg>
<arg>${120}</arg>
<arg>${660}</arg>
<arg>10</arg>
<arg>${5}</arg>
<doc>Waits for a given text until timout is meet.</doc>
<msg timestamp="20260804 00:21:33.470" level="INFO">Text found: 100</msg>
<msg timestamp="20260804 00:21:33.470" level="INFO">${ui_element} = True</msg>
<status status="PASS" starttime="20260804 00:21:31.950" endtime="20260804 00:21:33.470"/>
</kw>
<status status="PASS" starttime="20260804 00:21:28.029" endtime="20260804 00:21:33.470"/>
</iter>
<status status="PASS" starttime="20260804 00:21:28.029" endtime="20260804 00:21:33.470"/>
</while>
<kw name="Should Be True" library="BuiltIn">
<arg>${ui_element}</arg>
<arg>msg=Channel not tunned.</arg>
<doc>Fails if the given condition is not true.</doc>
<status status="PASS" starttime="20260804 00:21:33.470" endtime="20260804 00:21:33.471"/>
</kw>
<status status="PASS" starttime="20260804 00:21:15.942" endtime="20260804 00:21:33.471"/>
</kw>
<kw name="Sleep" library="BuiltIn">
<arg>5s</arg>
<doc>Pauses the test executed for the given time.</doc>
<msg timestamp="20260804 00:21:38.472" level="INFO">Slept 5 seconds</msg>
<status status="PASS" starttime="20260804 00:21:33.471" endtime="20260804 00:21:38.472"/>
</kw>
<kw name="Send Ir New" library="Ir">
<arg>optik_ir_new</arg>
<arg>guide</arg>
<status status="PASS" starttime="20260804 00:21:38.472" endtime="20260804 00:21:39.002"/>
</kw>
<kw name="Sleep" library="BuiltIn">
<arg>2s</arg>
<doc>Pauses the test executed for the given time.</doc>
<msg timestamp="20260804 00:21:41.003" level="INFO">Slept 2 seconds</msg>
<status status="PASS" starttime="20260804 00:21:39.002" endtime="20260804 00:21:41.003"/>
</kw>
<kw name="Verify Guide" library="keywords-optik">
<kw name="Wait Text" library="oreganlibs.VideoCapturer">
<var>${ui_element}</var>
<arg>${55}</arg>
<arg>${300}</arg>
<arg>${190}</arg>
<arg>${350}</arg>
<arg>Today</arg>
<arg>${3}</arg>
<doc>Waits for a given text until timout is meet.</doc>
<msg timestamp="20260804 00:21:42.522" level="INFO">Text found: Today</msg>
<msg timestamp="20260804 00:21:42.522" level="INFO">${ui_element} = True</msg>
<status status="PASS" starttime="20260804 00:21:41.003" endtime="20260804 00:21:42.522"/>
</kw>
<kw name="Should Be True" library="BuiltIn">
<arg>${ui_element}</arg>
<arg>msg=Reason: Guide is not open, string "Today" not detected</arg>
<doc>Fails if the given condition is not true.</doc>
<status status="PASS" starttime="20260804 00:21:42.523" endtime="20260804 00:21:42.523"/>
</kw>
<kw name="Text Available V1" library="oreganlibs.VideoCapturer">
<var>${ui_element}</var>
<arg>${280}</arg>
<arg>${90}</arg>
<arg>${1210}</arg>
<arg>${240}</arg>
<arg>${5}</arg>
<doc>Verifies if there are subtitles options on LiveTV UI.</doc>
<msg timestamp="20260804 00:21:43.919" level="INFO">Absolutely Canadian
[e
§2021 E20: In the Land of Dreamers - A horseback journey of beauty and culture!</msg>
<msg timestamp="20260804 00:21:43.919" level="INFO">${ui_element} = True</msg>
<status status="PASS" starttime="20260804 00:21:42.523" endtime="20260804 00:21:43.919"/>
</kw>
<kw name="Should Be True" library="BuiltIn">
<arg>${ui_element}</arg>
<arg>msg=Reason: Guide is not open description not detected</arg>
<doc>Fails if the given condition is not true.</doc>
<status status="PASS" starttime="20260804 00:21:43.919" endtime="20260804 00:21:43.919"/>
</kw>
<status status="PASS" starttime="20260804 00:21:41.003" endtime="20260804 00:21:43.920"/>
</kw>
<kw name="Verify AV Bkgd Guide" library="keywords-optik">
<kw name="Sleep" library="BuiltIn">
<arg>5s</arg>
<doc>Pauses the test executed for the given time.</doc>
<msg timestamp="20260804 00:21:48.921" level="INFO">Slept 5 seconds</msg>
<status status="PASS" starttime="20260804 00:21:43.920" endtime="20260804 00:21:48.921"/>
</kw>
<kw name="Stop Frames" library="oreganlibs.VideoCapturer">
<doc>Stops the video frames recording.</doc>
<status status="PASS" starttime="20260804 00:21:48.921" endtime="20260804 00:21:49.422"/>
</kw>
<kw name="Crop Picture And Apply Inverse Color" library="oreganlibs.VideoCapturer">
<arg>${0}</arg>
<arg>${0}</arg>
<arg>${1280}</arg>
<arg>${108}</arg>
<arg>./${project}/${test_plan}/temp/frame_sample1.png</arg>
<arg>./${project}/${test_plan}/temp/frame_snip1.png</arg>
<doc>Crops and inverse color for a picture with the given coordinates.</doc>
<status status="PASS" starttime="20260804 00:21:49.422" endtime="20260804 00:21:49.483"/>
</kw>
<kw name="Crop Picture And Apply Inverse Color" library="oreganlibs.VideoCapturer">
<arg>${0}</arg>
<arg>${0}</arg>
<arg>${1280}</arg>
<arg>${108}</arg>
<arg>./${project}/${test_plan}/temp/frame_sample2.png</arg>
<arg>./${project}/${test_plan}/temp/frame_snip2.png</arg>
<doc>Crops and inverse color for a picture with the given coordinates.</doc>
<status status="PASS" starttime="20260804 00:21:49.483" endtime="20260804 00:21:49.551"/>
</kw>
<kw name="Start Frames" library="oreganlibs.VideoCapturer">
<doc>Starts the video frames recording.</doc>
<status status="PASS" starttime="20260804 00:21:49.551" endtime="20260804 00:21:50.051"/>
</kw>
<kw name="Compare Pictures" library="oreganlibs.VideoCapturer">
<var>${video_playback}</var>
<arg>./${project}/${test_plan}/temp/frame_snip1.png</arg>
<arg>./${project}/${test_plan}/temp/frame_snip2.png</arg>
<arg>${100}</arg>
<doc>Compares two pictures by checking its hash values.</doc>
<msg timestamp="20260804 00:21:50.059" level="INFO">Similar in 84%</msg>
<msg timestamp="20260804 00:21:50.059" level="INFO">${video_playback} = False</msg>
<status status="PASS" starttime="20260804 00:21:50.051" endtime="20260804 00:21:50.059"/>
</kw>
<while condition="${video_playback} == ${True}" limit="6">
<iter>
<kw name="Sleep" library="BuiltIn">
<arg>5s</arg>
<doc>Pauses the test executed for the given time.</doc>
<status status="NOT RUN" starttime="20260804 00:21:50.060" endtime="20260804 00:21:50.060"/>
</kw>
<kw name="Stop Frames" library="oreganlibs.VideoCapturer">
<doc>Stops the video frames recording.</doc>
<status status="NOT RUN" starttime="20260804 00:21:50.060" endtime="20260804 00:21:50.060"/>
</kw>
<kw name="Crop Picture And Apply Inverse Color" library="oreganlibs.VideoCapturer">
<arg>${0}</arg>
<arg>${0}</arg>
<arg>${1280}</arg>
<arg>${108}</arg>
<arg>./${project}/${test_plan}/temp/frame_sample1.png</arg>
<arg>./${project}/${test_plan}/temp/frame_snip1.png</arg>
<doc>Crops and inverse color for a picture with the given coordinates.</doc>
<status status="NOT RUN" starttime="20260804 00:21:50.060" endtime="20260804 00:21:50.060"/>
</kw>
<kw name="Crop Picture And Apply Inverse Color" library="oreganlibs.VideoCapturer">
<arg>${0}</arg>
<arg>${0}</arg>
<arg>${1280}</arg>
<arg>${108}</arg>
<arg>./${project}/${test_plan}/temp/frame_sample2.png</arg>
<arg>./${project}/${test_plan}/temp/frame_snip2.png</arg>
<doc>Crops and inverse color for a picture with the given coordinates.</doc>
<status status="NOT RUN" starttime="20260804 00:21:50.060" endtime="20260804 00:21:50.060"/>
</kw>
<kw name="Start Frames" library="oreganlibs.VideoCapturer">
<doc>Starts the video frames recording.</doc>
<status status="NOT RUN" starttime="20260804 00:21:50.060" endtime="20260804 00:21:50.063"/>
</kw>
<kw name="Compare Pictures" library="oreganlibs.VideoCapturer">
<var>${video_playback}</var>
<arg>./${project}/${test_plan}/temp/frame_snip1.png</arg>
<arg>./${project}/${test_plan}/temp/frame_snip2.png</arg>
<arg>${100}</arg>
<doc>Compares two pictures by checking its hash values.</doc>
<status status="NOT RUN" starttime="20260804 00:21:50.063" endtime="20260804 00:21:50.063"/>
</kw>
<status status="NOT RUN" starttime="20260804 00:21:50.060" endtime="20260804 00:21:50.063"/>
</iter>
<status status="NOT RUN" starttime="20260804 00:21:50.059" endtime="20260804 00:21:50.063"/>
</while>
<kw name="Should Not Be True" library="BuiltIn">
<arg>${video_playback}</arg>
<arg>msg=Reason: Video playback no detected in Guide.</arg>
<doc>Fails if the given condition is true.</doc>
<status status="PASS" starttime="20260804 00:21:50.063" endtime="20260804 00:21:50.064"/>
</kw>
<kw name="Record Audio" library="oreganlibs.VideoCapturer">
<var>${record_audio}</var>
<doc>Record an audio stream as output.wav</doc>
<msg timestamp="20260804 00:21:55.076" level="INFO">${record_audio} = None</msg>
<status status="PASS" starttime="20260804 00:21:50.064" endtime="20260804 00:21:55.076"/>
</kw>
<kw name="Audio Detection" library="oreganlibs.VideoCapturer">
<var>${Audio_Playback}</var>
<doc>Verifies if there is audio in the output.wav file.</doc>
<msg timestamp="20260804 00:21:55.382" level="INFO">${Audio_Playback} = True</msg>
<status status="PASS" starttime="20260804 00:21:55.076" endtime="20260804 00:21:55.382"/>
</kw>
<while condition="${Audio_Playback} == ${False}" limit="6">
<iter>
<kw name="Sleep" library="BuiltIn">
<arg>5s</arg>
<doc>Pauses the test executed for the given time.</doc>
<status status="NOT RUN" starttime="20260804 00:21:55.382" endtime="20260804 00:21:55.382"/>
</kw>
<kw name="Record Audio" library="oreganlibs.VideoCapturer">
<var>${record_audio}</var>
<doc>Record an audio stream as output.wav</doc>
<status status="NOT RUN" starttime="20260804 00:21:55.382" endtime="20260804 00:21:55.382"/>
</kw>
<kw name="Audio Detection" library="oreganlibs.VideoCapturer">
<var>${Audio_Playback}</var>
<doc>Verifies if there is audio in the output.wav file.</doc>
<status status="NOT RUN" starttime="20260804 00:21:55.383" endtime="20260804 00:21:55.383"/>
</kw>
<status status="NOT RUN" starttime="20260804 00:21:55.382" endtime="20260804 00:21:55.383"/>
</iter>
<status status="NOT RUN" starttime="20260804 00:21:55.382" endtime="20260804 00:21:55.383"/>
</while>
<kw name="Should Be True" library="BuiltIn">
<arg>${Audio_Playback}</arg>
<arg>msg=Reason: Video playback no detected.</arg>
<doc>Fails if the given condition is not true.</doc>
<status status="PASS" starttime="20260804 00:21:55.383" endtime="20260804 00:21:55.383"/>
</kw>
<while condition="${Audio_Playback} == ${False}" limit="6">
<iter>
<kw name="Sleep" library="BuiltIn">
<arg>5s</arg>
<doc>Pauses the test executed for the given time.</doc>
<status status="NOT RUN" starttime="20260804 00:21:55.383" endtime="20260804 00:21:55.383"/>
</kw>
<kw name="Record Audio" library="oreganlibs.VideoCapturer">
<var>${record_audio}</var>
<doc>Record an audio stream as output.wav</doc>
<status status="NOT RUN" starttime="20260804 00:21:55.383" endtime="20260804 00:21:55.384"/>
</kw>
<kw name="Audio Detection" library="oreganlibs.VideoCapturer">
<var>${Audio_Playback}</var>
<doc>Verifies if there is audio in the output.wav file.</doc>
<status status="NOT RUN" starttime="20260804 00:21:55.384" endtime="20260804 00:21:55.384"/>
</kw>
<status status="NOT RUN" starttime="20260804 00:21:55.383" endtime="20260804 00:21:55.384"/>
</iter>
<status status="NOT RUN" starttime="20260804 00:21:55.383" endtime="20260804 00:21:55.384"/>
</while>
<kw name="Should Be True" library="BuiltIn">
<arg>${Audio_Playback}</arg>
<arg>msg=Reason: Video playback no detected.</arg>
<doc>Fails if the given condition is not true.</doc>
<status status="PASS" starttime="20260804 00:21:55.384" endtime="20260804 00:21:55.384"/>
</kw>
<status status="PASS" starttime="20260804 00:21:43.920" endtime="20260804 00:21:55.384"/>
</kw>
<kw name="Stop Test Execution" library="keywords-optik" type="TEARDOWN">
<kw name="Stop Recording" library="oreganlibs.VideoCapturer">
<doc>Stops the video and audio recording.</doc>
<status status="PASS" starttime="20260804 00:21:55.384" endtime="20260804 00:21:55.932"/>
</kw>
<status status="PASS" starttime="20260804 00:21:55.384" endtime="20260804 00:21:55.932"/>
</kw>
<doc>Guide should open correctly after pressing "Guide" key on RCU.</doc>
<tag>Guide</tag>
<tag>Robot</tag>
<tag>TUT-226</tag>
<status status="PASS" starttime="20260804 00:20:52.699" endtime="20260804 00:21:55.932"/>
</test>
<test id="s1-t5" name="Verify Guide Opens from Menu &amp; Bkgn Video" line="65">
<kw name="Start Test Execution" library="keywords-optik" type="SETUP">
<kw name="Start Recording" library="oreganlibs.VideoCapturer">
<doc>Triggers the video and audio recording.</doc>
<status status="PASS" starttime="20260804 00:21:55.933" endtime="20260804 00:21:56.935"/>
</kw>
<status status="PASS" starttime="20260804 00:21:55.933" endtime="20260804 00:21:56.935"/>
</kw>
<kw name="Sleep" library="BuiltIn">
<arg>3s</arg>
<doc>Pauses the test executed for the given time.</doc>
<msg timestamp="20260804 00:21:59.935" level="INFO">Slept 3 seconds</msg>
<status status="PASS" starttime="20260804 00:21:56.935" endtime="20260804 00:21:59.935"/>
</kw>
<kw name="Return To Live TV" library="keywords-optik">
<doc>Returns the STB to a known Live TV state before/after a test.</doc>
<kw name="Press Back" library="Ir">
<arg>${10}</arg>
<doc>Sends keyevent KEYCODE_BACK "n" number of times through IR.</doc>
<status status="PASS" starttime="20260804 00:21:59.935" endtime="20260804 00:22:05.333"/>
</kw>
<status status="PASS" starttime="20260804 00:21:59.935" endtime="20260804 00:22:05.333"/>
</kw>
<kw name="Press Vol Up" library="Ir">
<arg>${20}</arg>
<doc>Sends keyevent KEYCODE_VOLUME_UP "n" number of times through IR.</doc>
<status status="PASS" starttime="20260804 00:22:05.333" endtime="20260804 00:22:22.170"/>
</kw>
<kw name="Tune a Channel" library="keywords-optik">
<kw name="Send Ir New" library="Ir">
<arg>optik_ir_new</arg>
<arg>1</arg>
<status status="PASS" starttime="20260804 00:22:22.170" endtime="20260804 00:22:23.027"/>
</kw>
<kw name="Send Ir New" library="Ir">
<arg>optik_ir_new</arg>
<arg>0</arg>
<status status="PASS" starttime="20260804 00:22:23.027" endtime="20260804 00:22:23.555"/>
</kw>
<kw name="Send Ir New" library="Ir">
<arg>optik_ir_new</arg>
<arg>up</arg>
<status status="PASS" starttime="20260804 00:22:23.555" endtime="20260804 00:22:24.084"/>
</kw>
<kw name="Send Ir New" library="Ir">
<arg>optik_ir_new</arg>
<arg>0</arg>
<status status="PASS" starttime="20260804 00:22:24.084" endtime="20260804 00:22:24.612"/>
</kw>
<kw name="Send Ir New" library="Ir">
<arg>optik_ir_new</arg>
<arg>ok</arg>
<status status="PASS" starttime="20260804 00:22:24.612" endtime="20260804 00:22:25.140"/>
</kw>
<kw name="Sleep" library="BuiltIn">
<arg>3s</arg>
<doc>Pauses the test executed for the given time.</doc>
<msg timestamp="20260804 00:22:28.141" level="INFO">Slept 3 seconds</msg>
<status status="PASS" starttime="20260804 00:22:25.140" endtime="20260804 00:22:28.141"/>
</kw>
<kw name="Wait Text" library="oreganlibs.VideoCapturer">
<var>${ui_element}</var>
<arg>${40}</arg>
<arg>${610}</arg>
<arg>${120}</arg>
<arg>${660}</arg>
<arg>10</arg>
<arg>${5}</arg>
<doc>Waits for a given text until timout is meet.</doc>
<msg timestamp="20260804 00:22:34.275" level="INFO">Text found: 
Text found: 
Text found:</msg>
<msg timestamp="20260804 00:22:34.275" level="INFO">${ui_element} = False</msg>
<status status="PASS" starttime="20260804 00:22:28.141" endtime="20260804 00:22:34.276"/>
</kw>
<while condition="${ui_element} == ${False}" limit="5">
<iter>
<kw name="Sleep" library="BuiltIn">
<arg>1s</arg>
<doc>Pauses the test executed for the given time.</doc>
<msg timestamp="20260804 00:22:35.277" level="INFO">Slept 1 second</msg>
<status status="PASS" starttime="20260804 00:22:34.276" endtime="20260804 00:22:35.277"/>
</kw>
<kw name="Send Ir New" library="Ir">
<arg>optik_ir_new</arg>
<arg>1</arg>
<status status="PASS" starttime="20260804 00:22:35.277" endtime="20260804 00:22:35.807"/>
</kw>
<kw name="Send Ir New" library="Ir">
<arg>optik_ir_new</arg>
<arg>0</arg>
<status status="PASS" starttime="20260804 00:22:35.807" endtime="20260804 00:22:36.336"/>
</kw>
<kw name="Send Ir New" library="Ir">
<arg>optik_ir_new</arg>
<arg>up</arg>
<status status="PASS" starttime="20260804 00:22:36.336" endtime="20260804 00:22:36.865"/>
</kw>
<kw name="Send Ir New" library="Ir">
<arg>optik_ir_new</arg>
<arg>0</arg>
<status status="PASS" starttime="20260804 00:22:36.865" endtime="20260804 00:22:37.394"/>
</kw>
<kw name="Wait Text" library="oreganlibs.VideoCapturer">
<var>${ui_element}</var>
<arg>${40}</arg>
<arg>${610}</arg>
<arg>${120}</arg>
<arg>${660}</arg>
<arg>10</arg>
<arg>${5}</arg>
<doc>Waits for a given text until timout is meet.</doc>
<msg timestamp="20260804 00:22:38.908" level="INFO">Text found: 100</msg>
<msg timestamp="20260804 00:22:38.908" level="INFO">${ui_element} = True</msg>
<status status="PASS" starttime="20260804 00:22:37.394" endtime="20260804 00:22:38.908"/>
</kw>
<status status="PASS" starttime="20260804 00:22:34.276" endtime="20260804 00:22:38.908"/>
</iter>
<status status="PASS" starttime="20260804 00:22:34.276" endtime="20260804 00:22:38.908"/>
</while>
<kw name="Should Be True" library="BuiltIn">
<arg>${ui_element}</arg>
<arg>msg=Channel not tunned.</arg>
<doc>Fails if the given condition is not true.</doc>
<status status="PASS" starttime="20260804 00:22:38.908" endtime="20260804 00:22:38.909"/>
</kw>
<status status="PASS" starttime="20260804 00:22:22.170" endtime="20260804 00:22:38.909"/>
</kw>
<kw name="Sleep" library="BuiltIn">
<arg>5s</arg>
<doc>Pauses the test executed for the given time.</doc>
<msg timestamp="20260804 00:22:43.909" level="INFO">Slept 5 seconds</msg>
<status status="PASS" starttime="20260804 00:22:38.909" endtime="20260804 00:22:43.909"/>
</kw>
<kw name="Verify Menu is shown" library="keywords-optik">
<kw name="Send Ir New" library="Ir">
<arg>optik_ir_new</arg>
<arg>menu</arg>
<status status="PASS" starttime="20260804 00:22:43.909" endtime="20260804 00:22:44.442"/>
</kw>
<kw name="Send Ir New" library="Ir">
<arg>optik_ir_new</arg>
<arg>up</arg>
<status status="PASS" starttime="20260804 00:22:44.442" endtime="20260804 00:22:44.969"/>
</kw>
<kw name="Wait Text" library="oreganlibs.VideoCapturer">
<var>${ui_element}</var>
<arg>${57}</arg>
<arg>${67}</arg>
<arg>${157}</arg>
<arg>${120}</arg>
<arg>Opt</arg>
<arg>${3}</arg>
<doc>Waits for a given text until timout is meet.</doc>
<msg timestamp="20260804 00:22:46.478" level="INFO">Text found: Optik</msg>
<msg timestamp="20260804 00:22:46.478" level="INFO">${ui_element} = True</msg>
<status status="PASS" starttime="20260804 00:22:44.969" endtime="20260804 00:22:46.478"/>
</kw>
<while condition="${ui_element} == ${False}" limit="3">
<iter>
<kw name="Send Ir New" library="Ir">
<arg>optik_ir_new</arg>
<arg>menu</arg>
<status status="NOT RUN" starttime="20260804 00:22:46.479" endtime="20260804 00:22:46.479"/>
</kw>
<kw name="Send Ir New" library="Ir">
<arg>optik_ir_new</arg>
<arg>up</arg>
<status status="NOT RUN" starttime="20260804 00:22:46.479" endtime="20260804 00:22:46.479"/>
</kw>
<kw name="Wait Text" library="oreganlibs.VideoCapturer">
<var>${ui_element}</var>
<arg>${57}</arg>
<arg>${67}</arg>
<arg>${157}</arg>
<arg>${120}</arg>
<arg>Opt</arg>
<arg>${3}</arg>
<doc>Waits for a given text until timout is meet.</doc>
<status status="NOT RUN" starttime="20260804 00:22:46.479" endtime="20260804 00:22:46.479"/>
</kw>
<status status="NOT RUN" starttime="20260804 00:22:46.478" endtime="20260804 00:22:46.479"/>
</iter>
<status status="NOT RUN" starttime="20260804 00:22:46.478" endtime="20260804 00:22:46.479"/>
</while>
<kw name="Should Be True" library="BuiltIn">
<arg>${ui_element}</arg>
<arg>msg=Reason: Menu is not shown</arg>
<doc>Fails if the given condition is not true.</doc>
<status status="PASS" starttime="20260804 00:22:46.479" endtime="20260804 00:22:46.479"/>
</kw>
<status status="PASS" starttime="20260804 00:22:43.909" endtime="20260804 00:22:46.479"/>
</kw>
<kw name="Move until Guide is Selected" library="keywords-optik">
<for flavor="IN RANGE">
<var>${i}</var>
<value>3</value>
<iter>
<var name="${i}">0</var>
<kw name="Send Ir New" library="Ir">
<arg>optik_ir_new</arg>
<arg>up</arg>
<status status="PASS" starttime="20260804 00:22:46.480" endtime="20260804 00:22:47.009"/>
</kw>
<status status="PASS" starttime="20260804 00:22:46.480" endtime="20260804 00:22:47.009"/>
</iter>
<iter>
<var name="${i}">1</var>
<kw name="Send Ir New" library="Ir">
<arg>optik_ir_new</arg>
<arg>up</arg>
<status status="PASS" starttime="20260804 00:22:47.009" endtime="20260804 00:22:47.537"/>
</kw>
<status status="PASS" starttime="20260804 00:22:47.009" endtime="20260804 00:22:47.537"/>
</iter>
<iter>
<var name="${i}">2</var>
<kw name="Send Ir New" library="Ir">
<arg>optik_ir_new</arg>
<arg>up</arg>
<status status="PASS" starttime="20260804 00:22:47.537" endtime="20260804 00:22:48.066"/>
</kw>
<status status="PASS" starttime="20260804 00:22:47.537" endtime="20260804 00:22:48.066"/>
</iter>
<status status="PASS" starttime="20260804 00:22:46.480" endtime="20260804 00:22:48.066"/>
</for>
<kw name="Wait Pixel V3" library="oreganlibs.VideoCapturer">
<var>${ui_element}</var>
<arg>${200}</arg>
<arg>${306}</arg>
<arg>${550}</arg>
<arg>${3}</arg>
<doc>Waits until a defined pixel gets the given RGB values within a timeout.</doc>
<msg timestamp="20260804 00:22:52.022" level="INFO">78
78
78</msg>
<msg timestamp="20260804 00:22:52.022" level="INFO">${ui_element} = False</msg>
<status status="PASS" starttime="20260804 00:22:48.066" endtime="20260804 00:22:52.022"/>
</kw>
<while condition="${ui_element} == ${False}" limit="5">
<iter>
<kw name="Sleep" library="BuiltIn">
<arg>1s</arg>
<doc>Pauses the test executed for the given time.</doc>
<msg timestamp="20260804 00:22:53.023" level="INFO">Slept 1 second</msg>
<status status="PASS" starttime="20260804 00:22:52.022" endtime="20260804 00:22:53.023"/>
</kw>
<kw name="Send Ir New" library="Ir">
<arg>optik_ir_new</arg>
<arg>down</arg>
<status status="PASS" starttime="20260804 00:22:53.023" endtime="20260804 00:22:53.558"/>
</kw>
<kw name="Sleep" library="BuiltIn">
<arg>1s</arg>
<doc>Pauses the test executed for the given time.</doc>
<msg timestamp="20260804 00:22:54.558" level="INFO">Slept 1 second</msg>
<status status="PASS" starttime="20260804 00:22:53.558" endtime="20260804 00:22:54.558"/>
</kw>
<kw name="Wait Pixel V3" library="oreganlibs.VideoCapturer">
<var>${ui_element}</var>
<arg>${200}</arg>
<arg>${306}</arg>
<arg>${550}</arg>
<arg>${3}</arg>
<doc>Waits until a defined pixel gets the given RGB values within a timeout.</doc>
<msg timestamp="20260804 00:22:58.516" level="INFO">78
78
78</msg>
<msg timestamp="20260804 00:22:58.516" level="INFO">${ui_element} = False</msg>
<status status="PASS" starttime="20260804 00:22:54.558" endtime="20260804 00:22:58.516"/>
</kw>
<status status="PASS" starttime="20260804 00:22:52.022" endtime="20260804 00:22:58.516"/>
</iter>
<iter>
<kw name="Sleep" library="BuiltIn">
<arg>1s</arg>
<doc>Pauses the test executed for the given time.</doc>
<msg timestamp="20260804 00:22:59.518" level="INFO">Slept 1 second</msg>
<status status="PASS" starttime="20260804 00:22:58.517" endtime="20260804 00:22:59.518"/>
</kw>
<kw name="Send Ir New" library="Ir">
<arg>optik_ir_new</arg>
<arg>down</arg>
<status status="PASS" starttime="20260804 00:22:59.518" endtime="20260804 00:23:00.050"/>
</kw>
<kw name="Sleep" library="BuiltIn">
<arg>1s</arg>
<doc>Pauses the test executed for the given time.</doc>
<msg timestamp="20260804 00:23:01.050" level="INFO">Slept 1 second</msg>
<status status="PASS" starttime="20260804 00:23:00.050" endtime="20260804 00:23:01.050"/>
</kw>
<kw name="Wait Pixel V3" library="oreganlibs.VideoCapturer">
<var>${ui_element}</var>
<arg>${200}</arg>
<arg>${306}</arg>
<arg>${550}</arg>
<arg>${3}</arg>
<doc>Waits until a defined pixel gets the given RGB values within a timeout.</doc>
<msg timestamp="20260804 00:23:02.372" level="INFO">623</msg>
<msg timestamp="20260804 00:23:02.372" level="INFO">${ui_element} = True</msg>
<status status="PASS" starttime="20260804 00:23:01.050" endtime="20260804 00:23:02.372"/>
</kw>
<status status="PASS" starttime="20260804 00:22:58.517" endtime="20260804 00:23:02.372"/>
</iter>
<status status="PASS" starttime="20260804 00:22:52.022" endtime="20260804 00:23:02.372"/>
</while>
<status status="PASS" starttime="20260804 00:22:46.479" endtime="20260804 00:23:02.372"/>
</kw>
<kw name="Send Ir New" library="Ir">
<arg>optik_ir_new</arg>
<arg>ok</arg>
<status status="PASS" starttime="20260804 00:23:02.372" endtime="20260804 00:23:02.901"/>
</kw>
<kw name="Sleep" library="BuiltIn">
<arg>1s</arg>
<doc>Pauses the test executed for the given time.</doc>
<msg timestamp="20260804 00:23:03.902" level="INFO">Slept 1 second</msg>
<status status="PASS" starttime="20260804 00:23:02.901" endtime="20260804 00:23:03.902"/>
</kw>
<kw name="Verify Guide" library="keywords-optik">
<kw name="Wait Text" library="oreganlibs.VideoCapturer">
<var>${ui_element}</var>
<arg>${55}</arg>
<arg>${300}</arg>
<arg>${190}</arg>
<arg>${350}</arg>
<arg>Today</arg>
<arg>${3}</arg>
<doc>Waits for a given text until timout is meet.</doc>
<msg timestamp="20260804 00:23:05.421" level="INFO">Text found: Today</msg>
<msg timestamp="20260804 00:23:05.421" level="INFO">${ui_element} = True</msg>
<status status="PASS" starttime="20260804 00:23:03.902" endtime="20260804 00:23:05.421"/>
</kw>
<kw name="Should Be True" library="BuiltIn">
<arg>${ui_element}</arg>
<arg>msg=Reason: Guide is not open, string "Today" not detected</arg>
<doc>Fails if the given condition is not true.</doc>
<status status="PASS" starttime="20260804 00:23:05.421" endtime="20260804 00:23:05.422"/>
</kw>
<kw name="Text Available V1" library="oreganlibs.VideoCapturer">
<var>${ui_element}</var>
<arg>${280}</arg>
<arg>${90}</arg>
<arg>${1210}</arg>
<arg>${240}</arg>
<arg>${5}</arg>
<doc>Verifies if there are subtitles options on LiveTV UI.</doc>
<msg timestamp="20260804 00:23:06.801" level="INFO">Absolutely Canadian
[e
§2021 E20: In the Land of Dreamers - A hiorsebacs jo.irney of beatliy ane clue</msg>
<msg timestamp="20260804 00:23:06.801" level="INFO">${ui_element} = True</msg>
<status status="PASS" starttime="20260804 00:23:05.422" endtime="20260804 00:23:06.801"/>
</kw>
<kw name="Should Be True" library="BuiltIn">
<arg>${ui_element}</arg>
<arg>msg=Reason: Guide is not open description not detected</arg>
<doc>Fails if the given condition is not true.</doc>
<status status="PASS" starttime="20260804 00:23:06.801" endtime="20260804 00:23:06.801"/>
</kw>
<status status="PASS" starttime="20260804 00:23:03.902" endtime="20260804 00:23:06.801"/>
</kw>
<kw name="Verify AV Bkgd Guide" library="keywords-optik">
<kw name="Sleep" library="BuiltIn">
<arg>5s</arg>
<doc>Pauses the test executed for the given time.</doc>
<msg timestamp="20260804 00:23:11.802" level="INFO">Slept 5 seconds</msg>
<status status="PASS" starttime="20260804 00:23:06.802" endtime="20260804 00:23:11.802"/>
</kw>
<kw name="Stop Frames" library="oreganlibs.VideoCapturer">
<doc>Stops the video frames recording.</doc>
<status status="PASS" starttime="20260804 00:23:11.802" endtime="20260804 00:23:12.303"/>
</kw>
<kw name="Crop Picture And Apply Inverse Color" library="oreganlibs.VideoCapturer">
<arg>${0}</arg>
<arg>${0}</arg>
<arg>${1280}</arg>
<arg>${108}</arg>
<arg>./${project}/${test_plan}/temp/frame_sample1.png</arg>
<arg>./${project}/${test_plan}/temp/frame_snip1.png</arg>
<doc>Crops and inverse color for a picture with the given coordinates.</doc>
<status status="PASS" starttime="20260804 00:23:12.303" endtime="20260804 00:23:12.368"/>
</kw>
<kw name="Crop Picture And Apply Inverse Color" library="oreganlibs.VideoCapturer">
<arg>${0}</arg>
<arg>${0}</arg>
<arg>${1280}</arg>
<arg>${108}</arg>
<arg>./${project}/${test_plan}/temp/frame_sample2.png</arg>
<arg>./${project}/${test_plan}/temp/frame_snip2.png</arg>
<doc>Crops and inverse color for a picture with the given coordinates.</doc>
<status status="PASS" starttime="20260804 00:23:12.369" endtime="20260804 00:23:12.433"/>
</kw>
<kw name="Start Frames" library="oreganlibs.VideoCapturer">
<doc>Starts the video frames recording.</doc>
<status status="PASS" starttime="20260804 00:23:12.434" endtime="20260804 00:23:12.934"/>
</kw>
<kw name="Compare Pictures" library="oreganlibs.VideoCapturer">
<var>${video_playback}</var>
<arg>./${project}/${test_plan}/temp/frame_snip1.png</arg>
<arg>./${project}/${test_plan}/temp/frame_snip2.png</arg>
<arg>${100}</arg>
<doc>Compares two pictures by checking its hash values.</doc>
<msg timestamp="20260804 00:23:12.942" level="INFO">Similar in 89%</msg>
<msg timestamp="20260804 00:23:12.942" level="INFO">${video_playback} = False</msg>
<status status="PASS" starttime="20260804 00:23:12.934" endtime="20260804 00:23:12.942"/>
</kw>
<while condition="${video_playback} == ${True}" limit="6">
<iter>
<kw name="Sleep" library="BuiltIn">
<arg>5s</arg>
<doc>Pauses the test executed for the given time.</doc>
<status status="NOT RUN" starttime="20260804 00:23:12.942" endtime="20260804 00:23:12.942"/>
</kw>
<kw name="Stop Frames" library="oreganlibs.VideoCapturer">
<doc>Stops the video frames recording.</doc>
<status status="NOT RUN" starttime="20260804 00:23:12.942" endtime="20260804 00:23:12.942"/>
</kw>
<kw name="Crop Picture And Apply Inverse Color" library="oreganlibs.VideoCapturer">
<arg>${0}</arg>
<arg>${0}</arg>
<arg>${1280}</arg>
<arg>${108}</arg>
<arg>./${project}/${test_plan}/temp/frame_sample1.png</arg>
<arg>./${project}/${test_plan}/temp/frame_snip1.png</arg>
<doc>Crops and inverse color for a picture with the given coordinates.</doc>
<status status="NOT RUN" starttime="20260804 00:23:12.942" endtime="20260804 00:23:12.942"/>
</kw>
<kw name="Crop Picture And Apply Inverse Color" library="oreganlibs.VideoCapturer">
<arg>${0}</arg>
<arg>${0}</arg>
<arg>${1280}</arg>
<arg>${108}</arg>
<arg>./${project}/${test_plan}/temp/frame_sample2.png</arg>
<arg>./${project}/${test_plan}/temp/frame_snip2.png</arg>
<doc>Crops and inverse color for a picture with the given coordinates.</doc>
<status status="NOT RUN" starttime="20260804 00:23:12.942" endtime="20260804 00:23:12.942"/>
</kw>
<kw name="Start Frames" library="oreganlibs.VideoCapturer">
<doc>Starts the video frames recording.</doc>
<status status="NOT RUN" starttime="20260804 00:23:12.943" endtime="20260804 00:23:12.943"/>
</kw>
<kw name="Compare Pictures" library="oreganlibs.VideoCapturer">
<var>${video_playback}</var>
<arg>./${project}/${test_plan}/temp/frame_snip1.png</arg>
<arg>./${project}/${test_plan}/temp/frame_snip2.png</arg>
<arg>${100}</arg>
<doc>Compares two pictures by checking its hash values.</doc>
<status status="NOT RUN" starttime="20260804 00:23:12.943" endtime="20260804 00:23:12.943"/>
</kw>
<status status="NOT RUN" starttime="20260804 00:23:12.942" endtime="20260804 00:23:12.943"/>
</iter>
<status status="NOT RUN" starttime="20260804 00:23:12.942" endtime="20260804 00:23:12.943"/>
</while>
<kw name="Should Not Be True" library="BuiltIn">
<arg>${video_playback}</arg>
<arg>msg=Reason: Video playback no detected in Guide.</arg>
<doc>Fails if the given condition is true.</doc>
<status status="PASS" starttime="20260804 00:23:12.943" endtime="20260804 00:23:12.943"/>
</kw>
<kw name="Record Audio" library="oreganlibs.VideoCapturer">
<var>${record_audio}</var>
<doc>Record an audio stream as output.wav</doc>
<msg timestamp="20260804 00:23:17.957" level="INFO">${record_audio} = None</msg>
<status status="PASS" starttime="20260804 00:23:12.943" endtime="20260804 00:23:17.957"/>
</kw>
<kw name="Audio Detection" library="oreganlibs.VideoCapturer">
<var>${Audio_Playback}</var>
<doc>Verifies if there is audio in the output.wav file.</doc>
<msg timestamp="20260804 00:23:18.260" level="INFO">${Audio_Playback} = True</msg>
<status status="PASS" starttime="20260804 00:23:17.957" endtime="20260804 00:23:18.260"/>
</kw>
<while condition="${Audio_Playback} == ${False}" limit="6">
<iter>
<kw name="Sleep" library="BuiltIn">
<arg>5s</arg>
<doc>Pauses the test executed for the given time.</doc>
<status status="NOT RUN" starttime="20260804 00:23:18.261" endtime="20260804 00:23:18.261"/>
</kw>
<kw name="Record Audio" library="oreganlibs.VideoCapturer">
<var>${record_audio}</var>
<doc>Record an audio stream as output.wav</doc>
<status status="NOT RUN" starttime="20260804 00:23:18.261" endtime="20260804 00:23:18.261"/>
</kw>
<kw name="Audio Detection" library="oreganlibs.VideoCapturer">
<var>${Audio_Playback}</var>
<doc>Verifies if there is audio in the output.wav file.</doc>
<status status="NOT RUN" starttime="20260804 00:23:18.261" endtime="20260804 00:23:18.261"/>
</kw>
<status status="NOT RUN" starttime="20260804 00:23:18.260" endtime="20260804 00:23:18.261"/>
</iter>
<status status="NOT RUN" starttime="20260804 00:23:18.260" endtime="20260804 00:23:18.261"/>
</while>
<kw name="Should Be True" library="BuiltIn">
<arg>${Audio_Playback}</arg>
<arg>msg=Reason: Video playback no detected.</arg>
<doc>Fails if the given condition is not true.</doc>
<status status="PASS" starttime="20260804 00:23:18.261" endtime="20260804 00:23:18.261"/>
</kw>
<while condition="${Audio_Playback} == ${False}" limit="6">
<iter>
<kw name="Sleep" library="BuiltIn">
<arg>5s</arg>
<doc>Pauses the test executed for the given time.</doc>
<status status="NOT RUN" starttime="20260804 00:23:18.261" endtime="20260804 00:23:18.262"/>
</kw>
<kw name="Record Audio" library="oreganlibs.VideoCapturer">
<var>${record_audio}</var>
<doc>Record an audio stream as output.wav</doc>
<status status="NOT RUN" starttime="20260804 00:23:18.262" endtime="20260804 00:23:18.262"/>
</kw>
<kw name="Audio Detection" library="oreganlibs.VideoCapturer">
<var>${Audio_Playback}</var>
<doc>Verifies if there is audio in the output.wav file.</doc>
<status status="NOT RUN" starttime="20260804 00:23:18.262" endtime="20260804 00:23:18.262"/>
</kw>
<status status="NOT RUN" starttime="20260804 00:23:18.261" endtime="20260804 00:23:18.262"/>
</iter>
<status status="NOT RUN" starttime="20260804 00:23:18.261" endtime="20260804 00:23:18.262"/>
</while>
<kw name="Should Be True" library="BuiltIn">
<arg>${Audio_Playback}</arg>
<arg>msg=Reason: Video playback no detected.</arg>
<doc>Fails if the given condition is not true.</doc>
<status status="PASS" starttime="20260804 00:23:18.262" endtime="20260804 00:23:18.262"/>
</kw>
<status status="PASS" starttime="20260804 00:23:06.802" endtime="20260804 00:23:18.263"/>
</kw>
<kw name="Stop Test Execution" library="keywords-optik" type="TEARDOWN">
<kw name="Stop Recording" library="oreganlibs.VideoCapturer">
<doc>Stops the video and audio recording.</doc>
<status status="PASS" starttime="20260804 00:23:18.263" endtime="20260804 00:23:18.822"/>
</kw>
<status status="PASS" starttime="20260804 00:23:18.263" endtime="20260804 00:23:18.822"/>
</kw>
<doc>Guide should open correctly from Menu.</doc>
<tag>Guide</tag>
<tag>Robot</tag>
<tag>TUT-227</tag>
<status status="PASS" starttime="20260804 00:21:55.932" endtime="20260804 00:23:18.822"/>
</test>
<test id="s1-t6" name="Verify Settings Opens from Menu" line="116">
<kw name="Start Test Execution" library="keywords-optik" type="SETUP">
<kw name="Start Recording" library="oreganlibs.VideoCapturer">
<doc>Triggers the video and audio recording.</doc>
<status status="PASS" starttime="20260804 00:23:18.823" endtime="20260804 00:23:19.825"/>
</kw>
<status status="PASS" starttime="20260804 00:23:18.823" endtime="20260804 00:23:19.825"/>
</kw>
<kw name="Return To Live TV" library="keywords-optik">
<doc>Returns the STB to a known Live TV state before/after a test.</doc>
<kw name="Press Back" library="Ir">
<arg>${10}</arg>
<doc>Sends keyevent KEYCODE_BACK "n" number of times through IR.</doc>
<status status="PASS" starttime="20260804 00:23:19.825" endtime="20260804 00:23:25.215"/>
</kw>
<status status="PASS" starttime="20260804 00:23:19.825" endtime="20260804 00:23:25.215"/>
</kw>
<kw name="Verify No Menu is shown" library="keywords-optik">
<kw name="Send Ir New" library="Ir">
<arg>optik_ir_new</arg>
<arg>menu</arg>
<status status="PASS" starttime="20260804 00:23:25.215" endtime="20260804 00:23:25.745"/>
</kw>
<kw name="Send Ir New" library="Ir">
<arg>optik_ir_new</arg>
<arg>up</arg>
<status status="PASS" starttime="20260804 00:23:25.745" endtime="20260804 00:23:26.275"/>
</kw>
<kw name="Wait Text" library="oreganlibs.VideoCapturer">
<var>${ui_element}</var>
<arg>${57}</arg>
<arg>${67}</arg>
<arg>${157}</arg>
<arg>${120}</arg>
<arg>Opt</arg>
<arg>${3}</arg>
<doc>Waits for a given text until timout is meet.</doc>
<msg timestamp="20260804 00:23:27.787" level="INFO">Text found: Optik</msg>
<msg timestamp="20260804 00:23:27.787" level="INFO">${ui_element} = True</msg>
<status status="PASS" starttime="20260804 00:23:26.275" endtime="20260804 00:23:27.787"/>
</kw>
<while condition="${ui_element} == ${True}" limit="3">
<iter>
<kw name="Send Ir New" library="Ir">
<arg>optik_ir_new</arg>
<arg>menu</arg>
<status status="PASS" starttime="20260804 00:23:27.788" endtime="20260804 00:23:28.318"/>
</kw>
<kw name="Send Ir New" library="Ir">
<arg>optik_ir_new</arg>
<arg>up</arg>
<status status="PASS" starttime="20260804 00:23:28.318" endtime="20260804 00:23:28.851"/>
</kw>
<kw name="Wait Text" library="oreganlibs.VideoCapturer">
<var>${ui_element}</var>
<arg>${57}</arg>
<arg>${67}</arg>
<arg>${157}</arg>
<arg>${120}</arg>
<arg>Opt</arg>
<arg>${3}</arg>
<doc>Waits for a given text until timout is meet.</doc>
<msg timestamp="20260804 00:23:32.948" level="INFO">Text found: —

Text found:</msg>
<msg timestamp="20260804 00:23:32.948" level="INFO">${ui_element} = False</msg>
<status status="PASS" starttime="20260804 00:23:28.851" endtime="20260804 00:23:32.948"/>
</kw>
<status status="PASS" starttime="20260804 00:23:27.788" endtime="20260804 00:23:32.948"/>
</iter>
<status status="PASS" starttime="20260804 00:23:27.787" endtime="20260804 00:23:32.948"/>
</while>
<kw name="Should Not Be True" library="BuiltIn">
<arg>${ui_element}</arg>
<arg>msg=Reason: Menu is shown</arg>
<doc>Fails if the given condition is true.</doc>
<status status="PASS" starttime="20260804 00:23:32.948" endtime="20260804 00:23:32.948"/>
</kw>
<status status="PASS" starttime="20260804 00:23:25.215" endtime="20260804 00:23:32.948"/>
</kw>
<kw name="Verify Menu is shown" library="keywords-optik">
<kw name="Send Ir New" library="Ir">
<arg>optik_ir_new</arg>
<arg>menu</arg>
<status status="PASS" starttime="20260804 00:23:32.949" endtime="20260804 00:23:33.479"/>
</kw>
<kw name="Send Ir New" library="Ir">
<arg>optik_ir_new</arg>
<arg>up</arg>
<status status="PASS" starttime="20260804 00:23:33.479" endtime="20260804 00:23:34.008"/>
</kw>
<kw name="Wait Text" library="oreganlibs.VideoCapturer">
<var>${ui_element}</var>
<arg>${57}</arg>
<arg>${67}</arg>
<arg>${157}</arg>
<arg>${120}</arg>
<arg>Opt</arg>
<arg>${3}</arg>
<doc>Waits for a given text until timout is meet.</doc>
<msg timestamp="20260804 00:23:35.523" level="INFO">Text found: Optik</msg>
<msg timestamp="20260804 00:23:35.524" level="INFO">${ui_element} = True</msg>
<status status="PASS" starttime="20260804 00:23:34.008" endtime="20260804 00:23:35.524"/>
</kw>
<while condition="${ui_element} == ${False}" limit="3">
<iter>
<kw name="Send Ir New" library="Ir">
<arg>optik_ir_new</arg>
<arg>menu</arg>
<status status="NOT RUN" starttime="20260804 00:23:35.524" endtime="20260804 00:23:35.524"/>
</kw>
<kw name="Send Ir New" library="Ir">
<arg>optik_ir_new</arg>
<arg>up</arg>
<status status="NOT RUN" starttime="20260804 00:23:35.524" endtime="20260804 00:23:35.524"/>
</kw>
<kw name="Wait Text" library="oreganlibs.VideoCapturer">
<var>${ui_element}</var>
<arg>${57}</arg>
<arg>${67}</arg>
<arg>${157}</arg>
<arg>${120}</arg>
<arg>Opt</arg>
<arg>${3}</arg>
<doc>Waits for a given text until timout is meet.</doc>
<status status="NOT RUN" starttime="20260804 00:23:35.524" endtime="20260804 00:23:35.524"/>
</kw>
<status status="NOT RUN" starttime="20260804 00:23:35.524" endtime="20260804 00:23:35.524"/>
</iter>
<status status="NOT RUN" starttime="20260804 00:23:35.524" endtime="20260804 00:23:35.524"/>
</while>
<kw name="Should Be True" library="BuiltIn">
<arg>${ui_element}</arg>
<arg>msg=Reason: Menu is not shown</arg>
<doc>Fails if the given condition is not true.</doc>
<status status="PASS" starttime="20260804 00:23:35.524" endtime="20260804 00:23:35.525"/>
</kw>
<status status="PASS" starttime="20260804 00:23:32.948" endtime="20260804 00:23:35.525"/>
</kw>
<kw name="Sleep" library="BuiltIn">
<arg>2s</arg>
<doc>Pauses the test executed for the given time.</doc>
<msg timestamp="20260804 00:23:37.525" level="INFO">Slept 2 seconds</msg>
<status status="PASS" starttime="20260804 00:23:35.525" endtime="20260804 00:23:37.525"/>
</kw>
<kw name="Move until Settings is Selected" library="keywords-optik">
<for flavor="IN RANGE">
<var>${i}</var>
<value>10</value>
<iter>
<var name="${i}">0</var>
<kw name="Send Ir New" library="Ir">
<arg>optik_ir_new</arg>
<arg>down</arg>
<status status="PASS" starttime="20260804 00:23:37.525" endtime="20260804 00:23:38.058"/>
</kw>
<status status="PASS" starttime="20260804 00:23:37.525" endtime="20260804 00:23:38.058"/>
</iter>
<iter>
<var name="${i}">1</var>
<kw name="Send Ir New" library="Ir">
<arg>optik_ir_new</arg>
<arg>down</arg>
<status status="PASS" starttime="20260804 00:23:38.058" endtime="20260804 00:23:38.587"/>
</kw>
<status status="PASS" starttime="20260804 00:23:38.058" endtime="20260804 00:23:38.587"/>
</iter>
<iter>
<var name="${i}">2</var>
<kw name="Send Ir New" library="Ir">
<arg>optik_ir_new</arg>
<arg>down</arg>
<status status="PASS" starttime="20260804 00:23:38.587" endtime="20260804 00:23:39.118"/>
</kw>
<status status="PASS" starttime="20260804 00:23:38.587" endtime="20260804 00:23:39.118"/>
</iter>
[...]
<status status="PASS" starttime="20260804 00:37:56.683" endtime="20260804 00:37:56.683"/>
</kw>
<kw name="Crop Picture" library="oreganlibs.VideoCapturer">
<arg>${1150}</arg>
<arg>${460}</arg>
<arg>${1200}</arg>
<arg>${500}</arg>
<arg>./${project}/${test_plan}/temp/screenshot.png</arg>
<arg>./${project}/${test_plan}/temp/snip.png</arg>
<doc>Crops a picture with the given coordinates.</doc>
<status status="PASS" starttime="20260804 00:37:56.683" endtime="20260804 00:37:57.208"/>
</kw>
<kw name="Sleep" library="BuiltIn">
<arg>1s</arg>
<doc>Pauses the test executed for the given time.</doc>
<msg timestamp="20260804 00:37:58.210" level="INFO">Slept 1 second</msg>
<status status="PASS" starttime="20260804 00:37:57.209" endtime="20260804 00:37:58.210"/>
</kw>
<kw name="Compare Pictures" library="oreganlibs.VideoCapturer">
<var>${Volume validation}</var>
<arg>./${project}/${test_plan}/temp/snip.png</arg>
<arg>./${project}/${test_plan}/refs/vol_max.png</arg>
<arg>${90}</arg>
<doc>Compares two pictures by checking its hash values.</doc>
<msg timestamp="20260804 00:37:58.213" level="INFO">Similar in 97%</msg>
<msg timestamp="20260804 00:37:58.213" level="INFO">${Volume validation} = True</msg>
<status status="PASS" starttime="20260804 00:37:58.210" endtime="20260804 00:37:58.213"/>
</kw>
<kw name="Should Be True" library="BuiltIn">
<arg>${Volume validation}</arg>
<doc>Fails if the given condition is not true.</doc>
<status status="PASS" starttime="20260804 00:37:58.213" endtime="20260804 00:37:58.213"/>
</kw>
<kw name="Verify Audio playback" library="keywords-optik">
<kw name="Record Audio" library="oreganlibs.VideoCapturer">
<var>${record_audio}</var>
<doc>Record an audio stream as output.wav</doc>
<msg timestamp="20260804 00:38:03.231" level="INFO">${record_audio} = None</msg>
<status status="PASS" starttime="20260804 00:37:58.214" endtime="20260804 00:38:03.231"/>
</kw>
<kw name="Audio Detection" library="oreganlibs.VideoCapturer">
<var>${test_audio}</var>
<doc>Verifies if there is audio in the output.wav file.</doc>
<msg timestamp="20260804 00:38:03.548" level="INFO">${test_audio} = False</msg>
<status status="PASS" starttime="20260804 00:38:03.231" endtime="20260804 00:38:03.548"/>
</kw>
<while condition="${test_audio} == ${False}" limit="3">
<iter>
<kw name="Sleep" library="BuiltIn">
<arg>1</arg>
<doc>Pauses the test executed for the given time.</doc>
<msg timestamp="20260804 00:38:04.549" level="INFO">Slept 1 second</msg>
<status status="PASS" starttime="20260804 00:38:03.548" endtime="20260804 00:38:04.549"/>
</kw>
<kw name="Record Audio" library="oreganlibs.VideoCapturer">
<var>${record_audio}</var>
<doc>Record an audio stream as output.wav</doc>
<msg timestamp="20260804 00:38:09.561" level="INFO">${record_audio} = None</msg>
<status status="PASS" starttime="20260804 00:38:04.549" endtime="20260804 00:38:09.561"/>
</kw>
<kw name="Audio Detection" library="oreganlibs.VideoCapturer">
<var>${test_audio}</var>
<doc>Verifies if there is audio in the output.wav file.</doc>
<msg timestamp="20260804 00:38:09.882" level="INFO">${test_audio} = True</msg>
<status status="PASS" starttime="20260804 00:38:09.561" endtime="20260804 00:38:09.882"/>
</kw>
<status status="PASS" starttime="20260804 00:38:03.548" endtime="20260804 00:38:09.882"/>
</iter>
<status status="PASS" starttime="20260804 00:38:03.548" endtime="20260804 00:38:09.882"/>
</while>
<kw name="Should Be True" library="BuiltIn">
<arg>${test_audio}</arg>
<arg>msg=Reason: Audio playback no detected.</arg>
<doc>Fails if the given condition is not true.</doc>
<status status="PASS" starttime="20260804 00:38:09.882" endtime="20260804 00:38:09.883"/>
</kw>
<status status="PASS" starttime="20260804 00:37:58.213" endtime="20260804 00:38:09.883"/>
</kw>
<status status="PASS" starttime="20260804 00:37:14.316" endtime="20260804 00:38:09.883"/>
</kw>
<kw name="Stop Test Execution" library="keywords-optik" type="TEARDOWN">
<kw name="Stop Recording" library="oreganlibs.VideoCapturer">
<doc>Stops the video and audio recording.</doc>
<status status="PASS" starttime="20260804 00:38:09.883" endtime="20260804 00:38:10.432"/>
</kw>
<status status="PASS" starttime="20260804 00:38:09.883" endtime="20260804 00:38:10.432"/>
</kw>
<doc>Verify The Volume bar animation</doc>
<tag>Player</tag>
<tag>Robot</tag>
<tag>TUT-2567</tag>
<status status="PASS" starttime="20260804 00:36:57.919" endtime="20260804 00:38:10.432">*HTML* &lt;span class="merge"&gt;Test has been re-executed and results merged.&lt;/span&gt;&lt;hr&gt;&lt;span class="new-status"&gt;New status:&lt;/span&gt; &lt;span class="pass"&gt;PASS&lt;/span&gt;&lt;br&gt;&lt;hr&gt;&lt;span class="old-status"&gt;Old status:&lt;/span&gt; &lt;span class="fail"&gt;FAIL&lt;/span&gt;&lt;br&gt;&lt;span class="old-message"&gt;Old message:&lt;/span&gt; Reason: Volume min animation does not appear.&lt;br&gt;</status>
</test>
<test id="s1-t20" name="Check Mute button" line="280">
<kw name="Start Test Execution" library="keywords-optik" type="SETUP">
<kw name="Start Recording" library="oreganlibs.VideoCapturer">
<doc>Triggers the video and audio recording.</doc>
<status status="PASS" starttime="20260804 00:39:09.944" endtime="20260804 00:39:10.946"/>
</kw>
<status status="PASS" starttime="20260804 00:39:09.944" endtime="20260804 00:39:10.946"/>
</kw>
<kw name="Return To Live TV" library="keywords-optik">
<doc>Returns the STB to a known Live TV state before/after a test.</doc>
<kw name="Press Back" library="Ir">
<arg>${10}</arg>
<doc>Sends keyevent KEYCODE_BACK "n" number of times through IR.</doc>
<status status="PASS" starttime="20260804 00:39:10.946" endtime="20260804 00:39:16.337"/>
</kw>
<status status="PASS" starttime="20260804 00:39:10.946" endtime="20260804 00:39:16.337"/>
</kw>
<kw name="Press Vol Up" library="Ir">
<arg>${20}</arg>
<doc>Sends keyevent KEYCODE_VOLUME_UP "n" number of times through IR.</doc>
<status status="PASS" starttime="20260804 00:39:16.337" endtime="20260804 00:39:33.176"/>
</kw>
<kw name="Sleep" library="BuiltIn">
<arg>10s</arg>
<doc>Pauses the test executed for the given time.</doc>
<msg timestamp="20260804 00:39:43.176" level="INFO">Slept 10 seconds</msg>
<status status="PASS" starttime="20260804 00:39:33.176" endtime="20260804 00:39:43.176"/>
</kw>
<kw name="Enter Channel Number" library="keywords-optik">
<arg>702</arg>
<doc>Enters a channel number digit-by-digit and confirms with OK.
A small delay is added between digits since the STB can
occasionally miss one if IR commands arrive too close
together (e.g. "580" landing as "58").</doc>
<kw name="Split String To Characters" library="String">
<var>@{digits}</var>
<arg>${channel_number}</arg>
<doc>Splits the given ``string`` to characters.</doc>
<msg timestamp="20260804 00:39:43.177" level="INFO">@{digits} = [ 7 | 0 | 2 ]</msg>
<status status="PASS" starttime="20260804 00:39:43.176" endtime="20260804 00:39:43.177"/>
</kw>
<for flavor="IN">
<var>${digit}</var>
<value>@{digits}</value>
<iter>
<var name="${digit}">7</var>
<kw name="Send Ir New" library="Ir">
<arg>optik_ir_new</arg>
<arg>${digit}</arg>
<status status="PASS" starttime="20260804 00:39:43.177" endtime="20260804 00:39:43.708"/>
</kw>
<kw name="Sleep" library="BuiltIn">
<arg>0.4s</arg>
<doc>Pauses the test executed for the given time.</doc>
<msg timestamp="20260804 00:39:44.109" level="INFO">Slept 400 milliseconds</msg>
<status status="PASS" starttime="20260804 00:39:43.708" endtime="20260804 00:39:44.109"/>
</kw>
<status status="PASS" starttime="20260804 00:39:43.177" endtime="20260804 00:39:44.109"/>
</iter>
<iter>
<var name="${digit}">0</var>
<kw name="Send Ir New" library="Ir">
<arg>optik_ir_new</arg>
<arg>${digit}</arg>
<status status="PASS" starttime="20260804 00:39:44.109" endtime="20260804 00:39:44.638"/>
</kw>
<kw name="Sleep" library="BuiltIn">
<arg>0.4s</arg>
<doc>Pauses the test executed for the given time.</doc>
<msg timestamp="20260804 00:39:45.039" level="INFO">Slept 400 milliseconds</msg>
<status status="PASS" starttime="20260804 00:39:44.638" endtime="20260804 00:39:45.039"/>
</kw>
<status status="PASS" starttime="20260804 00:39:44.109" endtime="20260804 00:39:45.039"/>
</iter>
<iter>
<var name="${digit}">2</var>
<kw name="Send Ir New" library="Ir">
<arg>optik_ir_new</arg>
<arg>${digit}</arg>
<status status="PASS" starttime="20260804 00:39:45.039" endtime="20260804 00:39:45.568"/>
</kw>
<kw name="Sleep" library="BuiltIn">
<arg>0.4s</arg>
<doc>Pauses the test executed for the given time.</doc>
<msg timestamp="20260804 00:39:45.969" level="INFO">Slept 400 milliseconds</msg>
<status status="PASS" starttime="20260804 00:39:45.568" endtime="20260804 00:39:45.969"/>
</kw>
<status status="PASS" starttime="20260804 00:39:45.039" endtime="20260804 00:39:45.969"/>
</iter>
<status status="PASS" starttime="20260804 00:39:43.177" endtime="20260804 00:39:45.969"/>
</for>
<kw name="Send Ir New" library="Ir">
<arg>optik_ir_new</arg>
<arg>ok</arg>
<status status="PASS" starttime="20260804 00:39:45.969" endtime="20260804 00:39:46.498"/>
</kw>
<status status="PASS" starttime="20260804 00:39:43.176" endtime="20260804 00:39:46.498"/>
</kw>
<kw name="Verify Mute behavior" library="keywords-optik">
<kw name="Verify Video playback" library="keywords-optik">
<kw name="Video Detection" library="oreganlibs.VideoCapturer">
<var>${Video_Playback}</var>
<doc>Verifies if there is video playback by taking samples of hash values from different frames.</doc>
<msg timestamp="20260804 00:39:53.261" level="INFO">${Video_Playback} = True</msg>
<status status="PASS" starttime="20260804 00:39:46.499" endtime="20260804 00:39:53.261"/>
</kw>
<while condition="${Video_Playback} == ${False}" limit="6">
<iter>
<kw name="Sleep" library="BuiltIn">
<arg>5s</arg>
<doc>Pauses the test executed for the given time.</doc>
<status status="NOT RUN" starttime="20260804 00:39:53.262" endtime="20260804 00:39:53.262"/>
</kw>
<kw name="Video Detection" library="oreganlibs.VideoCapturer">
<var>${Video_Playback}</var>
<doc>Verifies if there is video playback by taking samples of hash values from different frames.</doc>
<status status="NOT RUN" starttime="20260804 00:39:53.262" endtime="20260804 00:39:53.262"/>
</kw>
<status status="NOT RUN" starttime="20260804 00:39:53.262" endtime="20260804 00:39:53.262"/>
</iter>
<status status="NOT RUN" starttime="20260804 00:39:53.261" endtime="20260804 00:39:53.262"/>
</while>
<status status="PASS" starttime="20260804 00:39:46.498" endtime="20260804 00:39:53.262"/>
</kw>
<kw name="Send Ir New" library="Ir">
<arg>optik_ir_new</arg>
<arg>mute</arg>
<status status="PASS" starttime="20260804 00:39:53.262" endtime="20260804 00:39:53.793"/>
</kw>
<kw name="Send Ir New" library="Ir">
<arg>optik_ir_new</arg>
<arg>up</arg>
<status status="PASS" starttime="20260804 00:39:53.793" endtime="20260804 00:39:54.478"/>
</kw>
<kw name="Sleep" library="BuiltIn">
<arg>.5s</arg>
<doc>Pauses the test executed for the given time.</doc>
<msg timestamp="20260804 00:39:54.978" level="INFO">Slept 500 milliseconds</msg>
<status status="PASS" starttime="20260804 00:39:54.478" endtime="20260804 00:39:54.978"/>
</kw>
<kw name="Take Screenshot Quick" library="oreganlibs.VideoCapturer">
<doc>Takes and screenshot quicker.</doc>
<status status="PASS" starttime="20260804 00:39:54.978" endtime="20260804 00:39:54.978"/>
</kw>
<kw name="Crop Picture" library="oreganlibs.VideoCapturer">
<arg>${1161}</arg>
<arg>${343}</arg>
<arg>${1200}</arg>
<arg>${380}</arg>
<arg>./${project}/${test_plan}/temp/screenshot.png</arg>
<arg>./${project}/${test_plan}/temp/snip.png</arg>
<doc>Crops a picture with the given coordinates.</doc>
<status status="PASS" starttime="20260804 00:39:54.978" endtime="20260804 00:39:55.007"/>
</kw>
<kw name="Sleep" library="BuiltIn">
<arg>.5s</arg>
<doc>Pauses the test executed for the given time.</doc>
<msg timestamp="20260804 00:39:55.508" level="INFO">Slept 500 milliseconds</msg>
<status status="PASS" starttime="20260804 00:39:55.007" endtime="20260804 00:39:55.508"/>
</kw>
<kw name="Compare Pictures" library="oreganlibs.VideoCapturer">
<var>${Mute validation}</var>
<arg>./${project}/${test_plan}/temp/snip.png</arg>
<arg>./${project}/${test_plan}/refs/mute.png</arg>
<arg>${90}</arg>
<doc>Compares two pictures by checking its hash values.</doc>
<msg timestamp="20260804 00:39:55.511" level="INFO">Similar in 94%</msg>
<msg timestamp="20260804 00:39:55.511" level="INFO">${Mute validation} = True</msg>
<status status="PASS" starttime="20260804 00:39:55.508" endtime="20260804 00:39:55.511"/>
</kw>
<kw name="Should Be True" library="BuiltIn">
<arg>${Mute validation}</arg>
<arg>msg=Reason: Mute does not appear.</arg>
<doc>Fails if the given condition is not true.</doc>
<status status="PASS" starttime="20260804 00:39:55.511" endtime="20260804 00:39:55.512"/>
</kw>
<kw name="Verify no Audio playback" library="keywords-optik">
<kw name="Record Audio" library="oreganlibs.VideoCapturer">
<var>${record_audio}</var>
<doc>Record an audio stream as output.wav</doc>
<msg timestamp="20260804 00:40:00.523" level="INFO">${record_audio} = None</msg>
<status status="PASS" starttime="20260804 00:39:55.512" endtime="20260804 00:40:00.523"/>
</kw>
<kw name="Audio Detection" library="oreganlibs.VideoCapturer">
<var>${test_audio}</var>
<doc>Verifies if there is audio in the output.wav file.</doc>
<msg timestamp="20260804 00:40:00.831" level="INFO">${test_audio} = False</msg>
<status status="PASS" starttime="20260804 00:40:00.523" endtime="20260804 00:40:00.832"/>
</kw>
<kw name="Should Not Be True" library="BuiltIn">
<arg>${test_audio}</arg>
<arg>msg=Reason: Audio playback detected.</arg>
<doc>Fails if the given condition is true.</doc>
<status status="PASS" starttime="20260804 00:40:00.832" endtime="20260804 00:40:00.832"/>
</kw>
<status status="PASS" starttime="20260804 00:39:55.512" endtime="20260804 00:40:00.832"/>
</kw>
<kw name="Press Vol Up" library="Ir">
<arg>${30}</arg>
<doc>Sends keyevent KEYCODE_VOLUME_UP "n" number of times through IR.</doc>
<status status="PASS" starttime="20260804 00:40:00.832" endtime="20260804 00:40:26.248"/>
</kw>
<kw name="Verify Audio playback" library="keywords-optik">
<kw name="Record Audio" library="oreganlibs.VideoCapturer">
<var>${record_audio}</var>
<doc>Record an audio stream as output.wav</doc>
<msg timestamp="20260804 00:40:31.261" level="INFO">${record_audio} = None</msg>
<status status="PASS" starttime="20260804 00:40:26.248" endtime="20260804 00:40:31.262"/>
</kw>
<kw name="Audio Detection" library="oreganlibs.VideoCapturer">
<var>${test_audio}</var>
<doc>Verifies if there is audio in the output.wav file.</doc>
<msg timestamp="20260804 00:40:31.564" level="INFO">${test_audio} = True</msg>
<status status="PASS" starttime="20260804 00:40:31.262" endtime="20260804 00:40:31.564"/>
</kw>
<while condition="${test_audio} == ${False}" limit="3">
<iter>
<kw name="Sleep" library="BuiltIn">
<arg>1</arg>
<doc>Pauses the test executed for the given time.</doc>
<status status="NOT RUN" starttime="20260804 00:40:31.565" endtime="20260804 00:40:31.565"/>
</kw>
<kw name="Record Audio" library="oreganlibs.VideoCapturer">
<var>${record_audio}</var>
<doc>Record an audio stream as output.wav</doc>
<status status="NOT RUN" starttime="20260804 00:40:31.565" endtime="20260804 00:40:31.565"/>
</kw>
<kw name="Audio Detection" library="oreganlibs.VideoCapturer">
<var>${test_audio}</var>
<doc>Verifies if there is audio in the output.wav file.</doc>
<status status="NOT RUN" starttime="20260804 00:40:31.565" endtime="20260804 00:40:31.565"/>
</kw>
<status status="NOT RUN" starttime="20260804 00:40:31.565" endtime="20260804 00:40:31.565"/>
</iter>
<status status="NOT RUN" starttime="20260804 00:40:31.564" endtime="20260804 00:40:31.565"/>
</while>
<kw name="Should Be True" library="BuiltIn">
<arg>${test_audio}</arg>
<arg>msg=Reason: Audio playback no detected.</arg>
<doc>Fails if the given condition is not true.</doc>
<status status="PASS" starttime="20260804 00:40:31.565" endtime="20260804 00:40:31.565"/>
</kw>
<status status="PASS" starttime="20260804 00:40:26.248" endtime="20260804 00:40:31.566"/>
</kw>
<status status="PASS" starttime="20260804 00:39:46.498" endtime="20260804 00:40:31.566"/>
</kw>
<kw name="Stop Test Execution" library="keywords-optik" type="TEARDOWN">
<kw name="Stop Recording" library="oreganlibs.VideoCapturer">
<doc>Stops the video and audio recording.</doc>
<status status="PASS" starttime="20260804 00:40:31.566" endtime="20260804 00:40:32.116"/>
</kw>
<status status="PASS" starttime="20260804 00:40:31.566" endtime="20260804 00:40:32.116"/>
</kw>
<tag>Player</tag>
<tag>Robot</tag>
<tag>TUT-2568</tag>
<status status="PASS" starttime="20260804 00:39:09.941" endtime="20260804 00:40:32.116">*HTML* &lt;span class="merge"&gt;Test has been re-executed and results merged.&lt;/span&gt;&lt;hr&gt;&lt;span class="new-status"&gt;New status:&lt;/span&gt; &lt;span class="pass"&gt;PASS&lt;/span&gt;&lt;br&gt;&lt;hr&gt;&lt;span class="old-status"&gt;Old status:&lt;/span&gt; &lt;span class="fail"&gt;FAIL&lt;/span&gt;&lt;br&gt;&lt;span class="old-message"&gt;Old message:&lt;/span&gt; Reason: Mute does not appear.&lt;br&gt;&lt;hr&gt;&lt;span class="old-status"&gt;Old status:&lt;/span&gt; &lt;span class="fail"&gt;FAIL&lt;/span&gt;&lt;br&gt;&lt;span class="old-message"&gt;Old message:&lt;/span&gt; Reason: Mute does not appear.&lt;br&gt;</status>
</test>
<doc>TELUS ONYX STB - Smoke test suite</doc>
<status status="PASS" starttime="N/A" endtime="N/A" elapsedtime="1131393"/>
</suite>
<statistics>
<total>
<stat pass="18" fail="0" skip="2">All Tests</stat>
</total>
<tag>
<stat pass="5" fail="0" skip="0">AV_Playback</stat>
<stat pass="4" fail="0" skip="0">Guide</stat>
<stat pass="8" fail="0" skip="2">Player</stat>
<stat pass="18" fail="0" skip="2">Robot</stat>
<stat pass="1" fail="0" skip="0">Settings</stat>
<stat pass="1" fail="0" skip="0">TUT-187</stat>
<stat pass="1" fail="0" skip="0">TUT-188</stat>
<stat pass="1" fail="0" skip="0">TUT-226</stat>
<stat pass="1" fail="0" skip="0">TUT-227</stat>
<stat pass="1" fail="0" skip="0">TUT-238</stat>
<stat pass="1" fail="0" skip="0">TUT-2555</stat>
<stat pass="1" fail="0" skip="0">TUT-2557</stat>
<stat pass="1" fail="0" skip="0">TUT-2558</stat>
<stat pass="1" fail="0" skip="0">TUT-2560</stat>
<stat pass="0" fail="0" skip="1">TUT-2561</stat>
<stat pass="0" fail="0" skip="1">TUT-2562</stat>
<stat pass="1" fail="0" skip="0">TUT-2567</stat>
<stat pass="1" fail="0" skip="0">TUT-2568</stat>
<stat pass="1" fail="0" skip="0">TUT-404</stat>
<stat pass="1" fail="0" skip="0">TUT-407</stat>
<stat pass="1" fail="0" skip="0">TUT-509</stat>
<stat pass="1" fail="0" skip="0">TUT-526</stat>
<stat pass="1" fail="0" skip="0">TUT-527</stat>
<stat pass="1" fail="0" skip="0">TUT-532</stat>
<stat pass="1" fail="0" skip="0">TUT-535</stat>
</tag>
<suite>
<stat pass="18" fail="0" skip="2" id="s1" name="TELUS-SMOKE-ONYX">TELUS-SMOKE-ONYX</stat>
</suite>
</statistics>
<errors>
<msg timestamp="20260804 00:17:51.958" level="WARN">C:\Users\QA-Automation\.jenkins\workspace\TELUS-SMOKE-STB\env\Lib\site-packages\pydub\utils.py:170: RuntimeWarning: Couldn't find ffmpeg or avconv - defaulting to ffmpeg, but may not work
  warn("Couldn't find ffmpeg or avconv - defaulting to ffmpeg, but may not work", RuntimeWarning)
</msg>
<msg timestamp="20260804 00:35:55.334" level="WARN">C:\Users\QA-Automation\.jenkins\workspace\TELUS-SMOKE-STB\env\Lib\site-packages\pydub\utils.py:170: RuntimeWarning: Couldn't find ffmpeg or avconv - defaulting to ffmpeg, but may not work
  warn("Couldn't find ffmpeg or avconv - defaulting to ffmpeg, but may not work", RuntimeWarning)
</msg>
<msg timestamp="20260804 00:39:09.612" level="WARN">C:\Users\QA-Automation\.jenkins\workspace\TELUS-SMOKE-STB\env\Lib\site-packages\pydub\utils.py:170: RuntimeWarning: Couldn't find ffmpeg or avconv - defaulting to ffmpeg, but may not work
  warn("Couldn't find ffmpeg or avconv - defaulting to ffmpeg, but may not work", RuntimeWarning)
</msg>
</errors>
</robot>
