<?xml version="1.0" encoding="UTF-8"?>
<robot generator="Rebot 5.0.1 (Python 3.11.4 on win32)" generated="20260805 12:34:25.457" rpa="false" schemaversion="3">
<suite id="s1" name="TELUS-SMOKE-ONYX" source="C:\Users\QA-Automation\.jenkins\workspace\TELUS-SMOKE-STB\ONYX\TELUS\TELUS-STB\TELUS-SMOKE-STB\TELUS-SMOKE-ONYX.robot">
<test id="s1-t1" name="Verify AV Playback on LiveTV" line="19">
<kw name="Start Test Execution" library="keywords-optik" type="SETUP">
<kw name="Start Recording" library="oreganlibs.VideoCapturer">
<doc>Triggers the video and audio recording.</doc>
<status status="PASS" starttime="20260805 12:01:37.090" endtime="20260805 12:01:38.093"/>
</kw>
<kw name="Begin Telnet Logging" library="Ser">
<arg>${HOST}</arg>
<arg>${USB_PATH}</arg>
<doc>Starts telnet connection on port 19690 and starts saving the logs in a usb</doc>
<msg timestamp="20260805 12:01:41.554" level="INFO">Connecting to 192.168.153.23:19690
Logs started
Logs stored in: F:\Logs\192.168.153.23_2026-08-05_12-01-38</msg>
<status status="PASS" starttime="20260805 12:01:38.093" endtime="20260805 12:01:41.554"/>
</kw>
<kw name="Login" library="keywords-optik">
<kw name="Sleep" library="BuiltIn">
<arg>6s</arg>
<doc>Pauses the test executed for the given time.</doc>
<msg timestamp="20260805 12:01:47.556" level="INFO">Slept 6 seconds</msg>
<status status="PASS" starttime="20260805 12:01:41.555" endtime="20260805 12:01:47.556"/>
</kw>
<kw name="Send Ir New" library="Ir">
<arg>optik_ir_new</arg>
<arg>ok</arg>
<status status="PASS" starttime="20260805 12:01:47.556" endtime="20260805 12:01:48.206"/>
</kw>
<kw name="Sleep" library="BuiltIn">
<arg>6s</arg>
<doc>Pauses the test executed for the given time.</doc>
<msg timestamp="20260805 12:01:54.206" level="INFO">Slept 6 seconds</msg>
<status status="PASS" starttime="20260805 12:01:48.206" endtime="20260805 12:01:54.206"/>
</kw>
<kw name="Wait Text" library="oreganlibs.VideoCapturer">
<var>${ui_element}</var>
<arg>${595}</arg>
<arg>${195}</arg>
<arg>${690}</arg>
<arg>${230}</arg>
<arg>TELUS</arg>
<arg>${5}</arg>
<doc>Waits for a given text until timout is meet.</doc>
<msg timestamp="20260805 12:02:00.578" level="INFO">Text found: 
Text found: 7 2

Text found:</msg>
<msg timestamp="20260805 12:02:00.578" level="INFO">${ui_element} = False</msg>
<status status="PASS" starttime="20260805 12:01:54.206" endtime="20260805 12:02:00.578"/>
</kw>
<if>
<branch type="IF" condition="${ui_element}">
<kw name="Press Back" library="Ir">
<arg>${5}</arg>
<doc>Sends keyevent KEYCODE_BACK "n" number of times through IR.</doc>
<status status="NOT RUN" starttime="20260805 12:02:00.578" endtime="20260805 12:02:00.578"/>
</kw>
<kw name="Dpad Up" library="Ir">
<arg>${5}</arg>
<doc>Sends keyevent KEYCODE_DPAD_UP "n" number of times through IR.</doc>
<status status="NOT RUN" starttime="20260805 12:02:00.578" endtime="20260805 12:02:00.578"/>
</kw>
<kw name="Send Ir New" library="Ir">
<arg>optik_ir_new</arg>
<arg>ok</arg>
<status status="NOT RUN" starttime="20260805 12:02:00.579" endtime="20260805 12:02:00.579"/>
</kw>
<for flavor="IN RANGE">
<var>${i}</var>
<value>10</value>
<iter>
<var name="${i}"/>
<kw name="Send Ir New" library="Ir">
<arg>optik_ir_new</arg>
<arg>right</arg>
<status status="NOT RUN" starttime="20260805 12:02:00.579" endtime="20260805 12:02:00.579"/>
</kw>
<status status="NOT RUN" starttime="20260805 12:02:00.579" endtime="20260805 12:02:00.579"/>
</iter>
<status status="NOT RUN" starttime="20260805 12:02:00.579" endtime="20260805 12:02:00.579"/>
</for>
<for flavor="IN RANGE">
<var>${i}</var>
<value>2</value>
<iter>
<var name="${i}"/>
<kw name="Send Ir New" library="Ir">
<arg>optik_ir_new</arg>
<arg>down</arg>
<status status="NOT RUN" starttime="20260805 12:02:00.579" endtime="20260805 12:02:00.579"/>
</kw>
<status status="NOT RUN" starttime="20260805 12:02:00.579" endtime="20260805 12:02:00.579"/>
</iter>
<status status="NOT RUN" starttime="20260805 12:02:00.579" endtime="20260805 12:02:00.579"/>
</for>
<for flavor="IN RANGE">
<var>${i}</var>
<value>20</value>
<iter>
<var name="${i}"/>
<kw name="Send Ir New" library="Ir">
<arg>optik_ir_new</arg>
<arg>ok</arg>
<status status="NOT RUN" starttime="20260805 12:02:00.579" endtime="20260805 12:02:00.579"/>
</kw>
<kw name="Press Vol Up" library="Ir">
<arg>${1}</arg>
<doc>Sends keyevent KEYCODE_VOLUME_UP "n" number of times through IR.</doc>
<status status="NOT RUN" starttime="20260805 12:02:00.579" endtime="20260805 12:02:00.579"/>
</kw>
<status status="NOT RUN" starttime="20260805 12:02:00.579" endtime="20260805 12:02:00.579"/>
</iter>
<status status="NOT RUN" starttime="20260805 12:02:00.579" endtime="20260805 12:02:00.579"/>
</for>
<for flavor="IN RANGE">
<var>${i}</var>
<value>2</value>
<iter>
<var name="${i}"/>
<kw name="Send Ir New" library="Ir">
<arg>optik_ir_new</arg>
<arg>up</arg>
<status status="NOT RUN" starttime="20260805 12:02:00.579" endtime="20260805 12:02:00.580"/>
</kw>
<status status="NOT RUN" starttime="20260805 12:02:00.579" endtime="20260805 12:02:00.580"/>
</iter>
<status status="NOT RUN" starttime="20260805 12:02:00.579" endtime="20260805 12:02:00.580"/>
</for>
<kw name="Send Ir New" library="Ir">
<arg>optik_ir_new</arg>
<arg>left</arg>
<status status="NOT RUN" starttime="20260805 12:02:00.580" endtime="20260805 12:02:00.580"/>
</kw>
<kw name="Send Ir New" library="Ir">
<arg>optik_ir_new</arg>
<arg>ok</arg>
<status status="NOT RUN" starttime="20260805 12:02:00.580" endtime="20260805 12:02:00.580"/>
</kw>
<kw name="Send Ir New" library="Ir">
<arg>optik_ir_new</arg>
<arg>right</arg>
<status status="NOT RUN" starttime="20260805 12:02:00.580" endtime="20260805 12:02:00.580"/>
</kw>
<kw name="Send Ir New" library="Ir">
<arg>optik_ir_new</arg>
<arg>ok</arg>
<status status="NOT RUN" starttime="20260805 12:02:00.580" endtime="20260805 12:02:00.580"/>
</kw>
<for flavor="IN RANGE">
<var>${i}</var>
<value>5</value>
<iter>
<var name="${i}"/>
<kw name="Send Ir New" library="Ir">
<arg>optik_ir_new</arg>
<arg>left</arg>
<status status="NOT RUN" starttime="20260805 12:02:00.580" endtime="20260805 12:02:00.580"/>
</kw>
<status status="NOT RUN" starttime="20260805 12:02:00.580" endtime="20260805 12:02:00.580"/>
</iter>
<status status="NOT RUN" starttime="20260805 12:02:00.580" endtime="20260805 12:02:00.580"/>
</for>
<kw name="Send Ir New" library="Ir">
<arg>optik_ir_new</arg>
<arg>ok</arg>
<status status="NOT RUN" starttime="20260805 12:02:00.580" endtime="20260805 12:02:00.580"/>
</kw>
<for flavor="IN RANGE">
<var>${i}</var>
<value>3</value>
<iter>
<var name="${i}"/>
<kw name="Send Ir New" library="Ir">
<arg>optik_ir_new</arg>
<arg>right</arg>
<status status="NOT RUN" starttime="20260805 12:02:00.580" endtime="20260805 12:02:00.580"/>
</kw>
<status status="NOT RUN" starttime="20260805 12:02:00.580" endtime="20260805 12:02:00.580"/>
</iter>
<status status="NOT RUN" starttime="20260805 12:02:00.580" endtime="20260805 12:02:00.580"/>
</for>
<kw name="Send Ir New" library="Ir">
<arg>optik_ir_new</arg>
<arg>ok</arg>
<status status="NOT RUN" starttime="20260805 12:02:00.581" endtime="20260805 12:02:00.581"/>
</kw>
<kw name="Send Ir New" library="Ir">
<arg>optik_ir_new</arg>
<arg>down</arg>
<status status="NOT RUN" starttime="20260805 12:02:00.581" endtime="20260805 12:02:00.581"/>
</kw>
<kw name="Send Ir New" library="Ir">
<arg>optik_ir_new</arg>
<arg>ok</arg>
<status status="NOT RUN" starttime="20260805 12:02:00.581" endtime="20260805 12:02:00.581"/>
</kw>
<kw name="Send Ir New" library="Ir">
<arg>optik_ir_new</arg>
<arg>right</arg>
<status status="NOT RUN" starttime="20260805 12:02:00.581" endtime="20260805 12:02:00.581"/>
</kw>
<kw name="Send Ir New" library="Ir">
<arg>optik_ir_new</arg>
<arg>down</arg>
<status status="NOT RUN" starttime="20260805 12:02:00.581" endtime="20260805 12:02:00.581"/>
</kw>
<kw name="Send Ir New" library="Ir">
<arg>optik_ir_new</arg>
<arg>ok</arg>
<status status="NOT RUN" starttime="20260805 12:02:00.581" endtime="20260805 12:02:00.581"/>
</kw>
<for flavor="IN RANGE">
<var>${i}</var>
<value>4</value>
<iter>
<var name="${i}"/>
<kw name="Send Ir New" library="Ir">
<arg>optik_ir_new</arg>
<arg>left</arg>
<status status="NOT RUN" starttime="20260805 12:02:00.581" endtime="20260805 12:02:00.581"/>
</kw>
<status status="NOT RUN" starttime="20260805 12:02:00.581" endtime="20260805 12:02:00.581"/>
</iter>
<status status="NOT RUN" starttime="20260805 12:02:00.581" endtime="20260805 12:02:00.581"/>
</for>
<for flavor="IN RANGE">
<var>${i}</var>
<value>2</value>
<iter>
<var name="${i}"/>
<kw name="Send Ir New" library="Ir">
<arg>optik_ir_new</arg>
<arg>up</arg>
<status status="NOT RUN" starttime="20260805 12:02:00.581" endtime="20260805 12:02:00.581"/>
</kw>
<status status="NOT RUN" starttime="20260805 12:02:00.581" endtime="20260805 12:02:00.581"/>
</iter>
<status status="NOT RUN" starttime="20260805 12:02:00.581" endtime="20260805 12:02:00.581"/>
</for>
<kw name="Send Ir New" library="Ir">
<arg>optik_ir_new</arg>
<arg>ok</arg>
<status status="NOT RUN" starttime="20260805 12:02:00.581" endtime="20260805 12:02:00.582"/>
</kw>
<kw name="Sleep" library="BuiltIn">
<arg>40s</arg>
<doc>Pauses the test executed for the given time.</doc>
<status status="NOT RUN" starttime="20260805 12:02:00.582" endtime="20260805 12:02:00.582"/>
</kw>
<status status="NOT RUN" starttime="20260805 12:02:00.578" endtime="20260805 12:02:00.582"/>
</branch>
<branch type="ELSE">
<kw name="Log" library="BuiltIn">
<arg>No Login page</arg>
<doc>Logs the given message with the given level.</doc>
<msg timestamp="20260805 12:02:00.582" level="INFO">No Login page</msg>
<status status="PASS" starttime="20260805 12:02:00.582" endtime="20260805 12:02:00.582"/>
</kw>
<status status="PASS" starttime="20260805 12:02:00.582" endtime="20260805 12:02:00.582"/>
</branch>
<status status="PASS" starttime="20260805 12:02:00.578" endtime="20260805 12:02:00.582"/>
</if>
<status status="PASS" starttime="20260805 12:01:41.555" endtime="20260805 12:02:00.582"/>
</kw>
<status status="PASS" starttime="20260805 12:01:37.090" endtime="20260805 12:02:00.582"/>
</kw>
<kw name="STB Get Info" library="keywords-optik">
<kw name="Return To Live TV" library="keywords-optik">
<doc>Returns the STB to a known Live TV state before/after a test.</doc>
<kw name="Press Back" library="Ir">
<arg>${10}</arg>
<doc>Sends keyevent KEYCODE_BACK "n" number of times through IR.</doc>
<status status="PASS" starttime="20260805 12:02:00.583" endtime="20260805 12:02:05.884"/>
</kw>
<status status="PASS" starttime="20260805 12:02:00.582" endtime="20260805 12:02:05.884"/>
</kw>
<kw name="Send Ir New" library="Ir">
<arg>optik_ir_new</arg>
<arg>menu</arg>
<status status="PASS" starttime="20260805 12:02:05.884" endtime="20260805 12:02:06.416"/>
</kw>
<for flavor="IN RANGE">
<var>${i}</var>
<value>4</value>
<iter>
<var name="${i}">0</var>
<kw name="Send Ir New" library="Ir">
<arg>optik_ir_new</arg>
<arg>down</arg>
<status status="PASS" starttime="20260805 12:02:06.416" endtime="20260805 12:02:06.944"/>
</kw>
<status status="PASS" starttime="20260805 12:02:06.416" endtime="20260805 12:02:06.944"/>
</iter>
<iter>
<var name="${i}">1</var>
<kw name="Send Ir New" library="Ir">
<arg>optik_ir_new</arg>
<arg>down</arg>
<status status="PASS" starttime="20260805 12:02:06.944" endtime="20260805 12:02:07.474"/>
</kw>
<status status="PASS" starttime="20260805 12:02:06.944" endtime="20260805 12:02:07.474"/>
</iter>
<iter>
<var name="${i}">2</var>
<kw name="Send Ir New" library="Ir">
<arg>optik_ir_new</arg>
<arg>down</arg>
<status status="PASS" starttime="20260805 12:02:07.474" endtime="20260805 12:02:08.008"/>
</kw>
<status status="PASS" starttime="20260805 12:02:07.474" endtime="20260805 12:02:08.008"/>
</iter>
<iter>
<var name="${i}">3</var>
<kw name="Send Ir New" library="Ir">
<arg>optik_ir_new</arg>
<arg>down</arg>
<status status="PASS" starttime="20260805 12:02:08.008" endtime="20260805 12:02:08.539"/>
</kw>
<status status="PASS" starttime="20260805 12:02:08.008" endtime="20260805 12:02:08.539"/>
</iter>
<status status="PASS" starttime="20260805 12:02:06.416" endtime="20260805 12:02:08.539"/>
</for>
<kw name="Send Ir New" library="Ir">
<arg>optik_ir_new</arg>
<arg>ok</arg>
<status status="PASS" starttime="20260805 12:02:08.539" endtime="20260805 12:02:09.067"/>
</kw>
<for flavor="IN RANGE">
<var>${i}</var>
<value>4</value>
<iter>
<var name="${i}">0</var>
<kw name="Send Ir New" library="Ir">
<arg>optik_ir_new</arg>
<arg>down</arg>
<status status="PASS" starttime="20260805 12:02:09.067" endtime="20260805 12:02:09.598"/>
</kw>
<status status="PASS" starttime="20260805 12:02:09.067" endtime="20260805 12:02:09.598"/>
</iter>
<iter>
<var name="${i}">1</var>
<kw name="Send Ir New" library="Ir">
<arg>optik_ir_new</arg>
<arg>down</arg>
<status status="PASS" starttime="20260805 12:02:09.598" endtime="20260805 12:02:10.126"/>
</kw>
<status status="PASS" starttime="20260805 12:02:09.598" endtime="20260805 12:02:10.126"/>
</iter>
<iter>
<var name="${i}">2</var>
<kw name="Send Ir New" library="Ir">
<arg>optik_ir_new</arg>
<arg>down</arg>
<status status="PASS" starttime="20260805 12:02:10.126" endtime="20260805 12:02:10.655"/>
</kw>
<status status="PASS" starttime="20260805 12:02:10.126" endtime="20260805 12:02:10.655"/>
</iter>
<iter>
<var name="${i}">3</var>
<kw name="Send Ir New" library="Ir">
<arg>optik_ir_new</arg>
<arg>down</arg>
<status status="PASS" starttime="20260805 12:02:10.655" endtime="20260805 12:02:11.182"/>
</kw>
<status status="PASS" starttime="20260805 12:02:10.655" endtime="20260805 12:02:11.182"/>
</iter>
<status status="PASS" starttime="20260805 12:02:09.067" endtime="20260805 12:02:11.182"/>
</for>
<kw name="Send Ir New" library="Ir">
<arg>optik_ir_new</arg>
<arg>right</arg>
<status status="PASS" starttime="20260805 12:02:11.182" endtime="20260805 12:02:11.713"/>
</kw>
<for flavor="IN RANGE">
<var>${i}</var>
<value>3</value>
<iter>
<var name="${i}">0</var>
<kw name="Send Ir New" library="Ir">
<arg>optik_ir_new</arg>
<arg>down</arg>
<status status="PASS" starttime="20260805 12:02:11.714" endtime="20260805 12:02:12.242"/>
</kw>
<status status="PASS" starttime="20260805 12:02:11.714" endtime="20260805 12:02:12.242"/>
</iter>
<iter>
<var name="${i}">1</var>
<kw name="Send Ir New" library="Ir">
<arg>optik_ir_new</arg>
<arg>down</arg>
<status status="PASS" starttime="20260805 12:02:12.242" endtime="20260805 12:02:12.771"/>
</kw>
<status status="PASS" starttime="20260805 12:02:12.242" endtime="20260805 12:02:12.771"/>
</iter>
<iter>
<var name="${i}">2</var>
<kw name="Send Ir New" library="Ir">
<arg>optik_ir_new</arg>
<arg>down</arg>
<status status="PASS" starttime="20260805 12:02:12.771" endtime="20260805 12:02:13.299"/>
</kw>
<status status="PASS" starttime="20260805 12:02:12.771" endtime="20260805 12:02:13.299"/>
</iter>
<status status="PASS" starttime="20260805 12:02:11.713" endtime="20260805 12:02:13.299"/>
</for>
<kw name="Sleep" library="BuiltIn">
<arg>2</arg>
<doc>Pauses the test executed for the given time.</doc>
<msg timestamp="20260805 12:02:15.299" level="INFO">Slept 2 seconds</msg>
<status status="PASS" starttime="20260805 12:02:13.299" endtime="20260805 12:02:15.299"/>
</kw>
<kw name="Take Screenshot" library="oreganlibs.VideoCapturer">
<doc>Takes and screenshot.</doc>
<status status="PASS" starttime="20260805 12:02:15.299" endtime="20260805 12:02:16.301"/>
</kw>
<kw name="Sleep" library="BuiltIn">
<arg>.5</arg>
<doc>Pauses the test executed for the given time.</doc>
<msg timestamp="20260805 12:02:16.801" level="INFO">Slept 500 milliseconds</msg>
<status status="PASS" starttime="20260805 12:02:16.301" endtime="20260805 12:02:16.801"/>
</kw>
<kw name="Crop Picture And Apply Inverse Color" library="oreganlibs.VideoCapturer">
<arg>${507}</arg>
<arg>${635}</arg>
<arg>${578}</arg>
<arg>${668}</arg>
<arg>./${project}/${test_plan}/temp/screenshot.png</arg>
<arg>./${project}/${test_plan}/temp/cropped.png</arg>
<doc>Crops and inverse color for a picture with the given coordinates.</doc>
<status status="PASS" starttime="20260805 12:02:16.801" endtime="20260805 12:02:16.827"/>
</kw>
<kw name="Sleep" library="BuiltIn">
<arg>.5</arg>
<doc>Pauses the test executed for the given time.</doc>
<msg timestamp="20260805 12:02:17.327" level="INFO">Slept 500 milliseconds</msg>
<status status="PASS" starttime="20260805 12:02:16.827" endtime="20260805 12:02:17.327"/>
</kw>
<kw name="Get Txt From Img" library="oreganlibs.VideoCapturer">
<var>${version}</var>
<arg>./${project}/${test_plan}/temp/cropped.png</arg>
<doc>OCR gets the text found in a picture.</doc>
<msg timestamp="20260805 12:02:17.685" level="INFO">${version} = 3,7.36-F
</msg>
<status status="PASS" starttime="20260805 12:02:17.327" endtime="20260805 12:02:17.685"/>
</kw>
<kw name="Get Current Date" library="DateTime">
<var>${today}</var>
<arg>result_format=%Y-%m-%d</arg>
<doc>Returns current local or UTC time with an optional increment.</doc>
<msg timestamp="20260805 12:02:17.686" level="INFO">${today} = 2026-08-05</msg>
<status status="PASS" starttime="20260805 12:02:17.686" endtime="20260805 12:02:17.686"/>
</kw>
<kw name="Create File" library="OperatingSystem">
<arg>./${project}/${test_plan}/TestResults/${today}/device_info.txt</arg>
<arg>UI Version: ${version}</arg>
<doc>Creates a file with the given content and encoding.</doc>
<msg timestamp="20260805 12:02:17.687" level="INFO" html="true">Created file '&lt;a href="file://C:\Users\QA-Automation\.jenkins\workspace\TELUS-SMOKE-STB\ONYX\TELUS\TELUS-STB\TELUS-SMOKE-STB\TestResults\2026-08-05\device_info.txt"&gt;C:\Users\QA-Automation\.jenkins\workspace\TELUS-SMOKE-STB\ONYX\TELUS\TELUS-STB\TELUS-SMOKE-STB\TestResults\2026-08-05\device_info.txt&lt;/a&gt;'.</msg>
<status status="PASS" starttime="20260805 12:02:17.686" endtime="20260805 12:02:17.687"/>
</kw>
<kw name="Create Json" library="Ir">
<arg>TUT</arg>
<arg>5fa03affb38e6100713cd81b</arg>
<arg>${version}</arg>
<doc>Creates a JSON file containing the datails required to post the test results on devices with not ADB</doc>
<status status="PASS" starttime="20260805 12:02:17.687" endtime="20260805 12:02:18.690"/>
</kw>
<status status="PASS" starttime="20260805 12:02:00.582" endtime="20260805 12:02:18.690"/>
</kw>
<kw name="Press Back" library="Ir">
<arg>${5}</arg>
<doc>Sends keyevent KEYCODE_BACK "n" number of times through IR.</doc>
<status status="PASS" starttime="20260805 12:02:18.690" endtime="20260805 12:02:21.337"/>
</kw>
<kw name="Press Vol Up" library="Ir">
<arg>${20}</arg>
<doc>Sends keyevent KEYCODE_VOLUME_UP "n" number of times through IR.</doc>
<status status="PASS" starttime="20260805 12:02:21.337" endtime="20260805 12:02:38.178"/>
</kw>
<kw name="Enter Channel Number" library="keywords-optik">
<arg>580</arg>
<doc>Enters a channel number digit-by-digit and confirms with OK.
A small delay is added between digits since the STB can
occasionally miss one if IR commands arrive too close
together (e.g. "580" landing as "58").</doc>
<kw name="Split String To Characters" library="String">
<var>@{digits}</var>
<arg>${channel_number}</arg>
<doc>Splits the given ``string`` to characters.</doc>
<msg timestamp="20260805 12:02:38.178" level="INFO">@{digits} = [ 5 | 8 | 0 ]</msg>
<status status="PASS" starttime="20260805 12:02:38.178" endtime="20260805 12:02:38.178"/>
</kw>
<for flavor="IN">
<var>${digit}</var>
<value>@{digits}</value>
<iter>
<var name="${digit}">5</var>
<kw name="Send Ir New" library="Ir">
<arg>optik_ir_new</arg>
<arg>${digit}</arg>
<status status="PASS" starttime="20260805 12:02:38.179" endtime="20260805 12:02:39.039"/>
</kw>
<kw name="Sleep" library="BuiltIn">
<arg>0.4s</arg>
<doc>Pauses the test executed for the given time.</doc>
<msg timestamp="20260805 12:02:39.439" level="INFO">Slept 400 milliseconds</msg>
<status status="PASS" starttime="20260805 12:02:39.039" endtime="20260805 12:02:39.439"/>
</kw>
<status status="PASS" starttime="20260805 12:02:38.179" endtime="20260805 12:02:39.439"/>
</iter>
<iter>
<var name="${digit}">8</var>
<kw name="Send Ir New" library="Ir">
<arg>optik_ir_new</arg>
<arg>${digit}</arg>
<status status="PASS" starttime="20260805 12:02:39.439" endtime="20260805 12:02:39.970"/>
</kw>
<kw name="Sleep" library="BuiltIn">
<arg>0.4s</arg>
<doc>Pauses the test executed for the given time.</doc>
<msg timestamp="20260805 12:02:40.371" level="INFO">Slept 400 milliseconds</msg>
<status status="PASS" starttime="20260805 12:02:39.970" endtime="20260805 12:02:40.371"/>
</kw>
<status status="PASS" starttime="20260805 12:02:39.439" endtime="20260805 12:02:40.371"/>
</iter>
<iter>
<var name="${digit}">0</var>
<kw name="Send Ir New" library="Ir">
<arg>optik_ir_new</arg>
<arg>${digit}</arg>
<status status="PASS" starttime="20260805 12:02:40.371" endtime="20260805 12:02:40.907"/>
</kw>
<kw name="Sleep" library="BuiltIn">
<arg>0.4s</arg>
<doc>Pauses the test executed for the given time.</doc>
<msg timestamp="20260805 12:02:41.307" level="INFO">Slept 400 milliseconds</msg>
<status status="PASS" starttime="20260805 12:02:40.907" endtime="20260805 12:02:41.307"/>
</kw>
<status status="PASS" starttime="20260805 12:02:40.371" endtime="20260805 12:02:41.307"/>
</iter>
<status status="PASS" starttime="20260805 12:02:38.178" endtime="20260805 12:02:41.307"/>
</for>
<kw name="Send Ir New" library="Ir">
<arg>optik_ir_new</arg>
<arg>ok</arg>
<status status="PASS" starttime="20260805 12:02:41.307" endtime="20260805 12:02:41.837"/>
</kw>
<status status="PASS" starttime="20260805 12:02:38.178" endtime="20260805 12:02:41.837"/>
</kw>
<kw name="Sleep" library="BuiltIn">
<arg>5s</arg>
<doc>Pauses the test executed for the given time.</doc>
<msg timestamp="20260805 12:02:46.838" level="INFO">Slept 5 seconds</msg>
<status status="PASS" starttime="20260805 12:02:41.837" endtime="20260805 12:02:46.838"/>
</kw>
<kw name="Channel Available Zap" library="keywords-optik">
<kw name="Wait Pixel V3" library="oreganlibs.VideoCapturer">
<var>${ui_element}</var>
<arg>${1130}</arg>
<arg>${190}</arg>
<arg>${20}</arg>
<arg>${6}</arg>
<doc>Waits until a defined pixel gets the given RGB values within a timeout.</doc>
<msg timestamp="20260805 12:02:49.469" level="INFO">18
104</msg>
<msg timestamp="20260805 12:02:49.469" level="INFO">${ui_element} = True</msg>
<status status="PASS" starttime="20260805 12:02:46.838" endtime="20260805 12:02:49.469"/>
</kw>
<while condition="${ui_element} == ${False}" limit="10">
<iter>
<kw name="Send Ir New" library="Ir">
<arg>optik_ir_new</arg>
<arg>channelplus</arg>
<status status="NOT RUN" starttime="20260805 12:02:49.469" endtime="20260805 12:02:49.469"/>
</kw>
<kw name="Send Ir New" library="Ir">
<arg>optik_ir_new</arg>
<arg>up</arg>
<status status="NOT RUN" starttime="20260805 12:02:49.469" endtime="20260805 12:02:49.469"/>
</kw>
<kw name="Send Ir New" library="Ir">
<arg>optik_ir_new</arg>
<arg>channelplus</arg>
<status status="NOT RUN" starttime="20260805 12:02:49.470" endtime="20260805 12:02:49.470"/>
</kw>
<kw name="Send Ir New" library="Ir">
<arg>optik_ir_new</arg>
<arg>up</arg>
<status status="NOT RUN" starttime="20260805 12:02:49.470" endtime="20260805 12:02:49.470"/>
</kw>
<kw name="Send Ir New" library="Ir">
<arg>optik_ir_new</arg>
<arg>channelplus</arg>
<status status="NOT RUN" starttime="20260805 12:02:49.470" endtime="20260805 12:02:49.470"/>
</kw>
<kw name="Send Ir New" library="Ir">
<arg>optik_ir_new</arg>
<arg>up</arg>
<status status="NOT RUN" starttime="20260805 12:02:49.470" endtime="20260805 12:02:49.470"/>
</kw>
<kw name="Sleep" library="BuiltIn">
<arg>5s</arg>
<doc>Pauses the test executed for the given time.</doc>
<status status="NOT RUN" starttime="20260805 12:02:49.470" endtime="20260805 12:02:49.470"/>
</kw>
<kw name="Wait Pixel V3" library="oreganlibs.VideoCapturer">
<var>${ui_element}</var>
<arg>${1130}</arg>
<arg>${190}</arg>
<arg>${20}</arg>
<arg>${6}</arg>
<doc>Waits until a defined pixel gets the given RGB values within a timeout.</doc>
<status status="NOT RUN" starttime="20260805 12:02:49.470" endtime="20260805 12:02:49.470"/>
</kw>
<status status="NOT RUN" starttime="20260805 12:02:49.469" endtime="20260805 12:02:49.470"/>
</iter>
<status status="NOT RUN" starttime="20260805 12:02:49.469" endtime="20260805 12:02:49.470"/>
</while>
<kw name="Should Be True" library="BuiltIn">
<arg>${ui_element}</arg>
<arg>msg=Channel Unavailable.</arg>
<doc>Fails if the given condition is not true.</doc>
<status status="PASS" starttime="20260805 12:02:49.470" endtime="20260805 12:02:49.471"/>
</kw>
<status status="PASS" starttime="20260805 12:02:46.838" endtime="20260805 12:02:49.471"/>
</kw>
<kw name="Verify AV playback" library="keywords-optik">
<kw name="Video Detection" library="oreganlibs.VideoCapturer">
<var>${Video_Playback}</var>
<doc>Verifies if there is video playback by taking samples of hash values from different frames.</doc>
<msg timestamp="20260805 12:02:56.218" level="INFO">${Video_Playback} = True</msg>
<status status="PASS" starttime="20260805 12:02:49.471" endtime="20260805 12:02:56.218"/>
</kw>
<kw name="Should Be True" library="BuiltIn">
<arg>${Video_Playback}</arg>
<arg>msg=Reason: Video playback no detected.</arg>
<doc>Fails if the given condition is not true.</doc>
<status status="PASS" starttime="20260805 12:02:56.218" endtime="20260805 12:02:56.219"/>
</kw>
<kw name="Record Audio" library="oreganlibs.VideoCapturer">
<var>${record_audio}</var>
<doc>Record an audio stream as output.wav</doc>
<msg timestamp="20260805 12:03:01.230" level="INFO">${record_audio} = None</msg>
<status status="PASS" starttime="20260805 12:02:56.219" endtime="20260805 12:03:01.231"/>
</kw>
<kw name="Audio Detection" library="oreganlibs.VideoCapturer">
<var>${Audio_Playback}</var>
<doc>Verifies if there is audio in the output.wav file.</doc>
<msg timestamp="20260805 12:03:01.546" level="INFO">${Audio_Playback} = True</msg>
<status status="PASS" starttime="20260805 12:03:01.231" endtime="20260805 12:03:01.546"/>
</kw>
<kw name="Should Be True" library="BuiltIn">
<arg>${Audio_Playback}</arg>
<arg>msg=Reason: Audio playback no detected.</arg>
<doc>Fails if the given condition is not true.</doc>
<status status="PASS" starttime="20260805 12:03:01.546" endtime="20260805 12:03:01.547"/>
</kw>
<status status="PASS" starttime="20260805 12:02:49.471" endtime="20260805 12:03:01.548"/>
</kw>
<kw name="Stop Test Execution" library="keywords-optik" type="TEARDOWN">
<kw name="Stop Recording" library="oreganlibs.VideoCapturer">
<doc>Stops the video and audio recording.</doc>
<status status="PASS" starttime="20260805 12:03:01.548" endtime="20260805 12:03:02.095"/>
</kw>
<kw name="Stream Telnet Logs" library="Ser">
<doc>stream the logs in the terminal</doc>
<msg timestamp="20260805 12:03:02.670" level="INFO">Switched off serial and syslog in all processes!
LOGGING ON
SERIAL LOGGING OFF
SYSLOG LOGGING OFF
[Video:main:buffer:debug] Buffer: 9.25s / 62.82s [Audio: 9.71s / 63.86s, Video: 9.25s / 62.82s]
[Video:main:Events:HTML5:trace] timeupdate 1785952869.28@1.0x(Infinity) started buf:[1785952806.46(72.07s)] HAVE_ENOUGH_DATA NETWORK_LOADING
[ADA:Conviva:debug] [Conviva] [1785952898.780] [DEBUG] [SDK] [Html5Proxy] rx event timeupdate1785952869.276792
[Video:main:buffer:debug] Buffer: 9.05s / 63.02s [Audio: 9.51s / 64.05s, Video: 9.05s / 63.02s]
[Video:main:Events:HTML5:trace] timeupdate 1785952869.48@1.0x(Infinity) started buf:[1785952806.46(72.07s)] HAVE_ENOUGH_DATA NETWORK_LOADING
[ADA:Conviva:debug] [Conviva] [1785952898.980] [DEBUG] [SDK] [Html5Proxy] rx event timeupdate1785952869.476147
Execute command: @cobalt cobalton
[Video:main:buffer:debug] Buffer: 8.85s / 63.22s [Audio: 9.31s / 64.25s, Video: 8.85s / 63.22s]
[Video:main:Events:HTML5:trace] timeupdate 1785952869.68@1.0x(Infinity) started buf:[1785952806.46(72.07s)] HAVE_ENOUGH_DATA NETWORK_LOADING
[ADA:Conviva:debug] [Conviva] [1785952899.180] [DEBUG] [SDK] [Html5Proxy] rx event timeupdate1785952869.675753
[Video:main:buffer:debug] Buffer: 8.66s / 63.42s [Audio: 9.11s / 64.45s, Video: 8.66s / 63.42s]
[Video:main:Events:HTML5:trace] timeupdate 1785952869.87@1.0x(Infinity) started buf:[1785952806.46(72.07s)] HAVE_ENOUGH_DATA NETWORK_LOADING
[ADA:Conviva:debug] [Conviva] [1785952899.380] [DEBUG] [SDK] [Html5Proxy] rx event timeupdate1785952869.875288
[Video:main:redux:trace] 25 RawVideoWindow update: {
  "manifestType": "dynamic",
  "presentationStartTimeOffset": 0,
  "position": 1785952870.073337,
  "duration": null,
  "seekRangeStart": 1785949985.6390002,
  "seekRangeEnd": 1785952872.0604112
} window: {
  "offset": 0,
  "position": 1785952870.073337,
  "duration": null,
  "seekRangeStart": 1785949985.6390002,
  "seekRangeEnd": 1785952872.0604112
}
[Video:main:buffer:debug] Buffer: 8.46s / 63.62s [Audio: 8.92s / 64.65s, Video: 8.46s / 63.62s]
[Platform:Input:debug]  NAV_OK listener added for: NavNodeProvider:root-q8i
[Platform:Input:debug]  NAV_BACK listener added for: NavNodeProvider:root-q8i
[Platform:Input:debug]  NAV_LEFT listener added for: NavNodeProvider:root-q8i
[Platform:Input:debug]  NAV_RIGHT listener added for: NavNodeProvider:root-q8i
[Platform:Input:debug]  NAV_UP listener added for: NavNodeProvider:root-q8i
[Platform:Input:debug]  NAV_DOWN listener added for: NavNodeProvider:root-q8i
[Platform:Input:debug]  NAV_BACK listener added for: 
[Platform:Input:debug]  NAV_LEFT listener added for: 
[Video:main:Events:HTML5:trace] timeupdate 1785952870.09@1.0x(Infinity) started buf:[1785952806.46(72.07s)] HAVE_ENOUGH_DATA NETWORK_LOADING
[ADA:Conviva:debug] [Conviva] [1785952899.600] [DEBUG] [SDK] [Html5Proxy] rx event timeupdate1785952870.094104
Execute command: zacSendCmd ONYX log setAllLevels trace true
Sent command to ONYX
Received custom command - cmd: "log setAllLevels trace true", args: "setAllLevels", "trace", "true"
All loggers level set to trace, persists: true
[Video:main:Events:Shaka:trace] downloadheadersreceived GET type:0 [
  "https://da-d87be7452001056a80020c2c0000000000000069.id.cdn.telus.com/wp/lott4-stb-opus.cdn.avp.telus.net/232006003136/vxfmt=dp/manifest.mpd?device_profile=dashvmx",
  "https://lott4-stb-opus.cdn.avp.telus.net/232006003136/vxfmt=dp/manifest.mpd?device_profile=dashvmx"
] GET
[Video:main:buffer:debug] Buffer: 8.26s / 63.82s [Audio: 8.72s / 64.85s, Video: 8.26s / 63.82s]
[Video:main:Events:HTML5:trace] timeupdate 1785952870.27@1.0x(Infinity) started buf:[1785952806.46(72.07s)] HAVE_ENOUGH_DATA NETWORK_LOADING
[ADA:Conviva:debug] [Conviva] [1785952899.781] [DEBUG] [SDK] [Html5Proxy] rx event timeupdate1785952870.27446
[Video:main:buffer:debug] Buffer: 8.06s / 64.02s [Audio: 8.52s / 65.05s, Video: 8.06s / 64.02s]
[Video:main:Events:HTML5:trace] timeupdate 1785952870.48@1.0x(Infinity) started buf:[1785952806.46(72.07s)] HAVE_ENOUGH_DATA NETWORK_LOADING
[ADA:Conviva:debug] [Conviva] [1785952899.987] [DEBUG] [SDK] [Html5Proxy] rx event timeupdate1785952870.480026
[Video:main:Events:Shaka:trace] downloadcompleted GET [
  "https://da-d87be7452001056a80020c2c0000000000000069.id.cdn.telus.com/wp/lott4-stb-opus.cdn.avp.telus.net/232006003136/vxfmt=dp/manifest.mpd?device_profile=dashvmx",
  "https://lott4-stb-opus.cdn.avp.telus.net/232006003136/vxfmt=dp/manifest.mpd?device_profile=dashvmx"
]
[Video:main:Metrics:trace] Recording playback response metric: manifest https://da-d87be7452001056a80020c2c0000000000000069.id.cdn.telus.com/wp/lott4-stb-opus.cdn.avp.telus.net/232006003136/vxfmt=dp/manifest.mpd?device_profile=dashvmx
[Video:main:Events:Shaka:trace] manifestupdated isLive:true
[Video:main:buffer:debug] Buffer: 7.98s / 64.09s [Audio: 8.44s / 65.12s, Video: 7.98s / 64.09s]
[Video:main:buffer:debug] Buffer: 7.98s / 64.09s [Audio: 8.44s / 65.13s, Video: 7.98s / 64.09s]
[Video:main:Events:HTML5:debug] stalled 1785952870.55@1.0x(Infinity) started buf:[1785952806.46(72.07s)] HAVE_ENOUGH_DATA NETWORK_LOADING
Supported commands:
  L l             Toggle logging on/off
                  at on: switch off serial and syslog, in all processes
  getlog          Toggle logging on/off
  logspec T:*     Change log level in attached process
  ? H h           This help information
  echo &lt;message&gt;  Echo message
  quit            Close transmission channel
  help            Show possible itest commands (shown in serial terminal)
  zacHelp         Show possible ZAC commands
  &lt;dbgCmd&gt;        dbgCmd-commands can be executed (don't write dbgCmd)
  logserialon     Switch on serial logging
  logserialoff    Switch off serial logging
  syslogon        Switch on syslog logging
  syslogoff       Switch off syslog logging
Status:           [zids]
  LOGGING: ON
  SERIAL LOGGING: OFF
  SYSLOG LOGGING: OFF
[Video:main:buffer:debug] Buffer: 7.86s / 64.21s [Audio: 8.32s / 65.25s, Video: 7.86s / 64.21s]
[Video:main:Events:HTML5:trace] timeupdate 1785952870.67@1.0x(Infinity) started buf:[1785952806.46(72.07s)] HAVE_ENOUGH_DATA NETWORK_LOADING
[ADA:Conviva:debug] [Conviva] [1785952900.181] [DEBUG] [SDK] [Html5Proxy] rx event timeupdate1785952870.672219
[Video:main:buffer:debug] Buffer: 7.66s / 64.41s [Audio: 8.12s / 65.45s, Video: 7.66s / 64.41s]
[Video:main:Events:HTML5:trace] timeupdate 1785952870.87@1.0x(Infinity) started buf:[1785952806.46(72.07s)] HAVE_ENOUGH_DATA NETWORK_LOADING
[ADA:Conviva:debug] [Conviva] [1785952900.381] [DEBUG] [SDK] [Html5Proxy] rx event timeupdate1785952870.871703
[Video:main:Metrics:trace] Starting playback request metric: segment [
  "https://da-d87be7452001056a80020c2c0000000000000069.id.cdn.telus.com/wp/lott4-stb-opus.cdn.avp.telus.net/232006003136/vxfmt=dp/h_560443fb069b3972e95bba4661efe223e0_audio1299_0_400000_t17859528789880888.mp4?device_profile=dash_cenccpix_verimatrix%26seg_size=2"
]
[Video:main:redux:trace] 25 RawVideoWindow update: {
  "manifestType": "dynamic",
  "presentationStartTimeOffset": 0,
  "position": 1785952871.069647,
  "duration": null,
  "seekRangeStart": 1785949985.6390002,
  "seekRangeEnd": 1785952873.0604112
} window: {
  "offset": 0,
  "position": 1785952871.069647,
  "duration": null,
  "seekRangeStart": 1785949985.6390002,
  "seekRangeEnd": 1785952873.0604112
}
[Video:main:buffer:debug] Buffer: 7.46s / 64.61s [Audio: 7.92s / 65.65s, Video: 7.46s / 64.61s]
[Platform:Input:debug]  NAV_OK listener added for: NavNodeProvider:root-q8i
[Platform:Input:debug]  NAV_BACK listener added for: NavNodeProvider:root-q8i
[Platform:Input:debug]  NAV_LEFT listener added for: NavNodeProvider:root-q8i
[Platform:Input:debug]  NAV_RIGHT listener added for: NavNodeProvider:root-q8i
[Platform:Input:debug]  NAV_UP listener added for: NavNodeProvider:root-q8i
[Platform:Input:debug]  NAV_DOWN listener added for: NavNodeProvider:root-q8i
[Platform:Input:debug]  NAV_BACK listener added for: 
[Platform:Input:debug]  NAV_LEFT listener added for: 
[Video:main:Events:HTML5:trace] timeupdate 1785952871.09@1.0x(Infinity) started buf:[1785952806.46(72.07s)] HAVE_ENOUGH_DATA NETWORK_LOADING
[ADA:Conviva:debug] [Conviva] [1785952900.601] [DEBUG] [SDK] [Html5Proxy] rx event timeupdate1785952871.090966
LOGGING OFF
SERIAL LOGGING OFF
SYSLOG LOGGING OFF</msg>
<status status="PASS" starttime="20260805 12:03:02.095" endtime="20260805 12:03:02.670"/>
</kw>
<kw name="Finish Telnet Logging" library="Ser">
<arg>${JSON_FILE}</arg>
<msg timestamp="20260805 12:03:10.329" level="INFO">Stopping logs...
Logs stopped

Analyzing logs...

Log Summary:
  TRACE: 20
  DEBUG: 42
  INFO: 41
  WARN: 0
  ERROR: 0
  SILENT: 10
  Onyx-core: 46
  TELUS: 40

✔ No critical errors detected</msg>
<status status="PASS" starttime="20260805 12:03:02.670" endtime="20260805 12:03:10.329"/>
</kw>
<status status="PASS" starttime="20260805 12:03:01.548" endtime="20260805 12:03:10.329"/>
</kw>
<doc>LiveTV should reproduce AV on full screen.</doc>
<tag>AV_Playback</tag>
<tag>Robot</tag>
<tag>TUT-187</tag>
<status status="PASS" starttime="20260805 12:01:37.089" endtime="20260805 12:03:10.329"/>
</test>
<test id="s1-t2" name="Adjust the LiveTV Volume" line="29">
<kw name="Start Test Execution" library="keywords-optik" type="SETUP">
<kw name="Start Recording" library="oreganlibs.VideoCapturer">
<doc>Triggers the video and audio recording.</doc>
<status status="PASS" starttime="20260805 12:03:10.330" endtime="20260805 12:03:11.332"/>
</kw>
<kw name="Begin Telnet Logging" library="Ser">
<arg>${HOST}</arg>
<arg>${USB_PATH}</arg>
<doc>Starts telnet connection on port 19690 and starts saving the logs in a usb</doc>
<msg timestamp="20260805 12:03:14.927" level="INFO">Connecting to 192.168.153.23:19690
Logs started
Logs stored in: F:\Logs\192.168.153.23_2026-08-05_12-03-11</msg>
<status status="PASS" starttime="20260805 12:03:11.332" endtime="20260805 12:03:14.927"/>
</kw>
<kw name="Login" library="keywords-optik">
<kw name="Sleep" library="BuiltIn">
<arg>6s</arg>
<doc>Pauses the test executed for the given time.</doc>
<msg timestamp="20260805 12:03:20.929" level="INFO">Slept 6 seconds</msg>
<status status="PASS" starttime="20260805 12:03:14.927" endtime="20260805 12:03:20.929"/>
</kw>
<kw name="Send Ir New" library="Ir">
<arg>optik_ir_new</arg>
<arg>ok</arg>
<status status="PASS" starttime="20260805 12:03:20.929" endtime="20260805 12:03:21.572"/>
</kw>
<kw name="Sleep" library="BuiltIn">
<arg>6s</arg>
<doc>Pauses the test executed for the given time.</doc>
<msg timestamp="20260805 12:03:27.573" level="INFO">Slept 6 seconds</msg>
<status status="PASS" starttime="20260805 12:03:21.572" endtime="20260805 12:03:27.573"/>
</kw>
<kw name="Wait Text" library="oreganlibs.VideoCapturer">
<var>${ui_element}</var>
<arg>${595}</arg>
<arg>${195}</arg>
<arg>${690}</arg>
<arg>${230}</arg>
<arg>TELUS</arg>
<arg>${5}</arg>
<doc>Waits for a given text until timout is meet.</doc>
<msg timestamp="20260805 12:03:33.732" level="INFO">Text found: /_

Text found: 
Text found:</msg>
<msg timestamp="20260805 12:03:33.732" level="INFO">${ui_element} = False</msg>
<status status="PASS" starttime="20260805 12:03:27.573" endtime="20260805 12:03:33.732"/>
</kw>
<if>
<branch type="IF" condition="${ui_element}">
<kw name="Press Back" library="Ir">
<arg>${5}</arg>
<doc>Sends keyevent KEYCODE_BACK "n" number of times through IR.</doc>
<status status="NOT RUN" starttime="20260805 12:03:33.733" endtime="20260805 12:03:33.733"/>
</kw>
<kw name="Dpad Up" library="Ir">
<arg>${5}</arg>
<doc>Sends keyevent KEYCODE_DPAD_UP "n" number of times through IR.</doc>
<status status="NOT RUN" starttime="20260805 12:03:33.733" endtime="20260805 12:03:33.733"/>
</kw>
<kw name="Send Ir New" library="Ir">
<arg>optik_ir_new</arg>
<arg>ok</arg>
<status status="NOT RUN" starttime="20260805 12:03:33.733" endtime="20260805 12:03:33.733"/>
</kw>
<for flavor="IN RANGE">
<var>${i}</var>
<value>10</value>
<iter>
<var name="${i}"/>
<kw name="Send Ir New" library="Ir">
<arg>optik_ir_new</arg>
<arg>right</arg>
<status status="NOT RUN" starttime="20260805 12:03:33.733" endtime="20260805 12:03:33.733"/>
</kw>
<status status="NOT RUN" starttime="20260805 12:03:33.733" endtime="20260805 12:03:33.733"/>
</iter>
<status status="NOT RUN" starttime="20260805 12:03:33.733" endtime="20260805 12:03:33.733"/>
</for>
<for flavor="IN RANGE">
<var>${i}</var>
<value>2</value>
<iter>
<var name="${i}"/>
<kw name="Send Ir New" library="Ir">
<arg>optik_ir_new</arg>
<arg>down</arg>
<status status="NOT RUN" starttime="20260805 12:03:33.733" endtime="20260805 12:03:33.733"/>
</kw>
<status status="NOT RUN" starttime="20260805 12:03:33.733" endtime="20260805 12:03:33.733"/>
</iter>
<status status="NOT RUN" starttime="20260805 12:03:33.733" endtime="20260805 12:03:33.733"/>
</for>
<for flavor="IN RANGE">
<var>${i}</var>
<value>20</value>
<iter>
<var name="${i}"/>
<kw name="Send Ir New" library="Ir">
<arg>optik_ir_new</arg>
<arg>ok</arg>
<status status="NOT RUN" starttime="20260805 12:03:33.734" endtime="20260805 12:03:33.734"/>
</kw>
<kw name="Press Vol Up" library="Ir">
<arg>${1}</arg>
<doc>Sends keyevent KEYCODE_VOLUME_UP "n" number of times through IR.</doc>
<status status="NOT RUN" starttime="20260805 12:03:33.734" endtime="20260805 12:03:33.734"/>
</kw>
<status status="NOT RUN" starttime="20260805 12:03:33.734" endtime="20260805 12:03:33.734"/>
</iter>
<status status="NOT RUN" starttime="20260805 12:03:33.733" endtime="20260805 12:03:33.734"/>
</for>
<for flavor="IN RANGE">
<var>${i}</var>
<value>2</value>
<iter>
<var name="${i}"/>
<kw name="Send Ir New" library="Ir">
<arg>optik_ir_new</arg>
<arg>up</arg>
<status status="NOT RUN" starttime="20260805 12:03:33.734" endtime="20260805 12:03:33.735"/>
</kw>
<status status="NOT RUN" starttime="20260805 12:03:33.734" endtime="20260805 12:03:33.735"/>
</iter>
<status status="NOT RUN" starttime="20260805 12:03:33.734" endtime="20260805 12:03:33.735"/>
</for>
<kw name="Send Ir New" library="Ir">
<arg>optik_ir_new</arg>
<arg>left</arg>
<status status="NOT RUN" starttime="20260805 12:03:33.735" endtime="20260805 12:03:33.736"/>
</kw>
<kw name="Send Ir New" library="Ir">
<arg>optik_ir_new</arg>
<arg>ok</arg>
<status status="NOT RUN" starttime="20260805 12:03:33.736" endtime="20260805 12:03:33.736"/>
</kw>
<kw name="Send Ir New" library="Ir">
<arg>optik_ir_new</arg>
<arg>right</arg>
<status status="NOT RUN" starttime="20260805 12:03:33.736" endtime="20260805 12:03:33.736"/>
</kw>
<kw name="Send Ir New" library="Ir">
<arg>optik_ir_new</arg>
<arg>ok</arg>
<status status="NOT RUN" starttime="20260805 12:03:33.736" endtime="20260805 12:03:33.736"/>
</kw>
<for flavor="IN RANGE">
<var>${i}</var>
<value>5</value>
<iter>
<var name="${i}"/>
<kw name="Send Ir New" library="Ir">
<arg>optik_ir_new</arg>
<arg>left</arg>
<status status="NOT RUN" starttime="20260805 12:03:33.736" endtime="20260805 12:03:33.736"/>
</kw>
<status status="NOT RUN" starttime="20260805 12:03:33.736" endtime="20260805 12:03:33.736"/>
</iter>
<status status="NOT RUN" starttime="20260805 12:03:33.736" endtime="20260805 12:03:33.736"/>
</for>
<kw name="Send Ir New" library="Ir">
<arg>optik_ir_new</arg>
<arg>ok</arg>
<status status="NOT RUN" starttime="20260805 12:03:33.736" endtime="20260805 12:03:33.736"/>
</kw>
<for flavor="IN RANGE">
<var>${i}</var>
<value>3</value>
<iter>
<var name="${i}"/>
<kw name="Send Ir New" library="Ir">
<arg>optik_ir_new</arg>
<arg>right</arg>
<status status="NOT RUN" starttime="20260805 12:03:33.736" endtime="20260805 12:03:33.736"/>
</kw>
<status status="NOT RUN" starttime="20260805 12:03:33.736" endtime="20260805 12:03:33.736"/>
</iter>
<status status="NOT RUN" starttime="20260805 12:03:33.736" endtime="20260805 12:03:33.736"/>
</for>
<kw name="Send Ir New" library="Ir">
<arg>optik_ir_new</arg>
<arg>ok</arg>
<status status="NOT RUN" starttime="20260805 12:03:33.736" endtime="20260805 12:03:33.736"/>
</kw>
<kw name="Send Ir New" library="Ir">
<arg>optik_ir_new</arg>
<arg>down</arg>
<status status="NOT RUN" starttime="20260805 12:03:33.737" endtime="20260805 12:03:33.737"/>
</kw>
<kw name="Send Ir New" library="Ir">
<arg>optik_ir_new</arg>
<arg>ok</arg>
<status status="NOT RUN" starttime="20260805 12:03:33.737" endtime="20260805 12:03:33.737"/>
</kw>
<kw name="Send Ir New" library="Ir">
<arg>optik_ir_new</arg>
<arg>right</arg>
<status status="NOT RUN" starttime="20260805 12:03:33.737" endtime="20260805 12:03:33.737"/>
</kw>
<kw name="Send Ir New" library="Ir">
<arg>optik_ir_new</arg>
<arg>down</arg>
<status status="NOT RUN" starttime="20260805 12:03:33.737" endtime="20260805 12:03:33.737"/>
</kw>
<kw name="Send Ir New" library="Ir">
<arg>optik_ir_new</arg>
<arg>ok</arg>
<status status="NOT RUN" starttime="20260805 12:03:33.737" endtime="20260805 12:03:33.737"/>
</kw>
<for flavor="IN RANGE">
<var>${i}</var>
<value>4</value>
<iter>
<var name="${i}"/>
<kw name="Send Ir New" library="Ir">
<arg>optik_ir_new</arg>
<arg>left</arg>
<status status="NOT RUN" starttime="20260805 12:03:33.737" endtime="20260805 12:03:33.737"/>
</kw>
<status status="NOT RUN" starttime="20260805 12:03:33.737" endtime="20260805 12:03:33.737"/>
</iter>
<status status="NOT RUN" starttime="20260805 12:03:33.737" endtime="20260805 12:03:33.737"/>
</for>
<for flavor="IN RANGE">
<var>${i}</var>
<value>2</value>
<iter>
<var name="${i}"/>
<kw name="Send Ir New" library="Ir">
<arg>optik_ir_new</arg>
<arg>up</arg>
<status status="NOT RUN" starttime="20260805 12:03:33.737" endtime="20260805 12:03:33.737"/>
</kw>
<status status="NOT RUN" starttime="20260805 12:03:33.737" endtime="20260805 12:03:33.737"/>
</iter>
<status status="NOT RUN" starttime="20260805 12:03:33.737" endtime="20260805 12:03:33.737"/>
</for>
<kw name="Send Ir New" library="Ir">
<arg>optik_ir_new</arg>
<arg>ok</arg>
<status status="NOT RUN" starttime="20260805 12:03:33.737" endtime="20260805 12:03:33.738"/>
</kw>
<kw name="Sleep" library="BuiltIn">
<arg>40s</arg>
<doc>Pauses the test executed for the given time.</doc>
<status status="NOT RUN" starttime="20260805 12:03:33.738" endtime="20260805 12:03:33.738"/>
</kw>
<status status="NOT RUN" starttime="20260805 12:03:33.733" endtime="20260805 12:03:33.738"/>
</branch>
<branch type="ELSE">
<kw name="Log" library="BuiltIn">
<arg>No Login page</arg>
<doc>Logs the given message with the given level.</doc>
<msg timestamp="20260805 12:03:33.738" level="INFO">No Login page</msg>
<status status="PASS" starttime="20260805 12:03:33.738" endtime="20260805 12:03:33.738"/>
</kw>
<status status="PASS" starttime="20260805 12:03:33.738" endtime="20260805 12:03:33.738"/>
</branch>
<status status="PASS" starttime="20260805 12:03:33.733" endtime="20260805 12:03:33.738"/>
</if>
<status status="PASS" starttime="20260805 12:03:14.927" endtime="20260805 12:03:33.738"/>
</kw>
<status status="PASS" starttime="20260805 12:03:10.330" endtime="20260805 12:03:33.738"/>
</kw>
<kw name="Press Vol Down" library="Ir">
<arg>${30}</arg>
<doc>Sends keyevent KEYCODE_VOLUME_DOWN "n" number of times through IR.</doc>
<status status="PASS" starttime="20260805 12:03:33.738" endtime="20260805 12:03:49.661"/>
</kw>
<kw name="Verify no Audio playback" library="keywords-optik">
<kw name="Record Audio" library="oreganlibs.VideoCapturer">
<var>${record_audio}</var>
<doc>Record an audio stream as output.wav</doc>
<msg timestamp="20260805 12:03:54.678" level="INFO">${record_audio} = None</msg>
<status status="PASS" starttime="20260805 12:03:49.661" endtime="20260805 12:03:54.678"/>
</kw>
<kw name="Audio Detection" library="oreganlibs.VideoCapturer">
<var>${test_audio}</var>
<doc>Verifies if there is audio in the output.wav file.</doc>
<msg timestamp="20260805 12:03:54.979" level="INFO">${test_audio} = False</msg>
<status status="PASS" starttime="20260805 12:03:54.678" endtime="20260805 12:03:54.979"/>
</kw>
<kw name="Should Not Be True" library="BuiltIn">
<arg>${test_audio}</arg>
<arg>msg=Reason: Audio playback detected.</arg>
<doc>Fails if the given condition is true.</doc>
<status status="PASS" starttime="20260805 12:03:54.979" endtime="20260805 12:03:54.980"/>
</kw>
<status status="PASS" starttime="20260805 12:03:49.661" endtime="20260805 12:03:54.980"/>
</kw>
<for flavor="IN RANGE">
<var>${i}</var>
<value>2</value>
<iter>
<var name="${i}">0</var>
<kw name="Verify Audio Changes" library="keywords-optik">
<var>${audio}</var>
<kw name="Record Audio" library="oreganlibs.VideoCapturer">
<var>${record_audio}</var>
<doc>Record an audio stream as output.wav</doc>
<msg timestamp="20260805 12:03:59.989" level="INFO">${record_audio} = None</msg>
<status status="PASS" starttime="20260805 12:03:54.980" endtime="20260805 12:03:59.989"/>
</kw>
<kw name="Audio Db" library="oreganlibs.VideoCapturer">
<var>${audio_dB}</var>
<msg timestamp="20260805 12:03:59.999" level="INFO">${audio_dB} = -inf</msg>
<status status="PASS" starttime="20260805 12:03:59.989" endtime="20260805 12:03:59.999"/>
</kw>
<kw name="Press Vol Up" library="Ir">
<arg>${4}</arg>
<doc>Sends keyevent KEYCODE_VOLUME_UP "n" number of times through IR.</doc>
<status status="PASS" starttime="20260805 12:03:59.999" endtime="20260805 12:04:03.111"/>
</kw>
<kw name="Record Audio" library="oreganlibs.VideoCapturer">
<var>${record_audio}</var>
<doc>Record an audio stream as output.wav</doc>
<msg timestamp="20260805 12:04:08.129" level="INFO">${record_audio} = None</msg>
<status status="PASS" starttime="20260805 12:04:03.111" endtime="20260805 12:04:08.129"/>
</kw>
<kw name="Audio Db" library="oreganlibs.VideoCapturer">
<var>${audio1_dB}</var>
<msg timestamp="20260805 12:04:08.140" level="INFO">${audio1_dB} = -34.077498581782486</msg>
<status status="PASS" starttime="20260805 12:04:08.129" endtime="20260805 12:04:08.140"/>
</kw>
<if>
<branch type="IF" condition="$audio1_dB &gt; $audio_dB">
<return>
<value>True</value>
<status status="PASS" starttime="20260805 12:04:08.142" endtime="20260805 12:04:08.142"/>
</return>
<status status="PASS" starttime="20260805 12:04:08.142" endtime="20260805 12:04:08.142"/>
</branch>
<branch type="ELSE">
<kw name="Sleep" library="BuiltIn">
<arg>5s</arg>
<doc>Pauses the test executed for the given time.</doc>
<status status="NOT RUN" starttime="20260805 12:04:08.143" endtime="20260805 12:04:08.143"/>
</kw>
<kw name="Log" library="BuiltIn">
<arg>Second attempt</arg>
<doc>Logs the given message with the given level.</doc>
<status status="NOT RUN" starttime="20260805 12:04:08.143" endtime="20260805 12:04:08.143"/>
</kw>
<kw name="Record Audio" library="oreganlibs.VideoCapturer">
<var>${record_audio}</var>
<doc>Record an audio stream as output.wav</doc>
<status status="NOT RUN" starttime="20260805 12:04:08.143" endtime="20260805 12:04:08.143"/>
</kw>
<kw name="Audio Db" library="oreganlibs.VideoCapturer">
<var>${audio_dB}</var>
<status status="NOT RUN" starttime="20260805 12:04:08.143" endtime="20260805 12:04:08.143"/>
</kw>
<kw name="Record Audio" library="oreganlibs.VideoCapturer">
<var>${record_audio}</var>
<doc>Record an audio stream as output.wav</doc>
<status status="NOT RUN" starttime="20260805 12:04:08.143" endtime="20260805 12:04:08.143"/>
</kw>
<kw name="Audio Db" library="oreganlibs.VideoCapturer">
<var>${audio1_dB}</var>
<status status="NOT RUN" starttime="20260805 12:04:08.143" endtime="20260805 12:04:08.143"/>
</kw>
<if>
<branch type="IF" condition="$audio1_dB &gt; $audio_dB">
<return>
<value>True</value>
<status status="NOT RUN" starttime="20260805 12:04:08.143" endtime="20260805 12:04:08.143"/>
</return>
<status status="NOT RUN" starttime="20260805 12:04:08.143" endtime="20260805 12:04:08.143"/>
</branch>
<branch type="ELSE">
<return>
<value>False</value>
<status status="NOT RUN" starttime="20260805 12:04:08.143" endtime="20260805 12:04:08.143"/>
</return>
<status status="NOT RUN" starttime="20260805 12:04:08.143" endtime="20260805 12:04:08.143"/>
</branch>
<status status="NOT RUN" starttime="20260805 12:04:08.143" endtime="20260805 12:04:08.143"/>
</if>
<status status="NOT RUN" starttime="20260805 12:04:08.143" endtime="20260805 12:04:08.143"/>
</branch>
<status status="PASS" starttime="20260805 12:04:08.140" endtime="20260805 12:04:08.143"/>
</if>
<msg timestamp="20260805 12:04:08.144" level="INFO">${audio} = True</msg>
<status status="PASS" starttime="20260805 12:03:54.980" endtime="20260805 12:04:08.144"/>
</kw>
<kw name="Should Be True" library="BuiltIn">
<arg>${audio}</arg>
<arg>msg=Reason: "Audio does not change".</arg>
<doc>Fails if the given condition is not true.</doc>
<status status="PASS" starttime="20260805 12:04:08.144" endtime="20260805 12:04:08.144"/>
</kw>
<status status="PASS" starttime="20260805 12:03:54.980" endtime="20260805 12:04:08.144"/>
</iter>
<iter>
<var name="${i}">1</var>
<kw name="Verify Audio Changes" library="keywords-optik">
<var>${audio}</var>
<kw name="Record Audio" library="oreganlibs.VideoCapturer">
<var>${record_audio}</var>
<doc>Record an audio stream as output.wav</doc>
<msg timestamp="20260805 12:04:13.159" level="INFO">${record_audio} = None</msg>
<status status="PASS" starttime="20260805 12:04:08.144" endtime="20260805 12:04:13.159"/>
</kw>
<kw name="Audio Db" library="oreganlibs.VideoCapturer">
<var>${audio_dB}</var>
<msg timestamp="20260805 12:04:13.170" level="INFO">${audio_dB} = -36.072854118370536</msg>
<status status="PASS" starttime="20260805 12:04:13.159" endtime="20260805 12:04:13.170"/>
</kw>
<kw name="Press Vol Up" library="Ir">
<arg>${4}</arg>
<doc>Sends keyevent KEYCODE_VOLUME_UP "n" number of times through IR.</doc>
<status status="PASS" starttime="20260805 12:04:13.170" endtime="20260805 12:04:16.278"/>
</kw>
<kw name="Record Audio" library="oreganlibs.VideoCapturer">
<var>${record_audio}</var>
<doc>Record an audio stream as output.wav</doc>
<msg timestamp="20260805 12:04:21.288" level="INFO">${record_audio} = None</msg>
<status status="PASS" starttime="20260805 12:04:16.278" endtime="20260805 12:04:21.288"/>
</kw>
<kw name="Audio Db" library="oreganlibs.VideoCapturer">
<var>${audio1_dB}</var>
<msg timestamp="20260805 12:04:21.298" level="INFO">${audio1_dB} = -28.99740440462539</msg>
<status status="PASS" starttime="20260805 12:04:21.288" endtime="20260805 12:04:21.298"/>
</kw>
<if>
<branch type="IF" condition="$audio1_dB &gt; $audio_dB">
<return>
<value>True</value>
<status status="PASS" starttime="20260805 12:04:21.299" endtime="20260805 12:04:21.299"/>
</return>
<status status="PASS" starttime="20260805 12:04:21.299" endtime="20260805 12:04:21.299"/>
</branch>
<branch type="ELSE">
<kw name="Sleep" library="BuiltIn">
<arg>5s</arg>
<doc>Pauses the test executed for the given time.</doc>
<status status="NOT RUN" starttime="20260805 12:04:21.299" endtime="20260805 12:04:21.299"/>
</kw>
<kw name="Log" library="BuiltIn">
<arg>Second attempt</arg>
<doc>Logs the given message with the given level.</doc>
<status status="NOT RUN" starttime="20260805 12:04:21.299" endtime="20260805 12:04:21.299"/>
</kw>
<kw name="Record Audio" library="oreganlibs.VideoCapturer">
<var>${record_audio}</var>
<doc>Record an audio stream as output.wav</doc>
<status status="NOT RUN" starttime="20260805 12:04:21.299" endtime="20260805 12:04:21.299"/>
</kw>
<kw name="Audio Db" library="oreganlibs.VideoCapturer">
<var>${audio_dB}</var>
<status status="NOT RUN" starttime="20260805 12:04:21.299" endtime="20260805 12:04:21.299"/>
</kw>
<kw name="Record Audio" library="oreganlibs.VideoCapturer">
<var>${record_audio}</var>
<doc>Record an audio stream as output.wav</doc>
<status status="NOT RUN" starttime="20260805 12:04:21.299" endtime="20260805 12:04:21.299"/>
</kw>
<kw name="Audio Db" library="oreganlibs.VideoCapturer">
<var>${audio1_dB}</var>
<status status="NOT RUN" starttime="20260805 12:04:21.300" endtime="20260805 12:04:21.300"/>
</kw>
<if>
<branch type="IF" condition="$audio1_dB &gt; $audio_dB">
<return>
<value>True</value>
<status status="NOT RUN" starttime="20260805 12:04:21.300" endtime="20260805 12:04:21.300"/>
</return>
<status status="NOT RUN" starttime="20260805 12:04:21.300" endtime="20260805 12:04:21.300"/>
</branch>
<branch type="ELSE">
<return>
<value>False</value>
<status status="NOT RUN" starttime="20260805 12:04:21.300" endtime="20260805 12:04:21.300"/>
</return>
<status status="NOT RUN" starttime="20260805 12:04:21.300" endtime="20260805 12:04:21.300"/>
</branch>
<status status="NOT RUN" starttime="20260805 12:04:21.300" endtime="20260805 12:04:21.300"/>
</if>
<status status="NOT RUN" starttime="20260805 12:04:21.299" endtime="20260805 12:04:21.300"/>
</branch>
<status status="PASS" starttime="20260805 12:04:21.298" endtime="20260805 12:04:21.300"/>
</if>
<msg timestamp="20260805 12:04:21.300" level="INFO">${audio} = True</msg>
<status status="PASS" starttime="20260805 12:04:08.144" endtime="20260805 12:04:21.300"/>
</kw>
<kw name="Should Be True" library="BuiltIn">
<arg>${audio}</arg>
<arg>msg=Reason: "Audio does not change".</arg>
<doc>Fails if the given condition is not true.</doc>
<status status="PASS" starttime="20260805 12:04:21.300" endtime="20260805 12:04:21.300"/>
</kw>
<status status="PASS" starttime="20260805 12:04:08.144" endtime="20260805 12:04:21.300"/>
</iter>
<status status="PASS" starttime="20260805 12:03:54.980" endtime="20260805 12:04:21.300"/>
</for>
<kw name="Press Vol Up" library="Ir">
<arg>${20}</arg>
<doc>Sends keyevent KEYCODE_VOLUME_UP "n" number of times through IR.</doc>
<status status="PASS" starttime="20260805 12:04:21.301" endtime="20260805 12:04:38.136"/>
</kw>
<kw name="Stop Test Execution" library="keywords-optik" type="TEARDOWN">
<kw name="Stop Recording" library="oreganlibs.VideoCapturer">
<doc>Stops the video and audio recording.</doc>
<status status="PASS" starttime="20260805 12:04:38.136" endtime="20260805 12:04:38.690"/>
</kw>
<kw name="Stream Telnet Logs" library="Ser">
<doc>stream the logs in the terminal</doc>
<msg timestamp="20260805 12:04:39.284" level="INFO">Switched off serial and syslog in all processes!
LOGGING ON
SERIAL LOGGING OFF
SYSLOG LOGGING OFF
[Video:main:StreamMetrics:debug] streamMetrics: position=1785952968.2s 1.00x duration=Infinity seekRange=-1817.6s,1.4s droppedFrames=51 bitrate=5.50Mbps bandwidth=8.80Mbps liveLatency=13.9s
[Video:main:buffer:debug] Buffer: 6.18s / 25.32s [Audio: 8.50s / 25.32s, Video: 6.18s / 25.86s]
[Video:main:Events:HTML5:trace] timeupdate 1785952968.27@1.0x(Infinity) started buf:[1785952942.94(31.50s)] HAVE_ENOUGH_DATA NETWORK_LOADING
[ADA:Conviva:debug] [Conviva] [1785952992.516] [DEBUG] [SDK] [Html5Proxy] rx event timeupdate1785952968.266401
[Video:main:Events:Shaka:trace] downloadcompleted GET [
  "https://da-d87be7252001056a80020c2a0000000000000037.id.cdn.telus.com/wp/lott5-stb-opus.cdn.avp.telus.net/232006004119/vxfmt=dp/h_2d329cb17c40c9bb95237e18358893bee0_video_3_5300000_t17859529744409555.mp4?device_profile=dash_cenccpix_verimatrix%26seg_size=2"
]
[Video:main:Metrics:trace] Recording playback response metric: segment https://da-d87be7252001056a80020c2a0000000000000037.id.cdn.telus.com/wp/lott5-stb-opus.cdn.avp.telus.net/232006004119/vxfmt=dp/h_2d329cb17c40c9bb95237e18358893bee0_video_3_5300000_t17859529744409555.mp4?device_profile=dash_cenccpix_verimatrix%26seg_size=2
[Video:main:Events:Shaka:trace] segmentappended video startsIn:6.101 duration:2.002
[Video:main:buffer:debug] Buffer: 8.18s / 25.32s [Audio: 8.50s / 25.32s, Video: 8.18s / 25.86s]
[Video:main:redux:trace] 28 RawVideoWindow update: {
  "manifestType": "dynamic",
  "presentationStartTimeOffset": 0,
  "position": 1785952968.464069,
  "duration": null,
  "seekRangeStart": 1785951150.6189997,
  "seekRangeEnd": 1785952969.9790552
} window: {
  "offset": 0,
  "position": 1785952968.464069,
  "duration": null,
  "seekRangeStart": 1785951150.6189997,
  "seekRangeEnd": 1785952969.9790552
}
[Video:main:buffer:debug] Buffer: 7.98s / 25.52s [Audio: 8.30s / 25.52s, Video: 7.98s / 26.06s]
[Platform:Input:debug]  NAV_OK listener added for: NavNodeProvider:root-y5n
[Platform:Input:debug]  NAV_BACK listener added for: NavNodeProvider:root-y5n
[Platform:Input:debug]  NAV_LEFT listener added for: NavNodeProvider:root-y5n
[Platform:Input:debug]  NAV_RIGHT listener added for: NavNodeProvider:root-y5n
[Platform:Input:debug]  NAV_UP listener added for: NavNodeProvider:root-y5n
[Platform:Input:debug]  NAV_DOWN listener added for: NavNodeProvider:root-y5n
[Platform:Input:debug]  NAV_BACK listener added for: 
[Platform:Input:debug]  NAV_LEFT listener added for: 
[Video:main:Events:HTML5:trace] timeupdate 1785952968.50@1.0x(Infinity) started buf:[1785952942.94(33.50s)] HAVE_ENOUGH_DATA NETWORK_LOADING
[ADA:Conviva:debug] [Conviva] [1785952992.752] [DEBUG] [SDK] [Html5Proxy] rx event timeupdate1785952968.501354
[Video:main:buffer:debug] Buffer: 7.86s / 25.64s [Audio: 8.18s / 25.64s, Video: 7.86s / 26.17s]
[Video:main:Events:HTML5:trace] progress 1785952968.58@1.0x(Infinity) started buf:[1785952942.94(33.50s)] HAVE_ENOUGH_DATA NETWORK_LOADING
[Video:main:buffer:debug] Buffer: 7.78s / 25.72s [Audio: 8.10s / 25.72s, Video: 7.78s / 26.25s]
[Video:main:Events:HTML5:trace] timeupdate 1785952968.66@1.0x(Infinity) started buf:[1785952942.94(33.50s)] HAVE_ENOUGH_DATA NETWORK_LOADING
[ADA:Conviva:debug] [Conviva] [1785952992.916] [DEBUG] [SDK] [Html5Proxy] rx event timeupdate1785952968.664603
Execute command: @cobalt cobalton
[Video:main:buffer:debug] Buffer: 7.58s / 25.92s [Audio: 7.90s / 25.92s, Video: 7.58s / 26.45s]
[Video:main:Events:HTML5:trace] timeupdate 1785952968.86@1.0x(Infinity) started buf:[1785952942.94(33.50s)] HAVE_ENOUGH_DATA NETWORK_LOADING
[ADA:Conviva:debug] [Conviva] [1785952993.116] [DEBUG] [SDK] [Html5Proxy] rx event timeupdate1785952968.864128
[Video:main:Events:Shaka:trace] downloadheadersreceived GET type:0 [
  "https://da-d87be7252001056a80020c2a0000000000000037.id.cdn.telus.com/wp/lott5-stb-opus.cdn.avp.telus.net/232006004119/vxfmt=dp/manifest.mpd?device_profile=dashvmx",
  "https://lott5-stb-opus.cdn.avp.telus.net/232006004119/vxfmt=dp/manifest.mpd?device_profile=dashvmx"
] GET
[Video:main:Events:Shaka:trace] downloadcompleted GET [
  "https://da-d87be7252001056a80020c2a0000000000000037.id.cdn.telus.com/wp/lott5-stb-opus.cdn.avp.telus.net/232006004119/vxfmt=dp/manifest.mpd?device_profile=dashvmx",
  "https://lott5-stb-opus.cdn.avp.telus.net/232006004119/vxfmt=dp/manifest.mpd?device_profile=dashvmx"
]
[Video:main:Metrics:trace] Recording playback response metric: manifest https://da-d87be7252001056a80020c2a0000000000000037.id.cdn.telus.com/wp/lott5-stb-opus.cdn.avp.telus.net/232006004119/vxfmt=dp/manifest.mpd?device_profile=dashvmx
[Video:main:Events:Shaka:trace] manifestupdated isLive:true
[Video:main:buffer:debug] Buffer: 7.38s / 26.12s [Audio: 7.70s / 26.12s, Video: 7.38s / 26.65s]
[Video:main:buffer:debug] Buffer: 7.37s / 26.13s [Audio: 7.70s / 26.13s, Video: 7.37s / 26.66s]
[Video:main:Events:HTML5:trace] timeupdate 1785952969.07@1.0x(Infinity) started buf:[1785952942.94(33.50s)] HAVE_ENOUGH_DATA NETWORK_LOADING
[ADA:Conviva:debug] [Conviva] [1785952993.325] [DEBUG] [SDK] [Html5Proxy] rx event timeupdate1785952969.072061
Execute command: zacSendCmd ONYX log setAllLevels trace true
Sent command to ONYX
Received custom command - cmd: "log setAllLevels trace true", args: "setAllLevels", "trace", "true"
All loggers level set to trace, persists: true
[Video:main:buffer:debug] Buffer: 7.17s / 26.33s [Audio: 7.50s / 26.33s, Video: 7.17s / 26.86s]
[Video:main:Events:HTML5:trace] timeupdate 1785952969.27@1.0x(Infinity) started buf:[1785952942.94(33.50s)] HAVE_ENOUGH_DATA NETWORK_LOADING
[ADA:Conviva:debug] [Conviva] [1785952993.525] [DEBUG] [SDK] [Html5Proxy] rx event timeupdate1785952969.271619
[Video:main:redux:trace] 28 RawVideoWindow update: {
  "manifestType": "dynamic",
  "presentationStartTimeOffset": 0,
  "position": 1785952969.270108,
  "duration": null,
  "seekRangeStart": 1785951150.6189997,
  "seekRangeEnd": 1785952970.7870553
} window: {
  "offset": 0,
  "position": 1785952969.270108,
  "duration": null,
  "seekRangeStart": 1785951150.6189997,
  "seekRangeEnd": 1785952970.7870553
}
[Platform:Input:debug]  NAV_OK listener added for: NavNodeProvider:root-y5n
[Platform:Input:debug]  NAV_BACK listener added for: NavNodeProvider:root-y5n
[Platform:Input:debug]  NAV_LEFT listener added for: NavNodeProvider:root-y5n
[Platform:Input:debug]  NAV_RIGHT listener added for: NavNodeProvider:root-y5n
[Platform:Input:debug]  NAV_UP listener added for: NavNodeProvider:root-y5n
[Platform:Input:debug]  NAV_DOWN listener added for: NavNodeProvider:root-y5n
[Platform:Input:debug]  NAV_BACK listener added for: 
[Platform:Input:debug]  NAV_LEFT listener added for: 
[Video:main:buffer:debug] Buffer: 6.96s / 26.54s [Audio: 7.28s / 26.54s, Video: 6.96s / 27.07s]
[Video:main:Events:HTML5:trace] timeupdate 1785952969.48@1.0x(Infinity) started buf:[1785952942.94(33.50s)] HAVE_ENOUGH_DATA NETWORK_LOADING
[ADA:Conviva:debug] [Conviva] [1785952993.738] [DEBUG] [SDK] [Html5Proxy] rx event timeupdate1785952969.484242
Supported commands:
  L l             Toggle logging on/off
                  at on: switch off serial and syslog, in all processes
  getlog          Toggle logging on/off
  logspec T:*     Change log level in attached process
  ? H h           This help information
  echo &lt;message&gt;  Echo message
  quit            Close transmission channel
  help            Show possible itest commands (shown in serial terminal)
  zacHelp         Show possible ZAC commands
  &lt;dbgCmd&gt;        dbgCmd-commands can be executed (don't write dbgCmd)
  logserialon     Switch on serial logging
  logserialoff    Switch off serial logging
  syslogon        Switch on syslog logging
  syslogoff       Switch off syslog logging
Status:           [zids]
  LOGGING: ON
  SERIAL LOGGING: OFF
  SYSLOG LOGGING: OFF
[Video:main:buffer:debug] Buffer: 6.76s / 26.74s [Audio: 7.08s / 26.74s, Video: 6.76s / 27.27s]
[Video:main:Events:HTML5:trace] timeupdate 1785952969.69@1.0x(Infinity) started buf:[1785952942.94(33.50s)] HAVE_ENOUGH_DATA NETWORK_LOADING
[ADA:Conviva:debug] [Conviva] [1785952993.940] [DEBUG] [SDK] [Html5Proxy] rx event timeupdate1785952969.685623
[Video:main:buffer:debug] Buffer: 6.56s / 26.94s [Audio: 6.89s / 26.94s, Video: 6.56s / 27.47s]
[Video:main:Events:HTML5:trace] timeupdate 1785952969.88@1.0x(Infinity) started buf:[1785952942.94(33.50s)] HAVE_ENOUGH_DATA NETWORK_LOADING
[ADA:Conviva:debug] [Conviva] [1785952994.138] [DEBUG] [SDK] [Html5Proxy] rx event timeupdate1785952969.883084
[Video:main:buffer:debug] Buffer: 6.36s / 27.14s [Audio: 6.69s / 27.14s, Video: 6.36s / 27.67s]
[Video:main:Events:HTML5:trace] timeupdate 1785952970.08@1.0x(Infinity) started buf:[1785952942.94(33.50s)] HAVE_ENOUGH_DATA NETWORK_LOADING
[ADA:Conviva:debug] [Conviva] [1785952994.338] [DEBUG] [SDK] [Html5Proxy] rx event timeupdate1785952970.082637
LOGGING OFF
SERIAL LOGGING OFF
SYSLOG LOGGING OFF
Setting=system.output.masterVolume has changed
Setting=system.output.masterVolume has changed
Setting=system.output.masterVolume has changed
Setting=system.output.masterVolume has changed
Setting=system.output.masterVolume has changed
Setting=system.output.masterVolume has changed
Setting=system.output.masterVolume has changed
Setting=system.output.masterVolume has changed
Setting=system.output.masterVolume has changed
Setting=system.output.masterVolume has changed
Setting=system.output.masterVolume has changed
Setting=system.output.masterVolume has changed
Setting=system.output.masterVolume has changed
Setting=system.output.masterVolume has changed
Setting=system.output.masterVolume has changed
Setting=system.output.masterVolume has changed
Setting=system.output.masterVolume has changed
Setting=system.output.masterVolume has changed
Setting=system.output.masterVolume has changed
Setting=system.output.masterVolume has changed
Setting=system.output.masterVolume has changed
Setting=system.output.masterVolume has changed
Setting=system.output.masterVolume has changed
Setting=system.output.masterVolume has changed
Setting=system.output.masterVolume has changed
Setting=system.output.masterVolume has changed
Setting=system.output.masterVolume has changed
Setting=system.output.masterVolume has changed
Setting=system.output.masterVolume has changed
Setting=system.output.masterVolume has changed
Setting=system.output.masterVolume has changed
Setting=system.output.masterVolume has changed
Setting=system.output.masterVolume has changed
Setting=system.output.masterVolume has changed
Setting=system.output.masterVolume has changed
Setting=system.output.masterVolume has changed
Setting=system.output.masterVolume has changed
Setting=system.output.masterVolume has changed
Setting=system.output.masterVolume has changed
Setting=system.output.masterVolume has changed
Setting=system.output.masterVolume has changed
Setting=system.output.masterVolume has changed
Setting=system.output.masterVolume has changed
Setting=system.output.masterVolume has changed
Setting=system.output.masterVolume has changed
Setting=system.output.masterVolume has changed
Setting=system.output.masterVolume has changed
Setting=system.output.masterVolume has changed
Setting=system.output.masterVolume has changed
Setting=system.output.masterVolume has changed</msg>
<status status="PASS" starttime="20260805 12:04:38.690" endtime="20260805 12:04:39.284"/>
</kw>
<kw name="Finish Telnet Logging" library="Ser">
<arg>${JSON_FILE}</arg>
<msg timestamp="20260805 12:04:44.070" level="INFO">Stopping logs...
Logs stopped

Analyzing logs...

Log Summary:
  TRACE: 23
  DEBUG: 45
  INFO: 45
  WARN: 0
  ERROR: 0
  SILENT: 10
  Onyx-core: 50
  TELUS: 44

✔ No critical errors detected</msg>
<status status="PASS" starttime="20260805 12:04:39.284" endtime="20260805 12:04:44.070"/>
</kw>
<status status="PASS" starttime="20260805 12:04:38.136" endtime="20260805 12:04:44.070"/>
</kw>
<doc>Live TV Volume should be adjusted.</doc>
<tag>AV_Playback</tag>
<tag>Robot</tag>
<tag>TUT-407</tag>
<status status="PASS" starttime="20260805 12:03:10.329" endtime="20260805 12:04:44.070"/>
</test>
<test id="s1-t3" name="Verify AV background with Menu" line="47">
<kw name="Start Test Execution" library="keywords-optik" type="SETUP">
<kw name="Start Recording" library="oreganlibs.VideoCapturer">
<doc>Triggers the video and audio recording.</doc>
<status status="PASS" starttime="20260805 12:04:44.071" endtime="20260805 12:04:45.074"/>
</kw>
<kw name="Begin Telnet Logging" library="Ser">
<arg>${HOST}</arg>
<arg>${USB_PATH}</arg>
<doc>Starts telnet connection on port 19690 and starts saving the logs in a usb</doc>
<msg timestamp="20260805 12:04:48.058" level="INFO">Connecting to 192.168.153.23:19690
Logs started
Logs stored in: F:\Logs\192.168.153.23_2026-08-05_12-04-45</msg>
<status status="PASS" starttime="20260805 12:04:45.074" endtime="20260805 12:04:48.059"/>
</kw>
<kw name="Login" library="keywords-optik">
<kw name="Sleep" library="BuiltIn">
<arg>6s</arg>
<doc>Pauses the test executed for the given time.</doc>
<msg timestamp="20260805 12:04:54.061" level="INFO">Slept 6 seconds</msg>
<status status="PASS" starttime="20260805 12:04:48.059" endtime="20260805 12:04:54.061"/>
</kw>
<kw name="Send Ir New" library="Ir">
<arg>optik_ir_new</arg>
<arg>ok</arg>
<status status="PASS" starttime="20260805 12:04:54.061" endtime="20260805 12:04:54.712"/>
</kw>
<kw name="Sleep" library="BuiltIn">
<arg>6s</arg>
<doc>Pauses the test executed for the given time.</doc>
<msg timestamp="20260805 12:05:00.713" level="INFO">Slept 6 seconds</msg>
<status status="PASS" starttime="20260805 12:04:54.712" endtime="20260805 12:05:00.713"/>
</kw>
<kw name="Wait Text" library="oreganlibs.VideoCapturer">
<var>${ui_element}</var>
<arg>${595}</arg>
<arg>${195}</arg>
<arg>${690}</arg>
<arg>${230}</arg>
<arg>TELUS</arg>
<arg>${5}</arg>
<doc>Waits for a given text until timout is meet.</doc>
<msg timestamp="20260805 12:05:06.847" level="INFO">Text found: 
Text found: 
Text found:</msg>
<msg timestamp="20260805 12:05:06.847" level="INFO">${ui_element} = False</msg>
<status status="PASS" starttime="20260805 12:05:00.713" endtime="20260805 12:05:06.848"/>
</kw>
<if>
<branch type="IF" condition="${ui_element}">
<kw name="Press Back" library="Ir">
<arg>${5}</arg>
<doc>Sends keyevent KEYCODE_BACK "n" number of times through IR.</doc>
<status status="NOT RUN" starttime="20260805 12:05:06.848" endtime="20260805 12:05:06.848"/>
</kw>
<kw name="Dpad Up" library="Ir">
<arg>${5}</arg>
<doc>Sends keyevent KEYCODE_DPAD_UP "n" number of times through IR.</doc>
<status status="NOT RUN" starttime="20260805 12:05:06.848" endtime="20260805 12:05:06.848"/>
</kw>
<kw name="Send Ir New" library="Ir">
<arg>optik_ir_new</arg>
<arg>ok</arg>
<status status="NOT RUN" starttime="20260805 12:05:06.848" endtime="20260805 12:05:06.848"/>
</kw>
<for flavor="IN RANGE">
<var>${i}</var>
<value>10</value>
<iter>
<var name="${i}"/>
<kw name="Send Ir New" library="Ir">
<arg>optik_ir_new</arg>
<arg>right</arg>
<status status="NOT RUN" starttime="20260805 12:05:06.848" endtime="20260805 12:05:06.848"/>
</kw>
<status status="NOT RUN" starttime="20260805 12:05:06.848" endtime="20260805 12:05:06.848"/>
</iter>
<status status="NOT RUN" starttime="20260805 12:05:06.848" endtime="20260805 12:05:06.848"/>
</for>
<for flavor="IN RANGE">
<var>${i}</var>
<value>2</value>
<iter>
<var name="${i}"/>
<kw name="Send Ir New" library="Ir">
<arg>optik_ir_new</arg>
<arg>down</arg>
<status status="NOT RUN" starttime="20260805 12:05:06.848" endtime="20260805 12:05:06.848"/>
</kw>
<status status="NOT RUN" starttime="20260805 12:05:06.848" endtime="20260805 12:05:06.848"/>
</iter>
<status status="NOT RUN" starttime="20260805 12:05:06.848" endtime="20260805 12:05:06.848"/>
</for>
<for flavor="IN RANGE">
<var>${i}</var>
<value>20</value>
<iter>
<var name="${i}"/>
<kw name="Send Ir New" library="Ir">
<arg>optik_ir_new</arg>
<arg>ok</arg>
<status status="NOT RUN" starttime="20260805 12:05:06.849" endtime="20260805 12:05:06.849"/>
</kw>
<kw name="Press Vol Up" library="Ir">
<arg>${1}</arg>
<doc>Sends keyevent KEYCODE_VOLUME_UP "n" number of times through IR.</doc>
<status status="NOT RUN" starttime="20260805 12:05:06.849" endtime="20260805 12:05:06.849"/>
</kw>
<status status="NOT RUN" starttime="20260805 12:05:06.849" endtime="20260805 12:05:06.849"/>
</iter>
<status status="NOT RUN" starttime="20260805 12:05:06.848" endtime="20260805 12:05:06.849"/>
</for>
<for flavor="IN RANGE">
<var>${i}</var>
<value>2</value>
<iter>
<var name="${i}"/>
<kw name="Send Ir New" library="Ir">
<arg>optik_ir_new</arg>
<arg>up</arg>
<status status="NOT RUN" starttime="20260805 12:05:06.849" endtime="20260805 12:05:06.849"/>
</kw>
<status status="NOT RUN" starttime="20260805 12:05:06.849" endtime="20260805 12:05:06.849"/>
</iter>
<status status="NOT RUN" starttime="20260805 12:05:06.849" endtime="20260805 12:05:06.849"/>
</for>
<kw name="Send Ir New" library="Ir">
<arg>optik_ir_new</arg>
<arg>left</arg>
<status status="NOT RUN" starttime="20260805 12:05:06.849" endtime="20260805 12:05:06.849"/>
</kw>
<kw name="Send Ir New" library="Ir">
<arg>optik_ir_new</arg>
<arg>ok</arg>
<status status="NOT RUN" starttime="20260805 12:05:06.849" endtime="20260805 12:05:06.849"/>
</kw>
<kw name="Send Ir New" library="Ir">
<arg>optik_ir_new</arg>
<arg>right</arg>
<status status="NOT RUN" starttime="20260805 12:05:06.849" endtime="20260805 12:05:06.849"/>
</kw>
<kw name="Send Ir New" library="Ir">
<arg>optik_ir_new</arg>
<arg>ok</arg>
<status status="NOT RUN" starttime="20260805 12:05:06.849" endtime="20260805 12:05:06.849"/>
</kw>
<for flavor="IN RANGE">
<var>${i}</var>
<value>5</value>
<iter>
<var name="${i}"/>
<kw name="Send Ir New" library="Ir">
<arg>optik_ir_new</arg>
<arg>left</arg>
<status status="NOT RUN" starttime="20260805 12:05:06.850" endtime="20260805 12:05:06.850"/>
</kw>
<status status="NOT RUN" starttime="20260805 12:05:06.849" endtime="20260805 12:05:06.850"/>
</iter>
<status status="NOT RUN" starttime="20260805 12:05:06.849" endtime="20260805 12:05:06.850"/>
</for>
<kw name="Send Ir New" library="Ir">
<arg>optik_ir_new</arg>
<arg>ok</arg>
<status status="NOT RUN" starttime="20260805 12:05:06.850" endtime="20260805 12:05:06.850"/>
</kw>
<for flavor="IN RANGE">
<var>${i}</var>
<value>3</value>
<iter>
<var name="${i}"/>
<kw name="Send Ir New" library="Ir">
<arg>optik_ir_new</arg>
<arg>right</arg>
<status status="NOT RUN" starttime="20260805 12:05:06.850" endtime="20260805 12:05:06.850"/>
</kw>
<status status="NOT RUN" starttime="20260805 12:05:06.850" endtime="20260805 12:05:06.850"/>
</iter>
<status status="NOT RUN" starttime="20260805 12:05:06.850" endtime="20260805 12:05:06.850"/>
</for>
<kw name="Send Ir New" library="Ir">
<arg>optik_ir_new</arg>
<arg>ok</arg>
<status status="NOT RUN" starttime="20260805 12:05:06.850" endtime="20260805 12:05:06.850"/>
</kw>
<kw name="Send Ir New" library="Ir">
<arg>optik_ir_new</arg>
<arg>down</arg>
<status status="NOT RUN" starttime="20260805 12:05:06.850" endtime="20260805 12:05:06.850"/>
</kw>
<kw name="Send Ir New" library="Ir">
<arg>optik_ir_new</arg>
<arg>ok</arg>
<status status="NOT RUN" starttime="20260805 12:05:06.850" endtime="20260805 12:05:06.850"/>
</kw>
<kw name="Send Ir New" library="Ir">
<arg>optik_ir_new</arg>
<arg>right</arg>
<status status="NOT RUN" starttime="20260805 12:05:06.850" endtime="20260805 12:05:06.850"/>
</kw>
<kw name="Send Ir New" library="Ir">
<arg>optik_ir_new</arg>
<arg>down</arg>
<status status="NOT RUN" starttime="20260805 12:05:06.850" endtime="20260805 12:05:06.850"/>
</kw>
<kw name="Send Ir New" library="Ir">
<arg>optik_ir_new</arg>
<arg>ok</arg>
<status status="NOT RUN" starttime="20260805 12:05:06.850" endtime="20260805 12:05:06.850"/>
</kw>
<for flavor="IN RANGE">
<var>${i}</var>
<value>4</value>
<iter>
<var name="${i}"/>
<kw name="Send Ir New" library="Ir">
<arg>optik_ir_new</arg>
<arg>left</arg>
<status status="NOT RUN" starttime="20260805 12:05:06.851" endtime="20260805 12:05:06.851"/>
</kw>
<status status="NOT RUN" starttime="20260805 12:05:06.851" endtime="20260805 12:05:06.851"/>
</iter>
<status status="NOT RUN" starttime="20260805 12:05:06.850" endtime="20260805 12:05:06.851"/>
</for>
<for flavor="IN RANGE">
<var>${i}</var>
<value>2</value>
<iter>
<var name="${i}"/>
<kw name="Send Ir New" library="Ir">
<arg>optik_ir_new</arg>
<arg>up</arg>
<status status="NOT RUN" starttime="20260805 12:05:06.851" endtime="20260805 12:05:06.851"/>
</kw>
<status status="NOT RUN" starttime="20260805 12:05:06.851" endtime="20260805 12:05:06.851"/>
</iter>
<status status="NOT RUN" starttime="20260805 12:05:06.851" endtime="20260805 12:05:06.851"/>
</for>
<kw name="Send Ir New" library="Ir">
<arg>optik_ir_new</arg>
<arg>ok</arg>
<status status="NOT RUN" starttime="20260805 12:05:06.851" endtime="20260805 12:05:06.851"/>
</kw>
<kw name="Sleep" library="BuiltIn">
<arg>40s</arg>
<doc>Pauses the test executed for the given time.</doc>
<status status="NOT RUN" starttime="20260805 12:05:06.851" endtime="20260805 12:05:06.851"/>
</kw>
<status status="NOT RUN" starttime="20260805 12:05:06.848" endtime="20260805 12:05:06.851"/>
</branch>
<branch type="ELSE">
<kw name="Log" library="BuiltIn">
<arg>No Login page</arg>
<doc>Logs the given message with the given level.</doc>
<msg timestamp="20260805 12:05:06.851" level="INFO">No Login page</msg>
<status status="PASS" starttime="20260805 12:05:06.851" endtime="20260805 12:05:06.851"/>
</kw>
<status status="PASS" starttime="20260805 12:05:06.851" endtime="20260805 12:05:06.851"/>
</branch>
<status status="PASS" starttime="20260805 12:05:06.848" endtime="20260805 12:05:06.851"/>
</if>
<status status="PASS" starttime="20260805 12:04:48.059" endtime="20260805 12:05:06.852"/>
</kw>
<status status="PASS" starttime="20260805 12:04:44.071" endtime="20260805 12:05:06.852"/>
</kw>
<kw name="Return To Live TV" library="keywords-optik">
<doc>Returns the STB to a known Live TV state before/after a test.</doc>
<kw name="Press Back" library="Ir">
<arg>${10}</arg>
<doc>Sends keyevent KEYCODE_BACK "n" number of times through IR.</doc>
<status status="PASS" starttime="20260805 12:05:06.852" endtime="20260805 12:05:12.141"/>
</kw>
<status status="PASS" starttime="20260805 12:05:06.852" endtime="20260805 12:05:12.141"/>
</kw>
<kw name="Press Vol Up" library="Ir">
<arg>${20}</arg>
<doc>Sends keyevent KEYCODE_VOLUME_UP "n" number of times through IR.</doc>
<status status="PASS" starttime="20260805 12:05:12.141" endtime="20260805 12:05:28.975"/>
</kw>
<kw name="Verify Menu is shown" library="keywords-optik">
<kw name="Send Ir New" library="Ir">
<arg>optik_ir_new</arg>
<arg>menu</arg>
<status status="PASS" starttime="20260805 12:05:28.975" endtime="20260805 12:05:29.837"/>
</kw>
<kw name="Send Ir New" library="Ir">
<arg>optik_ir_new</arg>
<arg>up</arg>
<status status="PASS" starttime="20260805 12:05:29.837" endtime="20260805 12:05:30.371"/>
</kw>
<kw name="Wait Text" library="oreganlibs.VideoCapturer">
<var>${ui_element}</var>
<arg>${57}</arg>
<arg>${67}</arg>
<arg>${157}</arg>
<arg>${120}</arg>
<arg>Opt</arg>
<arg>${3}</arg>
<doc>Waits for a given text until timout is meet.</doc>
<msg timestamp="20260805 12:05:31.892" level="INFO">Text found: Optik</msg>
<msg timestamp="20260805 12:05:31.892" level="INFO">${ui_element} = True</msg>
<status status="PASS" starttime="20260805 12:05:30.371" endtime="20260805 12:05:31.892"/>
</kw>
<while condition="${ui_element} == ${False}" limit="3">
<iter>
[...]
[ADA:Conviva:debug] main: ADAConviva.notifyVideoSession() called with same session - only update metadata
[ADA:Conviva:debug] main: ada.ADAConviva - Raw tag update: {"c3.app.version":"3.7.36-PROD_TEST","Conviva.frameworkName":"Shaka","Conviva.frameworkVersion":"v4.14.3-42-gd00a7e4d8","stbSerialNumber":"109C8C24-B3AF-48EF-80DF-274FEE175F9B","stbFirmware":"TELUS4K 1.12.1 debug build #406 142","Conviva.applicationName":"TELUSTV-PROD-UPCYCLE-STB","wifiSignalStrength":"Ethernet","screenResolution":"FHD","Conviva.viewerId":"tt-east.trial.3002","UUID":"415ea39a-3f2d-4652-af5c-763a668e0ff4","loggedIn":"true","profileType":"main","profileId":"4062101","sessionId":"dd29874a-0d3b-54e1-9724-c04e8777b8d6","subscriptionType":"optik","channelMap":"geo-vancouver","customerType":"optikmr","inHome":"true","panicMode":"false","Conviva.assetName":"Escape to the Country","Conviva.streamUrl":"https://lott5-stb-opus.cdn.avp.telus.net/232006004186/vxfmt=dp/Manifest.mpd?start_time=2026-08-05T11:58:00Z&amp;end_time=2026-08-05T13:02:00Z&amp;device_profile=dashvmx","c3.cm.categoryType":"TVSHOW","c3.cm.id":"902420a0-2043-4513-831f-e390ecd6ec1c","contentId":"27804931","streamLocation":"local","streamType":"video","showType":"tv_shows","videoResolution":"HD","drm":null,"Conviva.defaultResource":"INHOUSE","cdnHostname":"ac29edm5.cdn.telus.com","cdnURL":"https://lott5-stb-opus.cdn.avp.telus.net/232006004186/vxfmt=dp/Manifest.mpd?start_time=2026-08-05T11:58:00Z&amp;end_time=2026-08-05T13:02:00Z&amp;device_profile=dashvmx","channelId":"28","c3.cm.channel":"Channel 100 CBC Vancouver","Conviva.duration":3840,"Conviva.streamType":"VOD","c3.cm.contentType":"pvr","contentSubtype":"cpvr","playBackMode":"RECORDING_PLAYER","c3.cm.episodeNumber":7,"c3.cm.genre":"House/garden","c3.cm.genreList":"House/garden,Home improvement,Bus./financial,Financial,News","c3.cm.seasonNumber":25,"c3.cm.seriesName":"Escape to the Country","c3.cm.showTitle":"Suffolk","universalMetadataId":"c9239395-4a76-41eb-bd4b-624ec7afdd98","tmsId":"EP005399531837","originalAirDate":1785931200000}
[ADA:Conviva:debug] main: ada.ADAConviva - Prepared tag update: {}
Execute command: zacSendCmd ONYX log setAllLevels trace true
Sent command to ONYX
Received custom command - cmd: "log setAllLevels trace true", args: "setAllLevels", "trace", "true"
All loggers level set to trace, persists: true
[Video:main:buffer:debug] Buffer: 25.76s / 32.30s [Audio: 28.34s / 63.88s, Video: 25.76s / 32.30s]
[Video:main:Events:HTML5:trace] timeupdate 106.38@1.0x(3839.84) started buf:[74.08(58.06s)] HAVE_ENOUGH_DATA NETWORK_LOADING
[ADA:Conviva:debug] [Conviva] [1785954423.427] [DEBUG] [SDK] [Html5Proxy] rx event timeupdate106.376936
[Video:main:buffer:debug] Buffer: 25.58s / 32.48s [Audio: 28.16s / 64.06s, Video: 25.58s / 32.48s]
[Video:main:Events:HTML5:trace] timeupdate 106.56@1.0x(3839.84) started buf:[74.08(58.06s)] HAVE_ENOUGH_DATA NETWORK_LOADING
[ADA:Conviva:debug] [Conviva] [1785954423.626] [DEBUG] [SDK] [Html5Proxy] rx event timeupdate106.55581
[Video:main:Events:Shaka:debug] adaptation 0:en:1280x720:video/mp4 bw:400/3660 (est:5458) codecs: avc1.64001F, ac-3 was(3:en:1280x720:video/mp4)
[Video:main:debug] adaptation state:playing(3839.8s) loaded started 106.7@1.0x(3839.8s)
[Video:main:info] audioLanguage changed to en in response to the adaptation event.
[Video:main:Events:Shaka:debug] downloadfailed GET http:0  uris: [
  "https://da-d173e7c52001056a80020c300000000000000197.id.cdn.telus.com/wp/lott5-stb-opus.cdn.avp.telus.net/232006004186/vxfmt=dp/h_773db50f84c9da865465ef580148ed4de0_video_3_5320000_t17859312129401222.mp4?device_profile=dash_cenccpix_verimatrix%26seg_size=2"
]
[Video:main:Metrics:trace] Starting playback request metric: segment [
  "https://da-d173e7c52001056a80020c300000000000000197.id.cdn.telus.com/wp/lott5-stb-opus.cdn.avp.telus.net/232006004186/vxfmt=dp/h_773db50f84c9da865465ef580148ed4de0_video_0_3660000_t17859310808081222_init.mp4?device_profile=dash_cenccpix_verimatrix%26seg_size=2"
]
[Video:main:Metrics:trace] Starting playback request metric: segment [
  "https://da-d173e7c52001056a80020c300000000000000197.id.cdn.telus.com/wp/lott5-stb-opus.cdn.avp.telus.net/232006004186/vxfmt=dp/h_773db50f84c9da865465ef580148ed4de0_video_0_3660000_t17859312129401222.mp4?device_profile=dash_cenccpix_verimatrix%26seg_size=2"
]
[Video:main:Metrics:trace] Starting playback request metric: segment [
  "https://da-d173e7c52001056a80020c300000000000000197.id.cdn.telus.com/wp/lott5-stb-opus.cdn.avp.telus.net/232006004186/vxfmt=dp/h_773db50f84c9da865465ef580148ed4de0_video_0_3660000_t17859312149421222.mp4?device_profile=dash_cenccpix_verimatrix%26seg_size=2"
]
[Video:main:redux:trace] 71 RawVideoWindow update: {
  "manifestType": "static",
  "presentationStartTimeOffset": 1785931080,
  "position": 106.776493,
  "duration": 3839.836,
  "seekRangeStart": 0,
  "seekRangeEnd": 3839.836
} window: {
  "offset": 0,
  "position": 106.776493,
  "duration": 3839.836,
  "seekRangeStart": 0,
  "seekRangeEnd": 3839.836
}
[Video:main:buffer:debug] Buffer: 25.36s / 32.70s [Audio: 27.94s / 64.28s, Video: 25.36s / 32.70s]
Supported commands:
  L l             Toggle logging on/off
                  at on: switch off serial and syslog, in all processes
  getlog          Toggle logging on/off
  logspec T:*     Change log level in attached process
  ? H h           This help information
  echo &lt;message&gt;  Echo message
  quit            Close transmission channel
  help            Show possible itest commands (shown in serial terminal)
  zacHelp         Show possible ZAC commands
  &lt;dbgCmd&gt;        dbgCmd-commands can be executed (don't write dbgCmd)
  logserialon     Switch on serial logging
  logserialoff    Switch off serial logging
  syslogon        Switch on syslog logging
  syslogoff       Switch off syslog logging
Status:           [zids]
  LOGGING: ON
  SERIAL LOGGING: OFF
  SYSLOG LOGGING: OFF
[Platform:Input:debug]  NAV_OK listener added for: NavNodeProvider:root-m37
[Platform:Input:debug]  NAV_BACK listener added for: NavNodeProvider:root-m37
[Platform:Input:debug]  NAV_LEFT listener added for: NavNodeProvider:root-m37
[Platform:Input:debug]  NAV_RIGHT listener added for: NavNodeProvider:root-m37
[Platform:Input:debug]  NAV_UP listener added for: NavNodeProvider:root-m37
[Platform:Input:debug]  NAV_DOWN listener added for: NavNodeProvider:root-m37
[Platform:Input:debug]  NAV_BACK listener added for: 
[Platform:Input:debug]  NAV_LEFT listener added for: 
[Video:main:Events:HTML5:trace] timeupdate 106.80@1.0x(3839.84) started buf:[74.08(58.06s)] HAVE_ENOUGH_DATA NETWORK_LOADING
[ADA:Conviva:debug] [Conviva] [1785954423.845] [DEBUG] [SDK] [Html5Proxy] rx event timeupdate106.79678
[Video:main:Events:Shaka:trace] downloadheadersreceived GET type:1 [
  "https://da-d173e7c52001056a80020c300000000000000197.id.cdn.telus.com/wp/lott5-stb-opus.cdn.avp.telus.net/232006004186/vxfmt=dp/h_773db50f84c9da865465ef580148ed4de0_video_0_3660000_t17859310808081222_init.mp4?device_profile=dash_cenccpix_verimatrix%26seg_size=2"
] GET
[Video:main:Events:Shaka:trace] downloadcompleted GET [
  "https://da-d173e7c52001056a80020c300000000000000197.id.cdn.telus.com/wp/lott5-stb-opus.cdn.avp.telus.net/232006004186/vxfmt=dp/h_773db50f84c9da865465ef580148ed4de0_video_0_3660000_t17859310808081222_init.mp4?device_profile=dash_cenccpix_verimatrix%26seg_size=2"
]
[Video:main:Metrics:trace] Recording playback response metric: segment https://da-d173e7c52001056a80020c300000000000000197.id.cdn.telus.com/wp/lott5-stb-opus.cdn.avp.telus.net/232006004186/vxfmt=dp/h_773db50f84c9da865465ef580148ed4de0_video_0_3660000_t17859310808081222_init.mp4?device_profile=dash_cenccpix_verimatrix%26seg_size=2
[Video:main:buffer:debug] Buffer: 25.20s / 32.86s [Audio: 27.78s / 64.44s, Video: 25.20s / 32.86s]
[Video:main:Events:HTML5:debug] encrypted 106.93@1.0x(3839.84) started buf:[74.08(58.06s)] HAVE_ENOUGH_DATA NETWORK_LOADING
[Video:main:buffer:debug] Buffer: 25.17s / 32.89s [Audio: 27.75s / 64.47s, Video: 25.17s / 32.89s]
[Video:main:Events:HTML5:trace] timeupdate 106.97@1.0x(3839.84) started buf:[74.08(58.06s)] HAVE_ENOUGH_DATA NETWORK_LOADING
[ADA:Conviva:debug] [Conviva] [1785954424.026] [DEBUG] [SDK] [Html5Proxy] rx event timeupdate106.968151
[Video:main:Events:Shaka:trace] downloadheadersreceived GET type:1 [
  "https://da-d173e7c52001056a80020c300000000000000197.id.cdn.telus.com/wp/lott5-stb-opus.cdn.avp.telus.net/232006004186/vxfmt=dp/h_773db50f84c9da865465ef580148ed4de0_video_0_3660000_t17859312129401222.mp4?device_profile=dash_cenccpix_verimatrix%26seg_size=2"
] GET
[Video:main:Events:Shaka:trace] downloadheadersreceived GET type:1 [
  "https://da-d173e7c52001056a80020c300000000000000197.id.cdn.telus.com/wp/lott5-stb-opus.cdn.avp.telus.net/232006004186/vxfmt=dp/h_773db50f84c9da865465ef580148ed4de0_video_0_3660000_t17859312149421222.mp4?device_profile=dash_cenccpix_verimatrix%26seg_size=2"
] GET
[Video:main:buffer:debug] Buffer: 25.09s / 32.97s [Audio: 27.68s / 64.55s, Video: 25.09s / 32.97s]
[Video:main:Events:HTML5:trace] progress 107.04@1.0x(3839.84) started buf:[74.08(58.06s)] HAVE_ENOUGH_DATA NETWORK_LOADING
[Video:main:buffer:debug] Buffer: 24.99s / 33.07s [Audio: 27.57s / 64.65s, Video: 24.99s / 33.07s]
[Video:main:Events:HTML5:trace] timeupdate 107.15@1.0x(3839.84) started buf:[74.08(58.06s)] HAVE_ENOUGH_DATA NETWORK_LOADING
[ADA:Conviva:debug] [Conviva] [1785954424.226] [DEBUG] [SDK] [Html5Proxy] rx event timeupdate107.147698
[Adac:debug] Got telemetry event: Type: PLAYBACK_ASSET_CHANGED
[Adac:debug] - Time: 1785954424260 = "2026-08-05T18:27:04.260Z"
[Adac:debug] - timeStamp: 1785954424260
[Adac:debug] - videoType: "main"
[Adac:debug] - content: {"_kind":"EPGEventRecording","type":"event","action":{"key":"onClick","uri":"/CONTENT/DETAIL/RECORDING/278049...
[Adac:debug] - videoAsset: {"liveStream":false,"startTime":1785931080,"url":"https://lott5-stb-opus.cdn.avp.telus.net/232006004186/vx...
[Adac:debug] - program: undefined
[Adac:debug] - channel: {"_kind":"EPGChannel","id":"28","url":"https://lott5-stb-opus.cdn.avp.telus.net/232006004186/vxfmt=dp/manifes...
[Adac:debug] - sessionId: 71
[Adac:debug] - playbackType: "cPVR"
[Adac:debug] - activeDRMInfo: {"keySystem":"com.widevine.alpha","licenseServerUri":"https://multidrm.core.verimatrixcloud.net/widevin...
[Adac:debug] - isPurchasePinEnabled: false
[Adac:debug] Got information for tag: media
[Adac:debug] - tag: "media"
[Adac:debug] - pipelines: {"main":{"currentSession":{"id":64,"content":{"_kind":"EPGEventRecording","type":"event","action":{"key":"o...
[Adac:debug] Got telemetry event: Type: PLAYBACK_ASSET_CHANGED
[Adac:debug] - Time: 1785954424287 = "2026-08-05T18:27:04.287Z"
[Adac:debug] - timeStamp: 1785954424287
[Adac:debug] - videoType: "main"
[Adac:debug] - content: {"_kind":"EPGEventRecording","type":"event","action":{"key":"onClick","uri":"/CONTENT/DETAIL/RECORDING/278049...
[Adac:debug] - videoAsset: {"liveStream":false,"startTime":1785931080,"url":"https://lott5-stb-opus.cdn.avp.telus.net/232006004186/vx...
[Adac:debug] - program: {"_kind":"EPGProgram","ageRatingDescription":"G","assetId":27804934,"channelId":"28","description":"A buyer n...
[Adac:debug] - channel: {"_kind":"EPGChannel","id":"28","url":"https://lott5-stb-opus.cdn.avp.telus.net/232006004186/vxfmt=dp/manifes...
[Adac:debug] - sessionId: 71
[Adac:debug] - playbackType: "cPVR"
[Adac:debug] - activeDRMInfo: {"keySystem":"com.widevine.alpha","licenseServerUri":"https://multidrm.core.verimatrixcloud.net/widevin...
[Adac:debug] - isPurchasePinEnabled: false
[Adac:debug] Got information for tag: media
[Adac:debug] - tag: "media"
[Adac:debug] - pipelines: {"main":{"currentSession":{"id":64,"content":{"_kind":"EPGEventRecording","type":"event","action":{"key":"o...
[ADA:Conviva:debug] main: ADAConviva.notifyVideoSession() called with session hash 64 and content info {"Conviva.assetName":"Escape to the Country","Conviva.streamUrl":"https://lott5-stb-opus.cdn.avp.telus.net/232006004186/vxfmt=dp/Manifest.mpd?start_time=2026-08-05T11:58:00Z&amp;end_time=2026-08-05T13:02:00Z&amp;device_profile=dashvmx","c3.cm.categoryType":"TVSHOW","c3.cm.id":"902420a0-2043-4513-831f-e390ecd6ec1c","contentId":"27804931","streamLocation":"local","streamType":"video","showType":"tv_shows","videoResolution":"HD","drm":null,"Conviva.defaultResource":"INHOUSE","cdnHostname":"ac29edm5.cdn.telus.com","cdnURL":"https://lott5-stb-opus.cdn.avp.telus.net/232006004186/vxfmt=dp/Manifest.mpd?start_time=2026-08-05T11:58:00Z&amp;end_time=2026-08-05T13:02:00Z&amp;device_profile=dashvmx","channelId":"28","c3.cm.channel":"Channel 100 CBC Vancouver","Conviva.duration":3840,"Conviva.streamType":"VOD","c3.cm.contentType":"pvr","contentSubtype":"cpvr","playBackMode":"RECORDING_PLAYER","c3.cm.episodeNumber":7,"c3.cm.genre":"House/garden","c3.cm.genreList":"House/garden,Home improvement,Bus./financial,Financial,News","c3.cm.seasonNumber":25,"c3.cm.seriesName":"Escape to the Country","c3.cm.showTitle":"Suffolk","universalMetadataId":"c9239395-4a76-41eb-bd4b-624ec7afdd98","tmsId":"EP005399531837","originalAirDate":1785931200000}
[ADA:Conviva:debug] main: ADAConviva.notifyVideoSession() called with same session - only update metadata
[ADA:Conviva:debug] main: ada.ADAConviva - Raw tag update: {"c3.app.version":"3.7.36-PROD_TEST","Conviva.frameworkName":"Shaka","Conviva.frameworkVersion":"v4.14.3-42-gd00a7e4d8","stbSerialNumber":"109C8C24-B3AF-48EF-80DF-274FEE175F9B","stbFirmware":"TELUS4K 1.12.1 debug build #406 142","Conviva.applicationName":"TELUSTV-PROD-UPCYCLE-STB","wifiSignalStrength":"Ethernet","screenResolution":"FHD","Conviva.viewerId":"tt-east.trial.3002","UUID":"415ea39a-3f2d-4652-af5c-763a668e0ff4","loggedIn":"true","profileType":"main","profileId":"4062101","sessionId":"dd29874a-0d3b-54e1-9724-c04e8777b8d6","subscriptionType":"optik","channelMap":"geo-vancouver","customerType":"optikmr","inHome":"true","panicMode":"false","Conviva.assetName":"Escape to the Country","Conviva.streamUrl":"https://lott5-stb-opus.cdn.avp.telus.net/232006004186/vxfmt=dp/Manifest.mpd?start_time=2026-08-05T11:58:00Z&amp;end_time=2026-08-05T13:02:00Z&amp;device_profile=dashvmx","c3.cm.categoryType":"TVSHOW","c3.cm.id":"902420a0-2043-4513-831f-e390ecd6ec1c","contentId":"27804931","streamLocation":"local","streamType":"video","showType":"tv_shows","videoResolution":"HD","drm":null,"Conviva.defaultResource":"INHOUSE","cdnHostname":"ac29edm5.cdn.telus.com","cdnURL":"https://lott5-stb-opus.cdn.avp.telus.net/232006004186/vxfmt=dp/Manifest.mpd?start_time=2026-08-05T11:58:00Z&amp;end_time=2026-08-05T13:02:00Z&amp;device_profile=dashvmx","channelId":"28","c3.cm.channel":"Channel 100 CBC Vancouver","Conviva.duration":3840,"Conviva.streamType":"VOD","c3.cm.contentType":"pvr","contentSubtype":"cpvr","playBackMode":"RECORDING_PLAYER","c3.cm.episodeNumber":7,"c3.cm.genre":"House/garden","c3.cm.genreList":"House/garden,Home improvement,Bus./financial,Financial,News","c3.cm.seasonNumber":25,"c3.cm.seriesName":"Escape to the Country","c3.cm.showTitle":"Suffolk","universalMetadataId":"c9239395-4a76-41eb-bd4b-624ec7afdd98","tmsId":"EP005399531837","originalAirDate":1785931200000}
[ADA:Conviva:debug] main: ada.ADAConviva - Prepared tag update: {}
LOGGING OFF
SERIAL LOGGING OFF
SYSLOG LOGGING OFF
Setting=system.output.masterVolume has changed
Setting=system.output.masterVolume has changed
Setting=system.output.masterVolume has changed
Setting=system.output.masterVolume has changed
Setting=system.output.masterVolume has changed
Setting=system.output.masterVolume has changed
Setting=system.output.masterVolume has changed
Setting=system.output.masterVolume has changed
Setting=system.output.masterVolume has changed
Setting=system.output.masterVolume has changed
Setting=system.output.masterVolume has changed
Setting=system.output.masterVolume has changed
Setting=system.output.masterVolume has changed
Setting=system.output.masterVolume has changed
Setting=system.output.masterVolume has changed
Setting=system.output.masterVolume has changed
Setting=system.output.masterVolume has changed
Setting=system.output.masterVolume has changed
Setting=system.output.masterVolume has changed
Setting=system.output.masterVolume has changed
Setting=system.output.masterVolume has changed
Setting=system.output.masterVolume has changed
Setting=system.output.masterVolume has changed
Setting=system.output.masterVolume has changed
Setting=system.output.masterVolume has changed
Setting=system.output.masterMute has changed
Setting=system.output.masterMute has changed</msg>
<status status="PASS" starttime="20260805 12:28:55.728" endtime="20260805 12:28:56.569"/>
</kw>
<kw name="Finish Telnet Logging" library="Ser">
<arg>${JSON_FILE}</arg>
<msg timestamp="20260805 12:29:07.010" level="INFO">Stopping logs...
Logs stopped

Analyzing logs...

Log Summary:
  TRACE: 24
  DEBUG: 114
  INFO: 61
  WARN: 0
  ERROR: 0
  SILENT: 18
  Onyx-core: 58
  TELUS: 116

✔ No critical errors detected</msg>
<status status="PASS" starttime="20260805 12:28:56.569" endtime="20260805 12:29:07.010"/>
</kw>
<status status="PASS" starttime="20260805 12:28:55.166" endtime="20260805 12:29:07.010"/>
</kw>
<tag>Player</tag>
<tag>Robot</tag>
<tag>TUT-2568</tag>
<status status="PASS" starttime="20260805 12:27:00.597" endtime="20260805 12:29:07.010"/>
</test>
<doc>TELUS ONYX STB - Smoke test suite</doc>
<status status="FAIL" starttime="N/A" endtime="N/A" elapsedtime="1678470"/>
</suite>
<statistics>
<total>
<stat pass="17" fail="1" skip="2">All Tests</stat>
</total>
<tag>
<stat pass="5" fail="0" skip="0">AV_Playback</stat>
<stat pass="4" fail="0" skip="0">Guide</stat>
<stat pass="7" fail="1" skip="2">Player</stat>
<stat pass="17" fail="1" skip="2">Robot</stat>
<stat pass="1" fail="0" skip="0">Settings</stat>
<stat pass="1" fail="0" skip="0">TUT-187</stat>
<stat pass="1" fail="0" skip="0">TUT-188</stat>
<stat pass="1" fail="0" skip="0">TUT-226</stat>
<stat pass="1" fail="0" skip="0">TUT-227</stat>
<stat pass="1" fail="0" skip="0">TUT-238</stat>
<stat pass="1" fail="0" skip="0">TUT-2555</stat>
<stat pass="1" fail="0" skip="0">TUT-2557</stat>
<stat pass="1" fail="0" skip="0">TUT-2558</stat>
<stat pass="1" fail="0" skip="0">TUT-2560</stat>
<stat pass="0" fail="0" skip="1">TUT-2561</stat>
<stat pass="0" fail="0" skip="1">TUT-2562</stat>
<stat pass="0" fail="1" skip="0">TUT-2567</stat>
<stat pass="1" fail="0" skip="0">TUT-2568</stat>
<stat pass="1" fail="0" skip="0">TUT-404</stat>
<stat pass="1" fail="0" skip="0">TUT-407</stat>
<stat pass="1" fail="0" skip="0">TUT-509</stat>
<stat pass="1" fail="0" skip="0">TUT-526</stat>
<stat pass="1" fail="0" skip="0">TUT-527</stat>
<stat pass="1" fail="0" skip="0">TUT-532</stat>
<stat pass="1" fail="0" skip="0">TUT-535</stat>
</tag>
<suite>
<stat pass="17" fail="1" skip="2" id="s1" name="TELUS-SMOKE-ONYX">TELUS-SMOKE-ONYX</stat>
</suite>
</statistics>
<errors>
<msg timestamp="20260805 12:01:35.510" level="WARN">C:\Users\QA-Automation\.jenkins\workspace\TELUS-SMOKE-STB\env\Lib\site-packages\pydub\utils.py:170: RuntimeWarning: Couldn't find ffmpeg or avconv - defaulting to ffmpeg, but may not work
  warn("Couldn't find ffmpeg or avconv - defaulting to ffmpeg, but may not work", RuntimeWarning)
</msg>
<msg timestamp="20260805 12:29:09.390" level="WARN">C:\Users\QA-Automation\.jenkins\workspace\TELUS-SMOKE-STB\env\Lib\site-packages\pydub\utils.py:170: RuntimeWarning: Couldn't find ffmpeg or avconv - defaulting to ffmpeg, but may not work
  warn("Couldn't find ffmpeg or avconv - defaulting to ffmpeg, but may not work", RuntimeWarning)
</msg>
<msg timestamp="20260805 12:32:35.056" level="WARN">C:\Users\QA-Automation\.jenkins\workspace\TELUS-SMOKE-STB\env\Lib\site-packages\pydub\utils.py:170: RuntimeWarning: Couldn't find ffmpeg or avconv - defaulting to ffmpeg, but may not work
  warn("Couldn't find ffmpeg or avconv - defaulting to ffmpeg, but may not work", RuntimeWarning)
</msg>
</errors>
</robot>
