<?xml version="1.0" encoding="UTF-8"?>
<robot generator="Rebot 5.0.1 (Python 3.11.4 on win32)" generated="20260805 08:32:58.838" rpa="false" schemaversion="3">
<suite id="s1" name="TELUS-SANITY-ONYX" source="C:\Users\QA-Automation\.jenkins\workspace\TELUS-SANITY-STB\ONYX\TELUS\TELUS-STB\TELUS-SANITY-STB\TELUS-SANITY-ONYX.robot">
<test id="s1-t1" name="Standby Cycle Checks" line="35">
<kw name="Start Test Execution" library="keywords-optik" type="SETUP">
<kw name="Start Recording" library="oreganlibs.VideoCapturer">
<doc>Triggers the video and audio recording.</doc>
<status status="PASS" starttime="20260805 00:15:16.316" endtime="20260805 00:15:17.317"/>
</kw>
<status status="PASS" starttime="20260805 00:15:16.315" endtime="20260805 00:15:17.317"/>
</kw>
<kw name="Active Mode Checks" library="keywords-optik">
<kw name="Send Ir New" library="Ir">
<arg>optik_ir_new</arg>
<arg>stdby</arg>
<status status="PASS" starttime="20260805 00:15:17.317" endtime="20260805 00:15:17.948"/>
</kw>
<kw name="Stop Recording" library="oreganlibs.VideoCapturer">
<doc>Stops the video and audio recording.</doc>
<status status="PASS" starttime="20260805 00:15:17.948" endtime="20260805 00:15:18.512"/>
</kw>
<kw name="Sleep" library="BuiltIn">
<arg>2s</arg>
<doc>Pauses the test executed for the given time.</doc>
<msg timestamp="20260805 00:15:20.512" level="INFO">Slept 2 seconds</msg>
<status status="PASS" starttime="20260805 00:15:18.512" endtime="20260805 00:15:20.512"/>
</kw>
<kw name="Start Recording" library="oreganlibs.VideoCapturer">
<doc>Triggers the video and audio recording.</doc>
<status status="PASS" starttime="20260805 00:15:20.512" endtime="20260805 00:15:21.514"/>
</kw>
<kw name="Sleep" library="BuiltIn">
<arg>2s</arg>
<doc>Pauses the test executed for the given time.</doc>
<msg timestamp="20260805 00:15:23.514" level="INFO">Slept 2 seconds</msg>
<status status="PASS" starttime="20260805 00:15:21.514" endtime="20260805 00:15:23.514"/>
</kw>
<kw name="Send Ir New" library="Ir">
<arg>optik_ir_new</arg>
<arg>menu</arg>
<status status="PASS" starttime="20260805 00:15:23.514" endtime="20260805 00:15:24.043"/>
</kw>
<kw name="Sleep" library="BuiltIn">
<arg>3s</arg>
<doc>Pauses the test executed for the given time.</doc>
<msg timestamp="20260805 00:15:27.044" level="INFO">Slept 3 seconds</msg>
<status status="PASS" starttime="20260805 00:15:24.043" endtime="20260805 00:15:27.044"/>
</kw>
<kw name="Wait Text" library="oreganlibs.VideoCapturer">
<var>${ui_element}</var>
<arg>${57}</arg>
<arg>${67}</arg>
<arg>${157}</arg>
<arg>${120}</arg>
<arg>Opt</arg>
<arg>${3}</arg>
<doc>Waits for a given text until timout is meet.</doc>
<msg timestamp="20260805 00:15:31.146" level="INFO">Text found: 
Text found:</msg>
<msg timestamp="20260805 00:15:31.146" level="INFO">${ui_element} = False</msg>
<status status="PASS" starttime="20260805 00:15:27.044" endtime="20260805 00:15:31.146"/>
</kw>
<while condition="${ui_element} == ${False}" limit="15">
<iter>
<kw name="Log" library="BuiltIn">
<arg>"STB is in Standby DBG message"</arg>
<doc>Logs the given message with the given level.</doc>
<msg timestamp="20260805 00:15:31.147" level="INFO">"STB is in Standby DBG message"</msg>
<status status="PASS" starttime="20260805 00:15:31.147" endtime="20260805 00:15:31.147"/>
</kw>
<kw name="Send Ir New" library="Ir">
<arg>optik_ir_new</arg>
<arg>stdby</arg>
<status status="PASS" starttime="20260805 00:15:31.147" endtime="20260805 00:15:31.676"/>
</kw>
<kw name="Stop Recording" library="oreganlibs.VideoCapturer">
<doc>Stops the video and audio recording.</doc>
<status status="PASS" starttime="20260805 00:15:31.676" endtime="20260805 00:15:32.239"/>
</kw>
<kw name="Sleep" library="BuiltIn">
<arg>2s</arg>
<doc>Pauses the test executed for the given time.</doc>
<msg timestamp="20260805 00:15:34.240" level="INFO">Slept 2 seconds</msg>
<status status="PASS" starttime="20260805 00:15:32.239" endtime="20260805 00:15:34.240"/>
</kw>
<kw name="Start Recording" library="oreganlibs.VideoCapturer">
<doc>Triggers the video and audio recording.</doc>
<status status="PASS" starttime="20260805 00:15:34.240" endtime="20260805 00:15:35.241"/>
</kw>
<kw name="Sleep" library="BuiltIn">
<arg>2s</arg>
<doc>Pauses the test executed for the given time.</doc>
<msg timestamp="20260805 00:15:37.242" level="INFO">Slept 2 seconds</msg>
<status status="PASS" starttime="20260805 00:15:35.241" endtime="20260805 00:15:37.242"/>
</kw>
<kw name="Send Ir New" library="Ir">
<arg>optik_ir_new</arg>
<arg>menu</arg>
<status status="PASS" starttime="20260805 00:15:37.242" endtime="20260805 00:15:37.772"/>
</kw>
<kw name="Sleep" library="BuiltIn">
<arg>2s</arg>
<doc>Pauses the test executed for the given time.</doc>
<msg timestamp="20260805 00:15:39.772" level="INFO">Slept 2 seconds</msg>
<status status="PASS" starttime="20260805 00:15:37.772" endtime="20260805 00:15:39.772"/>
</kw>
<kw name="Wait Text" library="oreganlibs.VideoCapturer">
<var>${ui_element}</var>
<arg>${57}</arg>
<arg>${67}</arg>
<arg>${157}</arg>
<arg>${120}</arg>
<arg>Opt</arg>
<arg>${3}</arg>
<doc>Waits for a given text until timout is meet.</doc>
<msg timestamp="20260805 00:15:43.805" level="INFO">Text found: 
Text found:</msg>
<msg timestamp="20260805 00:15:43.806" level="INFO">${ui_element} = False</msg>
<status status="PASS" starttime="20260805 00:15:39.772" endtime="20260805 00:15:43.806"/>
</kw>
<status status="PASS" starttime="20260805 00:15:31.146" endtime="20260805 00:15:43.806"/>
</iter>
<iter>
<kw name="Log" library="BuiltIn">
<arg>"STB is in Standby DBG message"</arg>
<doc>Logs the given message with the given level.</doc>
<msg timestamp="20260805 00:15:43.806" level="INFO">"STB is in Standby DBG message"</msg>
<status status="PASS" starttime="20260805 00:15:43.806" endtime="20260805 00:15:43.806"/>
</kw>
<kw name="Send Ir New" library="Ir">
<arg>optik_ir_new</arg>
<arg>stdby</arg>
<status status="PASS" starttime="20260805 00:15:43.806" endtime="20260805 00:15:44.336"/>
</kw>
<kw name="Stop Recording" library="oreganlibs.VideoCapturer">
<doc>Stops the video and audio recording.</doc>
<status status="PASS" starttime="20260805 00:15:44.336" endtime="20260805 00:15:44.897"/>
</kw>
<kw name="Sleep" library="BuiltIn">
<arg>2s</arg>
<doc>Pauses the test executed for the given time.</doc>
<msg timestamp="20260805 00:15:46.898" level="INFO">Slept 2 seconds</msg>
<status status="PASS" starttime="20260805 00:15:44.897" endtime="20260805 00:15:46.898"/>
</kw>
<kw name="Start Recording" library="oreganlibs.VideoCapturer">
<doc>Triggers the video and audio recording.</doc>
<status status="PASS" starttime="20260805 00:15:46.898" endtime="20260805 00:15:47.900"/>
</kw>
<kw name="Sleep" library="BuiltIn">
<arg>2s</arg>
<doc>Pauses the test executed for the given time.</doc>
<msg timestamp="20260805 00:15:49.900" level="INFO">Slept 2 seconds</msg>
<status status="PASS" starttime="20260805 00:15:47.900" endtime="20260805 00:15:49.900"/>
</kw>
<kw name="Send Ir New" library="Ir">
<arg>optik_ir_new</arg>
<arg>menu</arg>
<status status="PASS" starttime="20260805 00:15:49.900" endtime="20260805 00:15:50.429"/>
</kw>
<kw name="Sleep" library="BuiltIn">
<arg>2s</arg>
<doc>Pauses the test executed for the given time.</doc>
<msg timestamp="20260805 00:15:52.430" level="INFO">Slept 2 seconds</msg>
<status status="PASS" starttime="20260805 00:15:50.429" endtime="20260805 00:15:52.430"/>
</kw>
<kw name="Wait Text" library="oreganlibs.VideoCapturer">
<var>${ui_element}</var>
<arg>${57}</arg>
<arg>${67}</arg>
<arg>${157}</arg>
<arg>${120}</arg>
<arg>Opt</arg>
<arg>${3}</arg>
<doc>Waits for a given text until timout is meet.</doc>
<msg timestamp="20260805 00:15:56.446" level="INFO">Text found: 
Text found:</msg>
<msg timestamp="20260805 00:15:56.446" level="INFO">${ui_element} = False</msg>
<status status="PASS" starttime="20260805 00:15:52.430" endtime="20260805 00:15:56.446"/>
</kw>
<status status="PASS" starttime="20260805 00:15:43.806" endtime="20260805 00:15:56.446"/>
</iter>
<iter>
<kw name="Log" library="BuiltIn">
<arg>"STB is in Standby DBG message"</arg>
<doc>Logs the given message with the given level.</doc>
<msg timestamp="20260805 00:15:56.447" level="INFO">"STB is in Standby DBG message"</msg>
<status status="PASS" starttime="20260805 00:15:56.447" endtime="20260805 00:15:56.447"/>
</kw>
<kw name="Send Ir New" library="Ir">
<arg>optik_ir_new</arg>
<arg>stdby</arg>
<status status="PASS" starttime="20260805 00:15:56.447" endtime="20260805 00:15:56.976"/>
</kw>
<kw name="Stop Recording" library="oreganlibs.VideoCapturer">
<doc>Stops the video and audio recording.</doc>
<status status="PASS" starttime="20260805 00:15:56.976" endtime="20260805 00:15:57.535"/>
</kw>
<kw name="Sleep" library="BuiltIn">
<arg>2s</arg>
<doc>Pauses the test executed for the given time.</doc>
<msg timestamp="20260805 00:15:59.536" level="INFO">Slept 2 seconds</msg>
<status status="PASS" starttime="20260805 00:15:57.535" endtime="20260805 00:15:59.536"/>
</kw>
<kw name="Start Recording" library="oreganlibs.VideoCapturer">
<doc>Triggers the video and audio recording.</doc>
<status status="PASS" starttime="20260805 00:15:59.536" endtime="20260805 00:16:00.537"/>
</kw>
<kw name="Sleep" library="BuiltIn">
<arg>2s</arg>
<doc>Pauses the test executed for the given time.</doc>
<msg timestamp="20260805 00:16:02.537" level="INFO">Slept 2 seconds</msg>
<status status="PASS" starttime="20260805 00:16:00.537" endtime="20260805 00:16:02.537"/>
</kw>
<kw name="Send Ir New" library="Ir">
<arg>optik_ir_new</arg>
<arg>menu</arg>
<status status="PASS" starttime="20260805 00:16:02.537" endtime="20260805 00:16:03.068"/>
</kw>
<kw name="Sleep" library="BuiltIn">
<arg>2s</arg>
<doc>Pauses the test executed for the given time.</doc>
<msg timestamp="20260805 00:16:05.068" level="INFO">Slept 2 seconds</msg>
<status status="PASS" starttime="20260805 00:16:03.068" endtime="20260805 00:16:05.068"/>
</kw>
<kw name="Wait Text" library="oreganlibs.VideoCapturer">
<var>${ui_element}</var>
<arg>${57}</arg>
<arg>${67}</arg>
<arg>${157}</arg>
<arg>${120}</arg>
<arg>Opt</arg>
<arg>${3}</arg>
<doc>Waits for a given text until timout is meet.</doc>
<msg timestamp="20260805 00:16:09.083" level="INFO">Text found: 
Text found:</msg>
<msg timestamp="20260805 00:16:09.083" level="INFO">${ui_element} = False</msg>
<status status="PASS" starttime="20260805 00:16:05.068" endtime="20260805 00:16:09.083"/>
</kw>
<status status="PASS" starttime="20260805 00:15:56.447" endtime="20260805 00:16:09.083"/>
</iter>
<iter>
<kw name="Log" library="BuiltIn">
<arg>"STB is in Standby DBG message"</arg>
<doc>Logs the given message with the given level.</doc>
<msg timestamp="20260805 00:16:09.083" level="INFO">"STB is in Standby DBG message"</msg>
<status status="PASS" starttime="20260805 00:16:09.083" endtime="20260805 00:16:09.083"/>
</kw>
<kw name="Send Ir New" library="Ir">
<arg>optik_ir_new</arg>
<arg>stdby</arg>
<status status="PASS" starttime="20260805 00:16:09.083" endtime="20260805 00:16:09.612"/>
</kw>
<kw name="Stop Recording" library="oreganlibs.VideoCapturer">
<doc>Stops the video and audio recording.</doc>
<status status="PASS" starttime="20260805 00:16:09.612" endtime="20260805 00:16:10.170"/>
</kw>
<kw name="Sleep" library="BuiltIn">
<arg>2s</arg>
<doc>Pauses the test executed for the given time.</doc>
<msg timestamp="20260805 00:16:12.170" level="INFO">Slept 2 seconds</msg>
<status status="PASS" starttime="20260805 00:16:10.170" endtime="20260805 00:16:12.170"/>
</kw>
<kw name="Start Recording" library="oreganlibs.VideoCapturer">
<doc>Triggers the video and audio recording.</doc>
<status status="PASS" starttime="20260805 00:16:12.170" endtime="20260805 00:16:13.172"/>
</kw>
<kw name="Sleep" library="BuiltIn">
<arg>2s</arg>
<doc>Pauses the test executed for the given time.</doc>
<msg timestamp="20260805 00:16:15.172" level="INFO">Slept 2 seconds</msg>
<status status="PASS" starttime="20260805 00:16:13.172" endtime="20260805 00:16:15.172"/>
</kw>
<kw name="Send Ir New" library="Ir">
<arg>optik_ir_new</arg>
<arg>menu</arg>
<status status="PASS" starttime="20260805 00:16:15.172" endtime="20260805 00:16:15.721"/>
</kw>
<kw name="Sleep" library="BuiltIn">
<arg>2s</arg>
<doc>Pauses the test executed for the given time.</doc>
<msg timestamp="20260805 00:16:17.722" level="INFO">Slept 2 seconds</msg>
<status status="PASS" starttime="20260805 00:16:15.721" endtime="20260805 00:16:17.722"/>
</kw>
<kw name="Wait Text" library="oreganlibs.VideoCapturer">
<var>${ui_element}</var>
<arg>${57}</arg>
<arg>${67}</arg>
<arg>${157}</arg>
<arg>${120}</arg>
<arg>Opt</arg>
<arg>${3}</arg>
<doc>Waits for a given text until timout is meet.</doc>
<msg timestamp="20260805 00:16:21.816" level="INFO">Text found: 
Text found:</msg>
<msg timestamp="20260805 00:16:21.816" level="INFO">${ui_element} = False</msg>
<status status="PASS" starttime="20260805 00:16:17.722" endtime="20260805 00:16:21.816"/>
</kw>
<status status="PASS" starttime="20260805 00:16:09.083" endtime="20260805 00:16:21.816"/>
</iter>
<iter>
<kw name="Log" library="BuiltIn">
<arg>"STB is in Standby DBG message"</arg>
<doc>Logs the given message with the given level.</doc>
<msg timestamp="20260805 00:16:21.816" level="INFO">"STB is in Standby DBG message"</msg>
<status status="PASS" starttime="20260805 00:16:21.816" endtime="20260805 00:16:21.816"/>
</kw>
<kw name="Send Ir New" library="Ir">
<arg>optik_ir_new</arg>
<arg>stdby</arg>
<status status="PASS" starttime="20260805 00:16:21.817" endtime="20260805 00:16:22.349"/>
</kw>
<kw name="Stop Recording" library="oreganlibs.VideoCapturer">
<doc>Stops the video and audio recording.</doc>
<status status="PASS" starttime="20260805 00:16:22.349" endtime="20260805 00:16:22.902"/>
</kw>
<kw name="Sleep" library="BuiltIn">
<arg>2s</arg>
<doc>Pauses the test executed for the given time.</doc>
<msg timestamp="20260805 00:16:24.903" level="INFO">Slept 2 seconds</msg>
<status status="PASS" starttime="20260805 00:16:22.902" endtime="20260805 00:16:24.903"/>
</kw>
<kw name="Start Recording" library="oreganlibs.VideoCapturer">
<doc>Triggers the video and audio recording.</doc>
<status status="PASS" starttime="20260805 00:16:24.903" endtime="20260805 00:16:25.905"/>
</kw>
<kw name="Sleep" library="BuiltIn">
<arg>2s</arg>
<doc>Pauses the test executed for the given time.</doc>
<msg timestamp="20260805 00:16:27.906" level="INFO">Slept 2 seconds</msg>
<status status="PASS" starttime="20260805 00:16:25.905" endtime="20260805 00:16:27.906"/>
</kw>
<kw name="Send Ir New" library="Ir">
<arg>optik_ir_new</arg>
<arg>menu</arg>
<status status="PASS" starttime="20260805 00:16:27.906" endtime="20260805 00:16:28.436"/>
</kw>
<kw name="Sleep" library="BuiltIn">
<arg>2s</arg>
<doc>Pauses the test executed for the given time.</doc>
<msg timestamp="20260805 00:16:30.436" level="INFO">Slept 2 seconds</msg>
<status status="PASS" starttime="20260805 00:16:28.436" endtime="20260805 00:16:30.436"/>
</kw>
<kw name="Wait Text" library="oreganlibs.VideoCapturer">
<var>${ui_element}</var>
<arg>${57}</arg>
<arg>${67}</arg>
<arg>${157}</arg>
<arg>${120}</arg>
<arg>Opt</arg>
<arg>${3}</arg>
<doc>Waits for a given text until timout is meet.</doc>
<msg timestamp="20260805 00:16:34.470" level="INFO">Text found: 
Text found:</msg>
<msg timestamp="20260805 00:16:34.470" level="INFO">${ui_element} = False</msg>
<status status="PASS" starttime="20260805 00:16:30.436" endtime="20260805 00:16:34.470"/>
</kw>
<status status="PASS" starttime="20260805 00:16:21.816" endtime="20260805 00:16:34.470"/>
</iter>
<iter>
<kw name="Log" library="BuiltIn">
<arg>"STB is in Standby DBG message"</arg>
<doc>Logs the given message with the given level.</doc>
<msg timestamp="20260805 00:16:34.471" level="INFO">"STB is in Standby DBG message"</msg>
<status status="PASS" starttime="20260805 00:16:34.471" endtime="20260805 00:16:34.471"/>
</kw>
<kw name="Send Ir New" library="Ir">
<arg>optik_ir_new</arg>
<arg>stdby</arg>
<status status="PASS" starttime="20260805 00:16:34.471" endtime="20260805 00:16:35.000"/>
</kw>
<kw name="Stop Recording" library="oreganlibs.VideoCapturer">
<doc>Stops the video and audio recording.</doc>
<status status="PASS" starttime="20260805 00:16:35.000" endtime="20260805 00:16:35.569"/>
</kw>
<kw name="Sleep" library="BuiltIn">
<arg>2s</arg>
<doc>Pauses the test executed for the given time.</doc>
<msg timestamp="20260805 00:16:37.570" level="INFO">Slept 2 seconds</msg>
<status status="PASS" starttime="20260805 00:16:35.569" endtime="20260805 00:16:37.570"/>
</kw>
<kw name="Start Recording" library="oreganlibs.VideoCapturer">
<doc>Triggers the video and audio recording.</doc>
<status status="PASS" starttime="20260805 00:16:37.570" endtime="20260805 00:16:38.571"/>
</kw>
<kw name="Sleep" library="BuiltIn">
<arg>2s</arg>
<doc>Pauses the test executed for the given time.</doc>
<msg timestamp="20260805 00:16:40.571" level="INFO">Slept 2 seconds</msg>
<status status="PASS" starttime="20260805 00:16:38.571" endtime="20260805 00:16:40.571"/>
</kw>
<kw name="Send Ir New" library="Ir">
<arg>optik_ir_new</arg>
<arg>menu</arg>
<status status="PASS" starttime="20260805 00:16:40.571" endtime="20260805 00:16:41.100"/>
</kw>
<kw name="Sleep" library="BuiltIn">
<arg>2s</arg>
<doc>Pauses the test executed for the given time.</doc>
<msg timestamp="20260805 00:16:43.100" level="INFO">Slept 2 seconds</msg>
<status status="PASS" starttime="20260805 00:16:41.100" endtime="20260805 00:16:43.100"/>
</kw>
<kw name="Wait Text" library="oreganlibs.VideoCapturer">
<var>${ui_element}</var>
<arg>${57}</arg>
<arg>${67}</arg>
<arg>${157}</arg>
<arg>${120}</arg>
<arg>Opt</arg>
<arg>${3}</arg>
<doc>Waits for a given text until timout is meet.</doc>
<msg timestamp="20260805 00:16:47.187" level="INFO">Text found: 
Text found:</msg>
<msg timestamp="20260805 00:16:47.187" level="INFO">${ui_element} = False</msg>
<status status="PASS" starttime="20260805 00:16:43.100" endtime="20260805 00:16:47.187"/>
</kw>
<status status="PASS" starttime="20260805 00:16:34.471" endtime="20260805 00:16:47.187"/>
</iter>
<iter>
<kw name="Log" library="BuiltIn">
<arg>"STB is in Standby DBG message"</arg>
<doc>Logs the given message with the given level.</doc>
<msg timestamp="20260805 00:16:47.188" level="INFO">"STB is in Standby DBG message"</msg>
<status status="PASS" starttime="20260805 00:16:47.187" endtime="20260805 00:16:47.188"/>
</kw>
<kw name="Send Ir New" library="Ir">
<arg>optik_ir_new</arg>
<arg>stdby</arg>
<status status="PASS" starttime="20260805 00:16:47.188" endtime="20260805 00:16:47.717"/>
</kw>
<kw name="Stop Recording" library="oreganlibs.VideoCapturer">
<doc>Stops the video and audio recording.</doc>
<status status="PASS" starttime="20260805 00:16:47.717" endtime="20260805 00:16:48.313"/>
</kw>
<kw name="Sleep" library="BuiltIn">
<arg>2s</arg>
<doc>Pauses the test executed for the given time.</doc>
<msg timestamp="20260805 00:16:50.314" level="INFO">Slept 2 seconds</msg>
<status status="PASS" starttime="20260805 00:16:48.313" endtime="20260805 00:16:50.314"/>
</kw>
<kw name="Start Recording" library="oreganlibs.VideoCapturer">
<doc>Triggers the video and audio recording.</doc>
<status status="PASS" starttime="20260805 00:16:50.314" endtime="20260805 00:16:51.315"/>
</kw>
<kw name="Sleep" library="BuiltIn">
<arg>2s</arg>
<doc>Pauses the test executed for the given time.</doc>
<msg timestamp="20260805 00:16:53.316" level="INFO">Slept 2 seconds</msg>
<status status="PASS" starttime="20260805 00:16:51.315" endtime="20260805 00:16:53.316"/>
</kw>
<kw name="Send Ir New" library="Ir">
<arg>optik_ir_new</arg>
<arg>menu</arg>
<status status="PASS" starttime="20260805 00:16:53.316" endtime="20260805 00:16:53.866"/>
</kw>
<kw name="Sleep" library="BuiltIn">
<arg>2s</arg>
<doc>Pauses the test executed for the given time.</doc>
<msg timestamp="20260805 00:16:55.867" level="INFO">Slept 2 seconds</msg>
<status status="PASS" starttime="20260805 00:16:53.866" endtime="20260805 00:16:55.867"/>
</kw>
<kw name="Wait Text" library="oreganlibs.VideoCapturer">
<var>${ui_element}</var>
<arg>${57}</arg>
<arg>${67}</arg>
<arg>${157}</arg>
<arg>${120}</arg>
<arg>Opt</arg>
<arg>${3}</arg>
<doc>Waits for a given text until timout is meet.</doc>
<msg timestamp="20260805 00:16:59.887" level="INFO">Text found: 
Text found:</msg>
<msg timestamp="20260805 00:16:59.887" level="INFO">${ui_element} = False</msg>
<status status="PASS" starttime="20260805 00:16:55.867" endtime="20260805 00:16:59.887"/>
</kw>
<status status="PASS" starttime="20260805 00:16:47.187" endtime="20260805 00:16:59.887"/>
</iter>
<iter>
<kw name="Log" library="BuiltIn">
<arg>"STB is in Standby DBG message"</arg>
<doc>Logs the given message with the given level.</doc>
<msg timestamp="20260805 00:16:59.887" level="INFO">"STB is in Standby DBG message"</msg>
<status status="PASS" starttime="20260805 00:16:59.887" endtime="20260805 00:16:59.887"/>
</kw>
<kw name="Send Ir New" library="Ir">
<arg>optik_ir_new</arg>
<arg>stdby</arg>
<status status="PASS" starttime="20260805 00:16:59.887" endtime="20260805 00:17:00.418"/>
</kw>
<kw name="Stop Recording" library="oreganlibs.VideoCapturer">
<doc>Stops the video and audio recording.</doc>
<status status="PASS" starttime="20260805 00:17:00.418" endtime="20260805 00:17:00.997"/>
</kw>
<kw name="Sleep" library="BuiltIn">
<arg>2s</arg>
<doc>Pauses the test executed for the given time.</doc>
<msg timestamp="20260805 00:17:02.998" level="INFO">Slept 2 seconds</msg>
<status status="PASS" starttime="20260805 00:17:00.997" endtime="20260805 00:17:02.998"/>
</kw>
<kw name="Start Recording" library="oreganlibs.VideoCapturer">
<doc>Triggers the video and audio recording.</doc>
<status status="PASS" starttime="20260805 00:17:02.998" endtime="20260805 00:17:04.000"/>
</kw>
<kw name="Sleep" library="BuiltIn">
<arg>2s</arg>
<doc>Pauses the test executed for the given time.</doc>
<msg timestamp="20260805 00:17:06.000" level="INFO">Slept 2 seconds</msg>
<status status="PASS" starttime="20260805 00:17:04.000" endtime="20260805 00:17:06.000"/>
</kw>
<kw name="Send Ir New" library="Ir">
<arg>optik_ir_new</arg>
<arg>menu</arg>
<status status="PASS" starttime="20260805 00:17:06.000" endtime="20260805 00:17:06.529"/>
</kw>
<kw name="Sleep" library="BuiltIn">
<arg>2s</arg>
<doc>Pauses the test executed for the given time.</doc>
<msg timestamp="20260805 00:17:08.530" level="INFO">Slept 2 seconds</msg>
<status status="PASS" starttime="20260805 00:17:06.529" endtime="20260805 00:17:08.530"/>
</kw>
<kw name="Wait Text" library="oreganlibs.VideoCapturer">
<var>${ui_element}</var>
<arg>${57}</arg>
<arg>${67}</arg>
<arg>${157}</arg>
<arg>${120}</arg>
<arg>Opt</arg>
<arg>${3}</arg>
<doc>Waits for a given text until timout is meet.</doc>
<msg timestamp="20260805 00:17:12.607" level="INFO">Text found: ete

Text found: ete</msg>
<msg timestamp="20260805 00:17:12.607" level="INFO">${ui_element} = False</msg>
<status status="PASS" starttime="20260805 00:17:08.530" endtime="20260805 00:17:12.607"/>
</kw>
<status status="PASS" starttime="20260805 00:16:59.887" endtime="20260805 00:17:12.607"/>
</iter>
<iter>
<kw name="Log" library="BuiltIn">
<arg>"STB is in Standby DBG message"</arg>
<doc>Logs the given message with the given level.</doc>
<msg timestamp="20260805 00:17:12.608" level="INFO">"STB is in Standby DBG message"</msg>
<status status="PASS" starttime="20260805 00:17:12.608" endtime="20260805 00:17:12.608"/>
</kw>
<kw name="Send Ir New" library="Ir">
<arg>optik_ir_new</arg>
<arg>stdby</arg>
<status status="PASS" starttime="20260805 00:17:12.608" endtime="20260805 00:17:13.135"/>
</kw>
<kw name="Stop Recording" library="oreganlibs.VideoCapturer">
<doc>Stops the video and audio recording.</doc>
<status status="PASS" starttime="20260805 00:17:13.135" endtime="20260805 00:17:13.744"/>
</kw>
<kw name="Sleep" library="BuiltIn">
<arg>2s</arg>
<doc>Pauses the test executed for the given time.</doc>
<msg timestamp="20260805 00:17:15.744" level="INFO">Slept 2 seconds</msg>
<status status="PASS" starttime="20260805 00:17:13.744" endtime="20260805 00:17:15.744"/>
</kw>
<kw name="Start Recording" library="oreganlibs.VideoCapturer">
<doc>Triggers the video and audio recording.</doc>
<status status="PASS" starttime="20260805 00:17:15.744" endtime="20260805 00:17:16.746"/>
</kw>
<kw name="Sleep" library="BuiltIn">
<arg>2s</arg>
<doc>Pauses the test executed for the given time.</doc>
<msg timestamp="20260805 00:17:18.746" level="INFO">Slept 2 seconds</msg>
<status status="PASS" starttime="20260805 00:17:16.746" endtime="20260805 00:17:18.746"/>
</kw>
<kw name="Send Ir New" library="Ir">
<arg>optik_ir_new</arg>
<arg>menu</arg>
<status status="PASS" starttime="20260805 00:17:18.746" endtime="20260805 00:17:19.277"/>
</kw>
<kw name="Sleep" library="BuiltIn">
<arg>2s</arg>
<doc>Pauses the test executed for the given time.</doc>
<msg timestamp="20260805 00:17:21.278" level="INFO">Slept 2 seconds</msg>
<status status="PASS" starttime="20260805 00:17:19.277" endtime="20260805 00:17:21.278"/>
</kw>
<kw name="Wait Text" library="oreganlibs.VideoCapturer">
<var>${ui_element}</var>
<arg>${57}</arg>
<arg>${67}</arg>
<arg>${157}</arg>
<arg>${120}</arg>
<arg>Opt</arg>
<arg>${3}</arg>
<doc>Waits for a given text until timout is meet.</doc>
<msg timestamp="20260805 00:17:25.316" level="INFO">Text found: 
Text found:</msg>
<msg timestamp="20260805 00:17:25.316" level="INFO">${ui_element} = False</msg>
<status status="PASS" starttime="20260805 00:17:21.278" endtime="20260805 00:17:25.316"/>
</kw>
<status status="PASS" starttime="20260805 00:17:12.608" endtime="20260805 00:17:25.316"/>
</iter>
<iter>
<kw name="Log" library="BuiltIn">
<arg>"STB is in Standby DBG message"</arg>
<doc>Logs the given message with the given level.</doc>
<msg timestamp="20260805 00:17:25.316" level="INFO">"STB is in Standby DBG message"</msg>
<status status="PASS" starttime="20260805 00:17:25.316" endtime="20260805 00:17:25.316"/>
</kw>
<kw name="Send Ir New" library="Ir">
<arg>optik_ir_new</arg>
<arg>stdby</arg>
<status status="PASS" starttime="20260805 00:17:25.316" endtime="20260805 00:17:25.846"/>
</kw>
<kw name="Stop Recording" library="oreganlibs.VideoCapturer">
<doc>Stops the video and audio recording.</doc>
<status status="PASS" starttime="20260805 00:17:25.846" endtime="20260805 00:17:26.433"/>
</kw>
<kw name="Sleep" library="BuiltIn">
<arg>2s</arg>
<doc>Pauses the test executed for the given time.</doc>
<msg timestamp="20260805 00:17:28.433" level="INFO">Slept 2 seconds</msg>
<status status="PASS" starttime="20260805 00:17:26.433" endtime="20260805 00:17:28.433"/>
</kw>
<kw name="Start Recording" library="oreganlibs.VideoCapturer">
<doc>Triggers the video and audio recording.</doc>
<status status="PASS" starttime="20260805 00:17:28.433" endtime="20260805 00:17:29.435"/>
</kw>
<kw name="Sleep" library="BuiltIn">
<arg>2s</arg>
<doc>Pauses the test executed for the given time.</doc>
<msg timestamp="20260805 00:17:31.435" level="INFO">Slept 2 seconds</msg>
<status status="PASS" starttime="20260805 00:17:29.435" endtime="20260805 00:17:31.435"/>
</kw>
<kw name="Send Ir New" library="Ir">
<arg>optik_ir_new</arg>
<arg>menu</arg>
<status status="PASS" starttime="20260805 00:17:31.435" endtime="20260805 00:17:31.964"/>
</kw>
<kw name="Sleep" library="BuiltIn">
<arg>2s</arg>
<doc>Pauses the test executed for the given time.</doc>
<msg timestamp="20260805 00:17:33.965" level="INFO">Slept 2 seconds</msg>
<status status="PASS" starttime="20260805 00:17:31.964" endtime="20260805 00:17:33.965"/>
</kw>
<kw name="Wait Text" library="oreganlibs.VideoCapturer">
<var>${ui_element}</var>
<arg>${57}</arg>
<arg>${67}</arg>
<arg>${157}</arg>
<arg>${120}</arg>
<arg>Opt</arg>
<arg>${3}</arg>
<doc>Waits for a given text until timout is meet.</doc>
<msg timestamp="20260805 00:17:38.039" level="INFO">Text found: 
Text found:</msg>
<msg timestamp="20260805 00:17:38.039" level="INFO">${ui_element} = False</msg>
<status status="PASS" starttime="20260805 00:17:33.965" endtime="20260805 00:17:38.039"/>
</kw>
<status status="PASS" starttime="20260805 00:17:25.316" endtime="20260805 00:17:38.039"/>
</iter>
<iter>
<kw name="Log" library="BuiltIn">
<arg>"STB is in Standby DBG message"</arg>
<doc>Logs the given message with the given level.</doc>
<msg timestamp="20260805 00:17:38.040" level="INFO">"STB is in Standby DBG message"</msg>
<status status="PASS" starttime="20260805 00:17:38.040" endtime="20260805 00:17:38.040"/>
</kw>
<kw name="Send Ir New" library="Ir">
<arg>optik_ir_new</arg>
<arg>stdby</arg>
<status status="PASS" starttime="20260805 00:17:38.040" endtime="20260805 00:17:38.568"/>
</kw>
<kw name="Stop Recording" library="oreganlibs.VideoCapturer">
<doc>Stops the video and audio recording.</doc>
<status status="PASS" starttime="20260805 00:17:38.568" endtime="20260805 00:17:39.146"/>
</kw>
<kw name="Sleep" library="BuiltIn">
<arg>2s</arg>
<doc>Pauses the test executed for the given time.</doc>
<msg timestamp="20260805 00:17:41.147" level="INFO">Slept 2 seconds</msg>
<status status="PASS" starttime="20260805 00:17:39.146" endtime="20260805 00:17:41.147"/>
</kw>
<kw name="Start Recording" library="oreganlibs.VideoCapturer">
<doc>Triggers the video and audio recording.</doc>
<status status="PASS" starttime="20260805 00:17:41.147" endtime="20260805 00:17:42.148"/>
</kw>
<kw name="Sleep" library="BuiltIn">
<arg>2s</arg>
<doc>Pauses the test executed for the given time.</doc>
<msg timestamp="20260805 00:17:44.149" level="INFO">Slept 2 seconds</msg>
<status status="PASS" starttime="20260805 00:17:42.148" endtime="20260805 00:17:44.149"/>
</kw>
<kw name="Send Ir New" library="Ir">
<arg>optik_ir_new</arg>
<arg>menu</arg>
<status status="PASS" starttime="20260805 00:17:44.149" endtime="20260805 00:17:44.679"/>
</kw>
<kw name="Sleep" library="BuiltIn">
<arg>2s</arg>
<doc>Pauses the test executed for the given time.</doc>
<msg timestamp="20260805 00:17:46.680" level="INFO">Slept 2 seconds</msg>
<status status="PASS" starttime="20260805 00:17:44.679" endtime="20260805 00:17:46.680"/>
</kw>
<kw name="Wait Text" library="oreganlibs.VideoCapturer">
<var>${ui_element}</var>
<arg>${57}</arg>
<arg>${67}</arg>
<arg>${157}</arg>
<arg>${120}</arg>
<arg>Opt</arg>
<arg>${3}</arg>
<doc>Waits for a given text until timout is meet.</doc>
<msg timestamp="20260805 00:17:50.692" level="INFO">Text found: 
Text found:</msg>
<msg timestamp="20260805 00:17:50.692" level="INFO">${ui_element} = False</msg>
<status status="PASS" starttime="20260805 00:17:46.680" endtime="20260805 00:17:50.692"/>
</kw>
<status status="PASS" starttime="20260805 00:17:38.039" endtime="20260805 00:17:50.692"/>
</iter>
<iter>
<kw name="Log" library="BuiltIn">
<arg>"STB is in Standby DBG message"</arg>
<doc>Logs the given message with the given level.</doc>
<msg timestamp="20260805 00:17:50.693" level="INFO">"STB is in Standby DBG message"</msg>
<status status="PASS" starttime="20260805 00:17:50.692" endtime="20260805 00:17:50.693"/>
</kw>
<kw name="Send Ir New" library="Ir">
<arg>optik_ir_new</arg>
<arg>stdby</arg>
<status status="PASS" starttime="20260805 00:17:50.693" endtime="20260805 00:17:51.222"/>
</kw>
<kw name="Stop Recording" library="oreganlibs.VideoCapturer">
<doc>Stops the video and audio recording.</doc>
<status status="PASS" starttime="20260805 00:17:51.222" endtime="20260805 00:17:51.795"/>
</kw>
<kw name="Sleep" library="BuiltIn">
<arg>2s</arg>
<doc>Pauses the test executed for the given time.</doc>
<msg timestamp="20260805 00:17:53.796" level="INFO">Slept 2 seconds</msg>
<status status="PASS" starttime="20260805 00:17:51.795" endtime="20260805 00:17:53.796"/>
</kw>
<kw name="Start Recording" library="oreganlibs.VideoCapturer">
<doc>Triggers the video and audio recording.</doc>
<status status="PASS" starttime="20260805 00:17:53.796" endtime="20260805 00:17:54.797"/>
</kw>
<kw name="Sleep" library="BuiltIn">
<arg>2s</arg>
<doc>Pauses the test executed for the given time.</doc>
<msg timestamp="20260805 00:17:56.798" level="INFO">Slept 2 seconds</msg>
<status status="PASS" starttime="20260805 00:17:54.797" endtime="20260805 00:17:56.798"/>
</kw>
<kw name="Send Ir New" library="Ir">
<arg>optik_ir_new</arg>
<arg>menu</arg>
<status status="PASS" starttime="20260805 00:17:56.798" endtime="20260805 00:17:57.327"/>
</kw>
<kw name="Sleep" library="BuiltIn">
<arg>2s</arg>
<doc>Pauses the test executed for the given time.</doc>
<msg timestamp="20260805 00:17:59.328" level="INFO">Slept 2 seconds</msg>
<status status="PASS" starttime="20260805 00:17:57.327" endtime="20260805 00:17:59.328"/>
</kw>
<kw name="Wait Text" library="oreganlibs.VideoCapturer">
<var>${ui_element}</var>
<arg>${57}</arg>
<arg>${67}</arg>
<arg>${157}</arg>
<arg>${120}</arg>
<arg>Opt</arg>
<arg>${3}</arg>
<doc>Waits for a given text until timout is meet.</doc>
<msg timestamp="20260805 00:18:03.414" level="INFO">Text found: 
Text found:</msg>
<msg timestamp="20260805 00:18:03.414" level="INFO">${ui_element} = False</msg>
<status status="PASS" starttime="20260805 00:17:59.328" endtime="20260805 00:18:03.414"/>
</kw>
<status status="PASS" starttime="20260805 00:17:50.692" endtime="20260805 00:18:03.414"/>
</iter>
<iter>
<kw name="Log" library="BuiltIn">
<arg>"STB is in Standby DBG message"</arg>
<doc>Logs the given message with the given level.</doc>
<msg timestamp="20260805 00:18:03.415" level="INFO">"STB is in Standby DBG message"</msg>
<status status="PASS" starttime="20260805 00:18:03.415" endtime="20260805 00:18:03.415"/>
</kw>
<kw name="Send Ir New" library="Ir">
<arg>optik_ir_new</arg>
<arg>stdby</arg>
<status status="PASS" starttime="20260805 00:18:03.415" endtime="20260805 00:18:03.943"/>
</kw>
<kw name="Stop Recording" library="oreganlibs.VideoCapturer">
<doc>Stops the video and audio recording.</doc>
<status status="PASS" starttime="20260805 00:18:03.943" endtime="20260805 00:18:04.559"/>
</kw>
<kw name="Sleep" library="BuiltIn">
<arg>2s</arg>
<doc>Pauses the test executed for the given time.</doc>
<msg timestamp="20260805 00:18:06.560" level="INFO">Slept 2 seconds</msg>
<status status="PASS" starttime="20260805 00:18:04.559" endtime="20260805 00:18:06.560"/>
</kw>
<kw name="Start Recording" library="oreganlibs.VideoCapturer">
<doc>Triggers the video and audio recording.</doc>
<status status="PASS" starttime="20260805 00:18:06.560" endtime="20260805 00:18:07.561"/>
</kw>
<kw name="Sleep" library="BuiltIn">
<arg>2s</arg>
<doc>Pauses the test executed for the given time.</doc>
<msg timestamp="20260805 00:18:09.561" level="INFO">Slept 2 seconds</msg>
<status status="PASS" starttime="20260805 00:18:07.561" endtime="20260805 00:18:09.561"/>
</kw>
<kw name="Send Ir New" library="Ir">
<arg>optik_ir_new</arg>
<arg>menu</arg>
<status status="PASS" starttime="20260805 00:18:09.561" endtime="20260805 00:18:10.094"/>
</kw>
<kw name="Sleep" library="BuiltIn">
<arg>2s</arg>
<doc>Pauses the test executed for the given time.</doc>
<msg timestamp="20260805 00:18:12.094" level="INFO">Slept 2 seconds</msg>
<status status="PASS" starttime="20260805 00:18:10.094" endtime="20260805 00:18:12.094"/>
</kw>
<kw name="Wait Text" library="oreganlibs.VideoCapturer">
<var>${ui_element}</var>
<arg>${57}</arg>
<arg>${67}</arg>
<arg>${157}</arg>
<arg>${120}</arg>
<arg>Opt</arg>
<arg>${3}</arg>
<doc>Waits for a given text until timout is meet.</doc>
<msg timestamp="20260805 00:18:16.123" level="INFO">Text found: 
Text found:</msg>
<msg timestamp="20260805 00:18:16.123" level="INFO">${ui_element} = False</msg>
<status status="PASS" starttime="20260805 00:18:12.094" endtime="20260805 00:18:16.123"/>
</kw>
<status status="PASS" starttime="20260805 00:18:03.415" endtime="20260805 00:18:16.123"/>
</iter>
<iter>
<kw name="Log" library="BuiltIn">
<arg>"STB is in Standby DBG message"</arg>
<doc>Logs the given message with the given level.</doc>
<msg timestamp="20260805 00:18:16.123" level="INFO">"STB is in Standby DBG message"</msg>
<status status="PASS" starttime="20260805 00:18:16.123" endtime="20260805 00:18:16.123"/>
</kw>
<kw name="Send Ir New" library="Ir">
<arg>optik_ir_new</arg>
<arg>stdby</arg>
<status status="PASS" starttime="20260805 00:18:16.123" endtime="20260805 00:18:16.654"/>
</kw>
<kw name="Stop Recording" library="oreganlibs.VideoCapturer">
<doc>Stops the video and audio recording.</doc>
<status status="PASS" starttime="20260805 00:18:16.654" endtime="20260805 00:18:17.235"/>
</kw>
<kw name="Sleep" library="BuiltIn">
<arg>2s</arg>
<doc>Pauses the test executed for the given time.</doc>
<msg timestamp="20260805 00:18:19.236" level="INFO">Slept 2 seconds</msg>
<status status="PASS" starttime="20260805 00:18:17.235" endtime="20260805 00:18:19.236"/>
</kw>
<kw name="Start Recording" library="oreganlibs.VideoCapturer">
<doc>Triggers the video and audio recording.</doc>
<status status="PASS" starttime="20260805 00:18:19.236" endtime="20260805 00:18:20.238"/>
</kw>
<kw name="Sleep" library="BuiltIn">
<arg>2s</arg>
<doc>Pauses the test executed for the given time.</doc>
<msg timestamp="20260805 00:18:22.238" level="INFO">Slept 2 seconds</msg>
<status status="PASS" starttime="20260805 00:18:20.238" endtime="20260805 00:18:22.238"/>
</kw>
<kw name="Send Ir New" library="Ir">
<arg>optik_ir_new</arg>
<arg>menu</arg>
<status status="PASS" starttime="20260805 00:18:22.238" endtime="20260805 00:18:22.767"/>
</kw>
<kw name="Sleep" library="BuiltIn">
<arg>2s</arg>
<doc>Pauses the test executed for the given time.</doc>
<msg timestamp="20260805 00:18:24.768" level="INFO">Slept 2 seconds</msg>
<status status="PASS" starttime="20260805 00:18:22.767" endtime="20260805 00:18:24.768"/>
</kw>
<kw name="Wait Text" library="oreganlibs.VideoCapturer">
<var>${ui_element}</var>
<arg>${57}</arg>
<arg>${67}</arg>
<arg>${157}</arg>
<arg>${120}</arg>
<arg>Opt</arg>
<arg>${3}</arg>
<doc>Waits for a given text until timout is meet.</doc>
<msg timestamp="20260805 00:18:28.782" level="INFO">Text found: 
Text found:</msg>
<msg timestamp="20260805 00:18:28.782" level="INFO">${ui_element} = False</msg>
<status status="PASS" starttime="20260805 00:18:24.768" endtime="20260805 00:18:28.782"/>
</kw>
<status status="PASS" starttime="20260805 00:18:16.123" endtime="20260805 00:18:28.782"/>
</iter>
<iter>
<kw name="Log" library="BuiltIn">
<arg>"STB is in Standby DBG message"</arg>
<doc>Logs the given message with the given level.</doc>
<msg timestamp="20260805 00:18:28.783" level="INFO">"STB is in Standby DBG message"</msg>
<status status="PASS" starttime="20260805 00:18:28.783" endtime="20260805 00:18:28.783"/>
</kw>
<kw name="Send Ir New" library="Ir">
<arg>optik_ir_new</arg>
<arg>stdby</arg>
<status status="PASS" starttime="20260805 00:18:28.783" endtime="20260805 00:18:29.316"/>
</kw>
<kw name="Stop Recording" library="oreganlibs.VideoCapturer">
<doc>Stops the video and audio recording.</doc>
<status status="PASS" starttime="20260805 00:18:29.316" endtime="20260805 00:18:29.913"/>
</kw>
<kw name="Sleep" library="BuiltIn">
<arg>2s</arg>
<doc>Pauses the test executed for the given time.</doc>
<msg timestamp="20260805 00:18:31.913" level="INFO">Slept 2 seconds</msg>
<status status="PASS" starttime="20260805 00:18:29.913" endtime="20260805 00:18:31.913"/>
</kw>
<kw name="Start Recording" library="oreganlibs.VideoCapturer">
<doc>Triggers the video and audio recording.</doc>
<status status="PASS" starttime="20260805 00:18:31.913" endtime="20260805 00:18:32.915"/>
</kw>
<kw name="Sleep" library="BuiltIn">
<arg>2s</arg>
<doc>Pauses the test executed for the given time.</doc>
<msg timestamp="20260805 00:18:34.916" level="INFO">Slept 2 seconds</msg>
<status status="PASS" starttime="20260805 00:18:32.915" endtime="20260805 00:18:34.916"/>
</kw>
<kw name="Send Ir New" library="Ir">
<arg>optik_ir_new</arg>
<arg>menu</arg>
<status status="PASS" starttime="20260805 00:18:34.916" endtime="20260805 00:18:35.445"/>
</kw>
<kw name="Sleep" library="BuiltIn">
<arg>2s</arg>
<doc>Pauses the test executed for the given time.</doc>
<msg timestamp="20260805 00:18:37.445" level="INFO">Slept 2 seconds</msg>
<status status="PASS" starttime="20260805 00:18:35.445" endtime="20260805 00:18:37.445"/>
</kw>
<kw name="Wait Text" library="oreganlibs.VideoCapturer">
<var>${ui_element}</var>
<arg>${57}</arg>
<arg>${67}</arg>
<arg>${157}</arg>
<arg>${120}</arg>
<arg>Opt</arg>
<arg>${3}</arg>
<doc>Waits for a given text until timout is meet.</doc>
<msg timestamp="20260805 00:18:38.941" level="INFO">Text found: Optik</msg>
<msg timestamp="20260805 00:18:38.942" level="INFO">${ui_element} = True</msg>
<status status="PASS" starttime="20260805 00:18:37.445" endtime="20260805 00:18:38.942"/>
</kw>
<status status="PASS" starttime="20260805 00:18:28.783" endtime="20260805 00:18:38.942"/>
</iter>
<status status="PASS" starttime="20260805 00:15:31.146" endtime="20260805 00:18:38.942"/>
</while>
<kw name="Log" library="BuiltIn">
<arg>"STB is in Active mode DBG message"</arg>
<doc>Logs the given message with the given level.</doc>
<msg timestamp="20260805 00:18:38.942" level="INFO">"STB is in Active mode DBG message"</msg>
<status status="PASS" starttime="20260805 00:18:38.942" endtime="20260805 00:18:38.942"/>
</kw>
<status status="PASS" starttime="20260805 00:15:17.317" endtime="20260805 00:18:38.942"/>
</kw>
<kw name="Standby Mode Checks" library="keywords-optik">
<kw name="Send Ir New" library="Ir">
<arg>optik_ir_new</arg>
<arg>stdby</arg>
<status status="PASS" starttime="20260805 00:18:38.943" endtime="20260805 00:18:39.476"/>
</kw>
<kw name="Stop Recording" library="oreganlibs.VideoCapturer">
<doc>Stops the video and audio recording.</doc>
<status status="PASS" starttime="20260805 00:18:39.476" endtime="20260805 00:18:40.086"/>
</kw>
<kw name="Sleep" library="BuiltIn">
<arg>2s</arg>
<doc>Pauses the test executed for the given time.</doc>
<msg timestamp="20260805 00:18:42.087" level="INFO">Slept 2 seconds</msg>
<status status="PASS" starttime="20260805 00:18:40.086" endtime="20260805 00:18:42.087"/>
</kw>
<kw name="Start Recording" library="oreganlibs.VideoCapturer">
<doc>Triggers the video and audio recording.</doc>
<status status="PASS" starttime="20260805 00:18:42.087" endtime="20260805 00:18:43.089"/>
</kw>
<kw name="Sleep" library="BuiltIn">
<arg>2s</arg>
<doc>Pauses the test executed for the given time.</doc>
<msg timestamp="20260805 00:18:45.090" level="INFO">Slept 2 seconds</msg>
<status status="PASS" starttime="20260805 00:18:43.089" endtime="20260805 00:18:45.090"/>
</kw>
<kw name="Send Ir New" library="Ir">
<arg>optik_ir_new</arg>
<arg>menu</arg>
<status status="PASS" starttime="20260805 00:18:45.090" endtime="20260805 00:18:45.618"/>
</kw>
<kw name="Sleep" library="BuiltIn">
<arg>3s</arg>
<doc>Pauses the test executed for the given time.</doc>
<msg timestamp="20260805 00:18:48.618" level="INFO">Slept 3 seconds</msg>
<status status="PASS" starttime="20260805 00:18:45.618" endtime="20260805 00:18:48.618"/>
</kw>
<kw name="Wait Text" library="oreganlibs.VideoCapturer">
<var>${ui_element}</var>
<arg>${57}</arg>
<arg>${67}</arg>
<arg>${157}</arg>
<arg>${120}</arg>
<arg>Opt</arg>
<arg>${3}</arg>
<doc>Waits for a given text until timout is meet.</doc>
<msg timestamp="20260805 00:18:50.117" level="INFO">Text found: Optik</msg>
<msg timestamp="20260805 00:18:50.118" level="INFO">${ui_element} = True</msg>
<status status="PASS" starttime="20260805 00:18:48.618" endtime="20260805 00:18:50.118"/>
</kw>
<while condition="${ui_element} == ${True}" limit="15">
<iter>
<kw name="Log" library="BuiltIn">
<arg>"STB is in Active DBG message"</arg>
<doc>Logs the given message with the given level.</doc>
<msg timestamp="20260805 00:18:50.118" level="INFO">"STB is in Active DBG message"</msg>
<status status="PASS" starttime="20260805 00:18:50.118" endtime="20260805 00:18:50.118"/>
</kw>
<kw name="Send Ir New" library="Ir">
<arg>optik_ir_new</arg>
<arg>stdby</arg>
<status status="PASS" starttime="20260805 00:18:50.118" endtime="20260805 00:18:50.647"/>
</kw>
<kw name="Stop Recording" library="oreganlibs.VideoCapturer">
<doc>Stops the video and audio recording.</doc>
<status status="PASS" starttime="20260805 00:18:50.647" endtime="20260805 00:18:51.262"/>
</kw>
<kw name="Sleep" library="BuiltIn">
<arg>2s</arg>
<doc>Pauses the test executed for the given time.</doc>
<msg timestamp="20260805 00:18:53.263" level="INFO">Slept 2 seconds</msg>
<status status="PASS" starttime="20260805 00:18:51.262" endtime="20260805 00:18:53.263"/>
</kw>
<kw name="Start Recording" library="oreganlibs.VideoCapturer">
<doc>Triggers the video and audio recording.</doc>
<status status="PASS" starttime="20260805 00:18:53.263" endtime="20260805 00:18:54.264"/>
</kw>
<kw name="Sleep" library="BuiltIn">
<arg>2s</arg>
<doc>Pauses the test executed for the given time.</doc>
<msg timestamp="20260805 00:18:56.265" level="INFO">Slept 2 seconds</msg>
<status status="PASS" starttime="20260805 00:18:54.264" endtime="20260805 00:18:56.265"/>
</kw>
<kw name="Send Ir New" library="Ir">
<arg>optik_ir_new</arg>
<arg>menu</arg>
<status status="PASS" starttime="20260805 00:18:56.265" endtime="20260805 00:18:56.795"/>
</kw>
<kw name="Sleep" library="BuiltIn">
<arg>2s</arg>
<doc>Pauses the test executed for the given time.</doc>
<msg timestamp="20260805 00:18:58.796" level="INFO">Slept 2 seconds</msg>
<status status="PASS" starttime="20260805 00:18:56.795" endtime="20260805 00:18:58.796"/>
</kw>
<kw name="Wait Text" library="oreganlibs.VideoCapturer">
<var>${ui_element}</var>
<arg>${57}</arg>
<arg>${67}</arg>
<arg>${157}</arg>
<arg>${120}</arg>
<arg>Opt</arg>
<arg>${3}</arg>
<doc>Waits for a given text until timout is meet.</doc>
<msg timestamp="20260805 00:19:00.300" level="INFO">Text found: Optik</msg>
<msg timestamp="20260805 00:19:00.300" level="INFO">${ui_element} = True</msg>
<status status="PASS" starttime="20260805 00:18:58.796" endtime="20260805 00:19:00.300"/>
</kw>
<status status="PASS" starttime="20260805 00:18:50.118" endtime="20260805 00:19:00.300"/>
</iter>
<iter>
<kw name="Log" library="BuiltIn">
<arg>"STB is in Active DBG message"</arg>
<doc>Logs the given message with the given level.</doc>
<msg timestamp="20260805 00:19:00.300" level="INFO">"STB is in Active DBG message"</msg>
<status status="PASS" starttime="20260805 00:19:00.300" endtime="20260805 00:19:00.300"/>
</kw>
<kw name="Send Ir New" library="Ir">
<arg>optik_ir_new</arg>
<arg>stdby</arg>
<status status="PASS" starttime="20260805 00:19:00.301" endtime="20260805 00:19:00.837"/>
</kw>
<kw name="Stop Recording" library="oreganlibs.VideoCapturer">
<doc>Stops the video and audio recording.</doc>
<status status="PASS" starttime="20260805 00:19:00.837" endtime="20260805 00:19:01.416"/>
</kw>
<kw name="Sleep" library="BuiltIn">
<arg>2s</arg>
<doc>Pauses the test executed for the given time.</doc>
<msg timestamp="20260805 00:19:03.416" level="INFO">Slept 2 seconds</msg>
<status status="PASS" starttime="20260805 00:19:01.416" endtime="20260805 00:19:03.416"/>
</kw>
<kw name="Start Recording" library="oreganlibs.VideoCapturer">
<doc>Triggers the video and audio recording.</doc>
<status status="PASS" starttime="20260805 00:19:03.416" endtime="20260805 00:19:04.417"/>
</kw>
<kw name="Sleep" library="BuiltIn">
<arg>2s</arg>
<doc>Pauses the test executed for the given time.</doc>
<msg timestamp="20260805 00:19:06.418" level="INFO">Slept 2 seconds</msg>
<status status="PASS" starttime="20260805 00:19:04.417" endtime="20260805 00:19:06.418"/>
</kw>
<kw name="Send Ir New" library="Ir">
<arg>optik_ir_new</arg>
<arg>menu</arg>
<status status="PASS" starttime="20260805 00:19:06.418" endtime="20260805 00:19:06.946"/>
</kw>
<kw name="Sleep" library="BuiltIn">
<arg>2s</arg>
<doc>Pauses the test executed for the given time.</doc>
<msg timestamp="20260805 00:19:08.947" level="INFO">Slept 2 seconds</msg>
<status status="PASS" starttime="20260805 00:19:06.946" endtime="20260805 00:19:08.947"/>
</kw>
<kw name="Wait Text" library="oreganlibs.VideoCapturer">
<var>${ui_element}</var>
<arg>${57}</arg>
<arg>${67}</arg>
<arg>${157}</arg>
<arg>${120}</arg>
<arg>Opt</arg>
<arg>${3}</arg>
<doc>Waits for a given text until timout is meet.</doc>
<msg timestamp="20260805 00:19:10.447" level="INFO">Text found: Optik</msg>
<msg timestamp="20260805 00:19:10.447" level="INFO">${ui_element} = True</msg>
<status status="PASS" starttime="20260805 00:19:08.947" endtime="20260805 00:19:10.447"/>
</kw>
<status status="PASS" starttime="20260805 00:19:00.300" endtime="20260805 00:19:10.447"/>
</iter>
<iter>
<kw name="Log" library="BuiltIn">
<arg>"STB is in Active DBG message"</arg>
<doc>Logs the given message with the given level.</doc>
<msg timestamp="20260805 00:19:10.447" level="INFO">"STB is in Active DBG message"</msg>
<status status="PASS" starttime="20260805 00:19:10.447" endtime="20260805 00:19:10.447"/>
</kw>
<kw name="Send Ir New" library="Ir">
<arg>optik_ir_new</arg>
<arg>stdby</arg>
<status status="PASS" starttime="20260805 00:19:10.448" endtime="20260805 00:19:10.979"/>
</kw>
<kw name="Stop Recording" library="oreganlibs.VideoCapturer">
<doc>Stops the video and audio recording.</doc>
<status status="PASS" starttime="20260805 00:19:10.979" endtime="20260805 00:19:11.581"/>
</kw>
<kw name="Sleep" library="BuiltIn">
<arg>2s</arg>
<doc>Pauses the test executed for the given time.</doc>
<msg timestamp="20260805 00:19:13.582" level="INFO">Slept 2 seconds</msg>
<status status="PASS" starttime="20260805 00:19:11.581" endtime="20260805 00:19:13.582"/>
</kw>
<kw name="Start Recording" library="oreganlibs.VideoCapturer">
<doc>Triggers the video and audio recording.</doc>
<status status="PASS" starttime="20260805 00:19:13.582" endtime="20260805 00:19:14.583"/>
</kw>
<kw name="Sleep" library="BuiltIn">
<arg>2s</arg>
<doc>Pauses the test executed for the given time.</doc>
<msg timestamp="20260805 00:19:16.583" level="INFO">Slept 2 seconds</msg>
<status status="PASS" starttime="20260805 00:19:14.583" endtime="20260805 00:19:16.583"/>
</kw>
<kw name="Send Ir New" library="Ir">
<arg>optik_ir_new</arg>
<arg>menu</arg>
<status status="PASS" starttime="20260805 00:19:16.583" endtime="20260805 00:19:17.114"/>
</kw>
<kw name="Sleep" library="BuiltIn">
<arg>2s</arg>
<doc>Pauses the test executed for the given time.</doc>
<msg timestamp="20260805 00:19:19.114" level="INFO">Slept 2 seconds</msg>
<status status="PASS" starttime="20260805 00:19:17.114" endtime="20260805 00:19:19.114"/>
</kw>
<kw name="Wait Text" library="oreganlibs.VideoCapturer">
<var>${ui_element}</var>
<arg>${57}</arg>
<arg>${67}</arg>
<arg>${157}</arg>
<arg>${120}</arg>
<arg>Opt</arg>
<arg>${3}</arg>
<doc>Waits for a given text until timout is meet.</doc>
<msg timestamp="20260805 00:19:20.612" level="INFO">Text found: Optik</msg>
<msg timestamp="20260805 00:19:20.612" level="INFO">${ui_element} = True</msg>
<status status="PASS" starttime="20260805 00:19:19.114" endtime="20260805 00:19:20.612"/>
</kw>
<status status="PASS" starttime="20260805 00:19:10.447" endtime="20260805 00:19:20.613"/>
</iter>
<iter>
<kw name="Log" library="BuiltIn">
<arg>"STB is in Active DBG message"</arg>
<doc>Logs the given message with the given level.</doc>
<msg timestamp="20260805 00:19:20.613" level="INFO">"STB is in Active DBG message"</msg>
<status status="PASS" starttime="20260805 00:19:20.613" endtime="20260805 00:19:20.613"/>
</kw>
<kw name="Send Ir New" library="Ir">
<arg>optik_ir_new</arg>
<arg>stdby</arg>
<status status="PASS" starttime="20260805 00:19:20.613" endtime="20260805 00:19:21.142"/>
</kw>
<kw name="Stop Recording" library="oreganlibs.VideoCapturer">
<doc>Stops the video and audio recording.</doc>
<status status="PASS" starttime="20260805 00:19:21.142" endtime="20260805 00:19:21.738"/>
</kw>
<kw name="Sleep" library="BuiltIn">
<arg>2s</arg>
<doc>Pauses the test executed for the given time.</doc>
<msg timestamp="20260805 00:19:23.739" level="INFO">Slept 2 seconds</msg>
<status status="PASS" starttime="20260805 00:19:21.738" endtime="20260805 00:19:23.739"/>
</kw>
<kw name="Start Recording" library="oreganlibs.VideoCapturer">
<doc>Triggers the video and audio recording.</doc>
<status status="PASS" starttime="20260805 00:19:23.739" endtime="20260805 00:19:24.740"/>
</kw>
<kw name="Sleep" library="BuiltIn">
<arg>2s</arg>
<doc>Pauses the test executed for the given time.</doc>
<msg timestamp="20260805 00:19:26.741" level="INFO">Slept 2 seconds</msg>
<status status="PASS" starttime="20260805 00:19:24.740" endtime="20260805 00:19:26.741"/>
</kw>
<kw name="Send Ir New" library="Ir">
<arg>optik_ir_new</arg>
<arg>menu</arg>
<status status="PASS" starttime="20260805 00:19:26.741" endtime="20260805 00:19:27.270"/>
</kw>
<kw name="Sleep" library="BuiltIn">
<arg>2s</arg>
<doc>Pauses the test executed for the given time.</doc>
<msg timestamp="20260805 00:19:29.270" level="INFO">Slept 2 seconds</msg>
<status status="PASS" starttime="20260805 00:19:27.270" endtime="20260805 00:19:29.270"/>
</kw>
<kw name="Wait Text" library="oreganlibs.VideoCapturer">
<var>${ui_element}</var>
<arg>${57}</arg>
<arg>${67}</arg>
<arg>${157}</arg>
<arg>${120}</arg>
<arg>Opt</arg>
<arg>${3}</arg>
<doc>Waits for a given text until timout is meet.</doc>
<msg timestamp="20260805 00:19:30.772" level="INFO">Text found: Optik</msg>
<msg timestamp="20260805 00:19:30.772" level="INFO">${ui_element} = True</msg>
<status status="PASS" starttime="20260805 00:19:29.270" endtime="20260805 00:19:30.772"/>
</kw>
<status status="PASS" starttime="20260805 00:19:20.613" endtime="20260805 00:19:30.772"/>
</iter>
<iter>
<kw name="Log" library="BuiltIn">
<arg>"STB is in Active DBG message"</arg>
<doc>Logs the given message with the given level.</doc>
<msg timestamp="20260805 00:19:30.773" level="INFO">"STB is in Active DBG message"</msg>
<status status="PASS" starttime="20260805 00:19:30.773" endtime="20260805 00:19:30.773"/>
</kw>
<kw name="Send Ir New" library="Ir">
<arg>optik_ir_new</arg>
<arg>stdby</arg>
<status status="PASS" starttime="20260805 00:19:30.773" endtime="20260805 00:19:31.306"/>
</kw>
<kw name="Stop Recording" library="oreganlibs.VideoCapturer">
<doc>Stops the video and audio recording.</doc>
<status status="PASS" starttime="20260805 00:19:31.306" endtime="20260805 00:19:31.911"/>
</kw>
<kw name="Sleep" library="BuiltIn">
<arg>2s</arg>
<doc>Pauses the test executed for the given time.</doc>
<msg timestamp="20260805 00:19:33.912" level="INFO">Slept 2 seconds</msg>
<status status="PASS" starttime="20260805 00:19:31.911" endtime="20260805 00:19:33.912"/>
</kw>
<kw name="Start Recording" library="oreganlibs.VideoCapturer">
<doc>Triggers the video and audio recording.</doc>
<status status="PASS" starttime="20260805 00:19:33.912" endtime="20260805 00:19:34.913"/>
</kw>
<kw name="Sleep" library="BuiltIn">
<arg>2s</arg>
<doc>Pauses the test executed for the given time.</doc>
<msg timestamp="20260805 00:19:36.913" level="INFO">Slept 2 seconds</msg>
<status status="PASS" starttime="20260805 00:19:34.913" endtime="20260805 00:19:36.913"/>
</kw>
<kw name="Send Ir New" library="Ir">
<arg>optik_ir_new</arg>
<arg>menu</arg>
<status status="PASS" starttime="20260805 00:19:36.913" endtime="20260805 00:19:37.442"/>
</kw>
<kw name="Sleep" library="BuiltIn">
<arg>2s</arg>
<doc>Pauses the test executed for the given time.</doc>
<msg timestamp="20260805 00:19:39.443" level="INFO">Slept 2 seconds</msg>
<status status="PASS" starttime="20260805 00:19:37.442" endtime="20260805 00:19:39.443"/>
</kw>
<kw name="Wait Text" library="oreganlibs.VideoCapturer">
<var>${ui_element}</var>
<arg>${57}</arg>
<arg>${67}</arg>
<arg>${157}</arg>
<arg>${120}</arg>
<arg>Opt</arg>
<arg>${3}</arg>
<doc>Waits for a given text until timout is meet.</doc>
<msg timestamp="20260805 00:19:40.944" level="INFO">Text found: Optik</msg>
<msg timestamp="20260805 00:19:40.944" level="INFO">${ui_element} = True</msg>
<status status="PASS" starttime="20260805 00:19:39.443" endtime="20260805 00:19:40.944"/>
</kw>
<status status="PASS" starttime="20260805 00:19:30.773" endtime="20260805 00:19:40.944"/>
</iter>
<iter>
<kw name="Log" library="BuiltIn">
<arg>"STB is in Active DBG message"</arg>
<doc>Logs the given message with the given level.</doc>
<msg timestamp="20260805 00:19:40.945" level="INFO">"STB is in Active DBG message"</msg>
<status status="PASS" starttime="20260805 00:19:40.945" endtime="20260805 00:19:40.945"/>
</kw>
<kw name="Send Ir New" library="Ir">
<arg>optik_ir_new</arg>
<arg>stdby</arg>
<status status="PASS" starttime="20260805 00:19:40.945" endtime="20260805 00:19:41.475"/>
</kw>
<kw name="Stop Recording" library="oreganlibs.VideoCapturer">
<doc>Stops the video and audio recording.</doc>
<status status="PASS" starttime="20260805 00:19:41.475" endtime="20260805 00:19:42.078"/>
</kw>
<kw name="Sleep" library="BuiltIn">
<arg>2s</arg>
<doc>Pauses the test executed for the given time.</doc>
<msg timestamp="20260805 00:19:44.078" level="INFO">Slept 2 seconds</msg>
<status status="PASS" starttime="20260805 00:19:42.078" endtime="20260805 00:19:44.078"/>
</kw>
<kw name="Start Recording" library="oreganlibs.VideoCapturer">
<doc>Triggers the video and audio recording.</doc>
<status status="PASS" starttime="20260805 00:19:44.078" endtime="20260805 00:19:45.079"/>
</kw>
<kw name="Sleep" library="BuiltIn">
<arg>2s</arg>
<doc>Pauses the test executed for the given time.</doc>
<msg timestamp="20260805 00:19:47.080" level="INFO">Slept 2 seconds</msg>
<status status="PASS" starttime="20260805 00:19:45.079" endtime="20260805 00:19:47.080"/>
</kw>
<kw name="Send Ir New" library="Ir">
<arg>optik_ir_new</arg>
<arg>menu</arg>
<status status="PASS" starttime="20260805 00:19:47.080" endtime="20260805 00:19:47.609"/>
</kw>
<kw name="Sleep" library="BuiltIn">
<arg>2s</arg>
<doc>Pauses the test executed for the given time.</doc>
<msg timestamp="20260805 00:19:49.610" level="INFO">Slept 2 seconds</msg>
<status status="PASS" starttime="20260805 00:19:47.609" endtime="20260805 00:19:49.610"/>
</kw>
<kw name="Wait Text" library="oreganlibs.VideoCapturer">
<var>${ui_element}</var>
<arg>${57}</arg>
<arg>${67}</arg>
<arg>${157}</arg>
<arg>${120}</arg>
<arg>Opt</arg>
<arg>${3}</arg>
<doc>Waits for a given text until timout is meet.</doc>
<msg timestamp="20260805 00:19:53.690" level="INFO">Text found: 
Text found:</msg>
<msg timestamp="20260805 00:19:53.690" level="INFO">${ui_element} = False</msg>
<status status="PASS" starttime="20260805 00:19:49.610" endtime="20260805 00:19:53.690"/>
</kw>
<status status="PASS" starttime="20260805 00:19:40.945" endtime="20260805 00:19:53.690"/>
</iter>
<status status="PASS" starttime="20260805 00:18:50.118" endtime="20260805 00:19:53.691"/>
</while>
<kw name="Log" library="BuiltIn">
<arg>"STB is in Standby mode DBG message"</arg>
<doc>Logs the given message with the given level.</doc>
<msg timestamp="20260805 00:19:53.691" level="INFO">"STB is in Standby mode DBG message"</msg>
<status status="PASS" starttime="20260805 00:19:53.691" endtime="20260805 00:19:53.691"/>
</kw>
<status status="PASS" starttime="20260805 00:18:38.942" endtime="20260805 00:19:53.691"/>
</kw>
<kw name="Active Mode Checks" library="keywords-optik">
<kw name="Send Ir New" library="Ir">
<arg>optik_ir_new</arg>
<arg>stdby</arg>
<status status="PASS" starttime="20260805 00:19:53.691" endtime="20260805 00:19:54.220"/>
</kw>
<kw name="Stop Recording" library="oreganlibs.VideoCapturer">
<doc>Stops the video and audio recording.</doc>
<status status="PASS" starttime="20260805 00:19:54.220" endtime="20260805 00:19:54.824"/>
</kw>
<kw name="Sleep" library="BuiltIn">
<arg>2s</arg>
<doc>Pauses the test executed for the given time.</doc>
<msg timestamp="20260805 00:19:56.825" level="INFO">Slept 2 seconds</msg>
<status status="PASS" starttime="20260805 00:19:54.824" endtime="20260805 00:19:56.825"/>
</kw>
<kw name="Start Recording" library="oreganlibs.VideoCapturer">
<doc>Triggers the video and audio recording.</doc>
<status status="PASS" starttime="20260805 00:19:56.825" endtime="20260805 00:19:57.826"/>
</kw>
<kw name="Sleep" library="BuiltIn">
<arg>2s</arg>
<doc>Pauses the test executed for the given time.</doc>
<msg timestamp="20260805 00:19:59.826" level="INFO">Slept 2 seconds</msg>
<status status="PASS" starttime="20260805 00:19:57.826" endtime="20260805 00:19:59.826"/>
</kw>
<kw name="Send Ir New" library="Ir">
<arg>optik_ir_new</arg>
<arg>menu</arg>
<status status="PASS" starttime="20260805 00:19:59.826" endtime="20260805 00:20:00.359"/>
</kw>
<kw name="Sleep" library="BuiltIn">
<arg>3s</arg>
<doc>Pauses the test executed for the given time.</doc>
<msg timestamp="20260805 00:20:03.360" level="INFO">Slept 3 seconds</msg>
<status status="PASS" starttime="20260805 00:20:00.359" endtime="20260805 00:20:03.360"/>
</kw>
<kw name="Wait Text" library="oreganlibs.VideoCapturer">
<var>${ui_element}</var>
<arg>${57}</arg>
<arg>${67}</arg>
<arg>${157}</arg>
<arg>${120}</arg>
<arg>Opt</arg>
<arg>${3}</arg>
<doc>Waits for a given text until timout is meet.</doc>
<msg timestamp="20260805 00:20:04.864" level="INFO">Text found: Optik</msg>
<msg timestamp="20260805 00:20:04.864" level="INFO">${ui_element} = True</msg>
<status status="PASS" starttime="20260805 00:20:03.360" endtime="20260805 00:20:04.864"/>
</kw>
<while condition="${ui_element} == ${False}" limit="15">
<iter>
<kw name="Log" library="BuiltIn">
<arg>"STB is in Standby DBG message"</arg>
<doc>Logs the given message with the given level.</doc>
<status status="NOT RUN" starttime="20260805 00:20:04.864" endtime="20260805 00:20:04.864"/>
</kw>
<kw name="Send Ir New" library="Ir">
<arg>optik_ir_new</arg>
<arg>stdby</arg>
<status status="NOT RUN" starttime="20260805 00:20:04.864" endtime="20260805 00:20:04.864"/>
</kw>
<kw name="Stop Recording" library="oreganlibs.VideoCapturer">
<doc>Stops the video and audio recording.</doc>
<status status="NOT RUN" starttime="20260805 00:20:04.864" endtime="20260805 00:20:04.864"/>
</kw>
<kw name="Sleep" library="BuiltIn">
<arg>2s</arg>
<doc>Pauses the test executed for the given time.</doc>
<status status="NOT RUN" starttime="20260805 00:20:04.864" endtime="20260805 00:20:04.864"/>
</kw>
<kw name="Start Recording" library="oreganlibs.VideoCapturer">
<doc>Triggers the video and audio recording.</doc>
<status status="NOT RUN" starttime="20260805 00:20:04.865" endtime="20260805 00:20:04.865"/>
</kw>
<kw name="Sleep" library="BuiltIn">
<arg>2s</arg>
<doc>Pauses the test executed for the given time.</doc>
<status status="NOT RUN" starttime="20260805 00:20:04.865" endtime="20260805 00:20:04.865"/>
</kw>
<kw name="Send Ir New" library="Ir">
<arg>optik_ir_new</arg>
<arg>menu</arg>
<status status="NOT RUN" starttime="20260805 00:20:04.865" endtime="20260805 00:20:04.865"/>
</kw>
<kw name="Sleep" library="BuiltIn">
<arg>2s</arg>
<doc>Pauses the test executed for the given time.</doc>
<status status="NOT RUN" starttime="20260805 00:20:04.865" endtime="20260805 00:20:04.865"/>
</kw>
<kw name="Wait Text" library="oreganlibs.VideoCapturer">
<var>${ui_element}</var>
<arg>${57}</arg>
<arg>${67}</arg>
<arg>${157}</arg>
<arg>${120}</arg>
<arg>Opt</arg>
<arg>${3}</arg>
<doc>Waits for a given text until timout is meet.</doc>
<status status="NOT RUN" starttime="20260805 00:20:04.865" endtime="20260805 00:20:04.865"/>
</kw>
<status status="NOT RUN" starttime="20260805 00:20:04.864" endtime="20260805 00:20:04.865"/>
</iter>
<status status="NOT RUN" starttime="20260805 00:20:04.864" endtime="20260805 00:20:04.865"/>
</while>
<kw name="Log" library="BuiltIn">
<arg>"STB is in Active mode DBG message"</arg>
<doc>Logs the given message with the given level.</doc>
<msg timestamp="20260805 00:20:04.865" level="INFO">"STB is in Active mode DBG message"</msg>
<status status="PASS" starttime="20260805 00:20:04.865" endtime="20260805 00:20:04.865"/>
</kw>
<status status="PASS" starttime="20260805 00:19:53.691" endtime="20260805 00:20:04.866"/>
</kw>
<kw name="Stop Test Execution" library="keywords-optik" type="TEARDOWN">
<kw name="Stop Recording" library="oreganlibs.VideoCapturer">
<doc>Stops the video and audio recording.</doc>
<status status="PASS" starttime="20260805 00:20:04.866" endtime="20260805 00:20:05.422"/>
</kw>
<status status="PASS" starttime="20260805 00:20:04.866" endtime="20260805 00:20:05.422"/>
</kw>
<doc>STB should enter/exit standby and live TV should reproduce AV on full screen.</doc>
<tag>Robot</tag>
<tag>Standby</tag>
<tag>TUT-2181</tag>
<status status="PASS" starttime="20260805 00:15:16.315" endtime="20260805 00:20:05.422">*HTML* &lt;span class="merge"&gt;Test has been re-executed and results merged.&lt;/span&gt;&lt;hr&gt;&lt;span class="new-status"&gt;New status:&lt;/span&gt; &lt;span class="pass"&gt;PASS&lt;/span&gt;&lt;br&gt;&lt;hr&gt;&lt;span class="old-status"&gt;Old status:&lt;/span&gt; &lt;span class="pass"&gt;PASS&lt;/span&gt;&lt;br&gt;</status>
</test>
<test id="s1-t2" name="Menu Checks" line="41">
<kw name="Start Test Execution" library="keywords-optik" type="SETUP">
<kw name="Start Recording" library="oreganlibs.VideoCapturer">
<doc>Triggers the video and audio recording.</doc>
<status status="PASS" starttime="20260805 00:20:05.423" endtime="20260805 00:20:06.425"/>
</kw>
<status status="PASS" starttime="20260805 00:20:05.423" endtime="20260805 00:20:06.425"/>
</kw>
<kw name="Return To Live TV" library="keywords-optik">
<doc>Returns the STB to a known Live TV state before/after a test.</doc>
<kw name="Press Back" library="Ir">
<arg>${10}</arg>
<doc>Sends keyevent KEYCODE_BACK "n" number of times through IR.</doc>
<status status="PASS" starttime="20260805 00:20:06.425" endtime="20260805 00:20:11.820"/>
</kw>
<status status="PASS" starttime="20260805 00:20:06.425" endtime="20260805 00:20:11.820"/>
</kw>
<kw name="Verify Menu" library="keywords-optik">
<kw name="Send Ir New" library="Ir">
<arg>optik_ir_new</arg>
<arg>menu</arg>
<status status="PASS" starttime="20260805 00:20:11.821" endtime="20260805 00:20:12.349"/>
</kw>
<kw name="Sleep" library="BuiltIn">
<arg>1s</arg>
<doc>Pauses the test executed for the given time.</doc>
<msg timestamp="20260805 00:20:13.349" level="INFO">Slept 1 second</msg>
<status status="PASS" starttime="20260805 00:20:12.349" endtime="20260805 00:20:13.349"/>
</kw>
<kw name="Wait Pixel V3" library="oreganlibs.VideoCapturer">
<var>${ui_element}</var>
<arg>${250}</arg>
<arg>${80}</arg>
<arg>${80}</arg>
<arg>${1}</arg>
<doc>Waits until a defined pixel gets the given RGB values within a timeout.</doc>
<msg timestamp="20260805 00:20:14.661" level="INFO">78</msg>
<msg timestamp="20260805 00:20:14.661" level="INFO">${ui_element} = False</msg>
<status status="PASS" starttime="20260805 00:20:13.349" endtime="20260805 00:20:14.661"/>
</kw>
<kw name="Should Not Be True" library="BuiltIn">
<arg>${ui_element}</arg>
<arg>msg=Reason: Menu overlay is not completely opaque.</arg>
<doc>Fails if the given condition is true.</doc>
<status status="PASS" starttime="20260805 00:20:14.662" endtime="20260805 00:20:14.662"/>
</kw>
<kw name="Find Text V2" library="oreganlibs.VideoCapturer">
<var>${ui_element}</var>
<arg>${0}</arg>
<arg>${0}</arg>
<arg>${422}</arg>
<arg>${716}</arg>
<arg>Opt</arg>
<arg>${3}</arg>
<doc>Waits for a given text until timout is meet, on the last screenshot taken, this should make the validation to be quicker.</doc>
<msg timestamp="20260805 00:20:14.945" level="INFO">Text found: Optik TV

Search
Guide
Recordings

Settings</msg>
<msg timestamp="20260805 00:20:14.945" level="INFO">${ui_element} = True</msg>
<status status="PASS" starttime="20260805 00:20:14.662" endtime="20260805 00:20:14.945"/>
</kw>
<kw name="Should Be True" library="BuiltIn">
<arg>${ui_element}</arg>
<arg>msg=Reason: Menu is not displayed</arg>
<doc>Fails if the given condition is not true.</doc>
<status status="PASS" starttime="20260805 00:20:14.945" endtime="20260805 00:20:14.946"/>
</kw>
<kw name="Find Text V2" library="oreganlibs.VideoCapturer">
<var>${Guide}</var>
<arg>${0}</arg>
<arg>${0}</arg>
<arg>${422}</arg>
<arg>${716}</arg>
<arg>Guide</arg>
<arg>${1}</arg>
<doc>Waits for a given text until timout is meet, on the last screenshot taken, this should make the validation to be quicker.</doc>
<msg timestamp="20260805 00:20:15.231" level="INFO">Text found: Optik TV

Search
Guide
Recordings

Settings</msg>
<msg timestamp="20260805 00:20:15.231" level="INFO">${Guide} = True</msg>
<status status="PASS" starttime="20260805 00:20:14.946" endtime="20260805 00:20:15.232"/>
</kw>
<kw name="Should Be True" library="BuiltIn">
<arg>${Guide}</arg>
<arg>msg=Reason: Guide text is not displayed</arg>
<doc>Fails if the given condition is not true.</doc>
<status status="PASS" starttime="20260805 00:20:15.232" endtime="20260805 00:20:15.232"/>
</kw>
<kw name="Find Text V2" library="oreganlibs.VideoCapturer">
<var>${Recordings}</var>
<arg>${0}</arg>
<arg>${0}</arg>
<arg>${422}</arg>
<arg>${716}</arg>
<arg>Recordings</arg>
<arg>${1}</arg>
<doc>Waits for a given text until timout is meet, on the last screenshot taken, this should make the validation to be quicker.</doc>
<msg timestamp="20260805 00:20:15.514" level="INFO">Text found: Optik TV

Search
Guide
Recordings

Settings</msg>
<msg timestamp="20260805 00:20:15.515" level="INFO">${Recordings} = True</msg>
<status status="PASS" starttime="20260805 00:20:15.232" endtime="20260805 00:20:15.515"/>
</kw>
<kw name="Should Be True" library="BuiltIn">
<arg>${Recordings}</arg>
<arg>msg=Reason: Recordings text is not displayed</arg>
<doc>Fails if the given condition is not true.</doc>
<status status="PASS" starttime="20260805 00:20:15.515" endtime="20260805 00:20:15.515"/>
</kw>
<kw name="Find Text V2" library="oreganlibs.VideoCapturer">
<var>${Settings}</var>
<arg>${0}</arg>
<arg>${0}</arg>
<arg>${422}</arg>
<arg>${716}</arg>
<arg>Settings</arg>
<arg>${1}</arg>
<doc>Waits for a given text until timout is meet, on the last screenshot taken, this should make the validation to be quicker.</doc>
<msg timestamp="20260805 00:20:15.792" level="INFO">Text found: Optik TV

Search
Guide
Recordings

Settings</msg>
<msg timestamp="20260805 00:20:15.792" level="INFO">${Settings} = True</msg>
<status status="PASS" starttime="20260805 00:20:15.515" endtime="20260805 00:20:15.792"/>
</kw>
<kw name="Should Be True" library="BuiltIn">
<arg>${Settings}</arg>
<arg>msg=Reason: Settings text is not displayed</arg>
<doc>Fails if the given condition is not true.</doc>
<status status="PASS" starttime="20260805 00:20:15.792" endtime="20260805 00:20:15.793"/>
</kw>
<kw name="Find Text V2" library="oreganlibs.VideoCapturer">
<var>${Guide}</var>
<arg>${0}</arg>
<arg>${0}</arg>
<arg>${422}</arg>
<arg>${716}</arg>
<arg>Search</arg>
<arg>${1}</arg>
<doc>Waits for a given text until timout is meet, on the last screenshot taken, this should make the validation to be quicker.</doc>
<msg timestamp="20260805 00:20:16.089" level="INFO">Text found: Optik TV

Search
Guide
Recordings

Settings</msg>
<msg timestamp="20260805 00:20:16.089" level="INFO">${Guide} = True</msg>
<status status="PASS" starttime="20260805 00:20:15.793" endtime="20260805 00:20:16.089"/>
</kw>
<kw name="Should Be True" library="BuiltIn">
<arg>${Guide}</arg>
<arg>msg=Reason: Search text is not displayed</arg>
<doc>Fails if the given condition is not true.</doc>
<status status="PASS" starttime="20260805 00:20:16.089" endtime="20260805 00:20:16.089"/>
</kw>
<status status="PASS" starttime="20260805 00:20:11.820" endtime="20260805 00:20:16.090"/>
</kw>
<kw name="STB Get Info" library="keywords-optik">
<kw name="Return To Live TV" library="keywords-optik">
<doc>Returns the STB to a known Live TV state before/after a test.</doc>
<kw name="Press Back" library="Ir">
<arg>${10}</arg>
<doc>Sends keyevent KEYCODE_BACK "n" number of times through IR.</doc>
<status status="PASS" starttime="20260805 00:20:16.090" endtime="20260805 00:20:21.386"/>
</kw>
<status status="PASS" starttime="20260805 00:20:16.090" endtime="20260805 00:20:21.386"/>
</kw>
<kw name="Send Ir New" library="Ir">
<arg>optik_ir_new</arg>
<arg>menu</arg>
<status status="PASS" starttime="20260805 00:20:21.386" endtime="20260805 00:20:21.916"/>
</kw>
<for flavor="IN RANGE">
<var>${i}</var>
<value>4</value>
<iter>
<var name="${i}">0</var>
<kw name="Send Ir New" library="Ir">
<arg>optik_ir_new</arg>
<arg>down</arg>
<status status="PASS" starttime="20260805 00:20:21.916" endtime="20260805 00:20:22.445"/>
</kw>
<status status="PASS" starttime="20260805 00:20:21.916" endtime="20260805 00:20:22.445"/>
</iter>
<iter>
<var name="${i}">1</var>
<kw name="Send Ir New" library="Ir">
<arg>optik_ir_new</arg>
<arg>down</arg>
<status status="PASS" starttime="20260805 00:20:22.445" endtime="20260805 00:20:22.974"/>
</kw>
<status status="PASS" starttime="20260805 00:20:22.445" endtime="20260805 00:20:22.974"/>
</iter>
<iter>
<var name="${i}">2</var>
<kw name="Send Ir New" library="Ir">
<arg>optik_ir_new</arg>
<arg>down</arg>
<status status="PASS" starttime="20260805 00:20:22.974" endtime="20260805 00:20:23.502"/>
</kw>
<status status="PASS" starttime="20260805 00:20:22.974" endtime="20260805 00:20:23.502"/>
</iter>
<iter>
<var name="${i}">3</var>
<kw name="Send Ir New" library="Ir">
<arg>optik_ir_new</arg>
<arg>down</arg>
<status status="PASS" starttime="20260805 00:20:23.502" endtime="20260805 00:20:24.031"/>
</kw>
<status status="PASS" starttime="20260805 00:20:23.502" endtime="20260805 00:20:24.031"/>
</iter>
<status status="PASS" starttime="20260805 00:20:21.916" endtime="20260805 00:20:24.031"/>
</for>
<kw name="Send Ir New" library="Ir">
<arg>optik_ir_new</arg>
<arg>ok</arg>
<status status="PASS" starttime="20260805 00:20:24.031" endtime="20260805 00:20:24.560"/>
</kw>
<for flavor="IN RANGE">
<var>${i}</var>
<value>4</value>
<iter>
<var name="${i}">0</var>
<kw name="Send Ir New" library="Ir">
<arg>optik_ir_new</arg>
<arg>down</arg>
<status status="PASS" starttime="20260805 00:20:24.560" endtime="20260805 00:20:25.090"/>
</kw>
<status status="PASS" starttime="20260805 00:20:24.560" endtime="20260805 00:20:25.090"/>
</iter>
<iter>
<var name="${i}">1</var>
<kw name="Send Ir New" library="Ir">
<arg>optik_ir_new</arg>
<arg>down</arg>
<status status="PASS" starttime="20260805 00:20:25.090" endtime="20260805 00:20:25.619"/>
</kw>
<status status="PASS" starttime="20260805 00:20:25.090" endtime="20260805 00:20:25.619"/>
</iter>
<iter>
<var name="${i}">2</var>
<kw name="Send Ir New" library="Ir">
<arg>optik_ir_new</arg>
<arg>down</arg>
<status status="PASS" starttime="20260805 00:20:25.619" endtime="20260805 00:20:26.151"/>
</kw>
<status status="PASS" starttime="20260805 00:20:25.619" endtime="20260805 00:20:26.151"/>
</iter>
<iter>
<var name="${i}">3</var>
<kw name="Send Ir New" library="Ir">
<arg>optik_ir_new</arg>
<arg>down</arg>
<status status="PASS" starttime="20260805 00:20:26.151" endtime="20260805 00:20:26.680"/>
</kw>
<status status="PASS" starttime="20260805 00:20:26.151" endtime="20260805 00:20:26.680"/>
</iter>
<status status="PASS" starttime="20260805 00:20:24.560" endtime="20260805 00:20:26.680"/>
</for>
<kw name="Send Ir New" library="Ir">
<arg>optik_ir_new</arg>
<arg>right</arg>
<status status="PASS" starttime="20260805 00:20:26.680" endtime="20260805 00:20:27.208"/>
</kw>
<for flavor="IN RANGE">
<var>${i}</var>
<value>3</value>
<iter>
<var name="${i}">0</var>
<kw name="Send Ir New" library="Ir">
<arg>optik_ir_new</arg>
<arg>down</arg>
<status status="PASS" starttime="20260805 00:20:27.208" endtime="20260805 00:20:27.736"/>
</kw>
<status status="PASS" starttime="20260805 00:20:27.208" endtime="20260805 00:20:27.736"/>
</iter>
<iter>
<var name="${i}">1</var>
<kw name="Send Ir New" library="Ir">
<arg>optik_ir_new</arg>
<arg>down</arg>
<status status="PASS" starttime="20260805 00:20:27.736" endtime="20260805 00:20:28.265"/>
</kw>
<status status="PASS" starttime="20260805 00:20:27.736" endtime="20260805 00:20:28.265"/>
</iter>
<iter>
<var name="${i}">2</var>
<kw name="Send Ir New" library="Ir">
<arg>optik_ir_new</arg>
<arg>down</arg>
<status status="PASS" starttime="20260805 00:20:28.265" endtime="20260805 00:20:28.793"/>
</kw>
<status status="PASS" starttime="20260805 00:20:28.265" endtime="20260805 00:20:28.793"/>
</iter>
<status status="PASS" starttime="20260805 00:20:27.208" endtime="20260805 00:20:28.793"/>
</for>
<kw name="Sleep" library="BuiltIn">
<arg>2</arg>
<doc>Pauses the test executed for the given time.</doc>
<msg timestamp="20260805 00:20:30.794" level="INFO">Slept 2 seconds</msg>
<status status="PASS" starttime="20260805 00:20:28.793" endtime="20260805 00:20:30.794"/>
</kw>
<kw name="Take Screenshot" library="oreganlibs.VideoCapturer">
<doc>Takes and screenshot.</doc>
<status status="PASS" starttime="20260805 00:20:30.794" endtime="20260805 00:20:31.794"/>
</kw>
<kw name="Sleep" library="BuiltIn">
<arg>.5</arg>
<doc>Pauses the test executed for the given time.</doc>
<msg timestamp="20260805 00:20:32.295" level="INFO">Slept 500 milliseconds</msg>
<status status="PASS" starttime="20260805 00:20:31.794" endtime="20260805 00:20:32.295"/>
</kw>
<kw name="Crop Picture And Apply Inverse Color" library="oreganlibs.VideoCapturer">
<arg>${507}</arg>
<arg>${635}</arg>
<arg>${578}</arg>
<arg>${668}</arg>
<arg>./${project}/${test_plan}/temp/screenshot.png</arg>
<arg>./${project}/${test_plan}/temp/cropped.png</arg>
<doc>Crops and inverse color for a picture with the given coordinates.</doc>
<status status="PASS" starttime="20260805 00:20:32.295" endtime="20260805 00:20:32.318"/>
</kw>
<kw name="Sleep" library="BuiltIn">
<arg>.5</arg>
<doc>Pauses the test executed for the given time.</doc>
<msg timestamp="20260805 00:20:32.821" level="INFO">Slept 500 milliseconds</msg>
<status status="PASS" starttime="20260805 00:20:32.318" endtime="20260805 00:20:32.821"/>
</kw>
<kw name="Get Txt From Img" library="oreganlibs.VideoCapturer">
<var>${version}</var>
<arg>./${project}/${test_plan}/temp/cropped.png</arg>
<doc>OCR gets the text found in a picture.</doc>
<msg timestamp="20260805 00:20:33.175" level="INFO">${version} = 3,7.35-F
</msg>
<status status="PASS" starttime="20260805 00:20:32.821" endtime="20260805 00:20:33.175"/>
</kw>
<kw name="Get Current Date" library="DateTime">
<var>${today}</var>
<arg>result_format=%Y-%m-%d</arg>
<doc>Returns current local or UTC time with an optional increment.</doc>
<msg timestamp="20260805 00:20:33.176" level="INFO">${today} = 2026-08-05</msg>
<status status="PASS" starttime="20260805 00:20:33.175" endtime="20260805 00:20:33.176"/>
</kw>
<kw name="Create File" library="OperatingSystem">
<arg>./${project}/${test_plan}/TestResults/${today}/device_info.txt</arg>
<arg>UI Version: ${version}</arg>
<doc>Creates a file with the given content and encoding.</doc>
<msg timestamp="20260805 00:20:33.177" level="INFO" html="true">Created file '&lt;a href="file://C:\Users\QA-Automation\.jenkins\workspace\TELUS-SANITY-STB\ONYX\TELUS\TELUS-STB\TELUS-SANITY-STB\TestResults\2026-08-05\device_info.txt"&gt;C:\Users\QA-Automation\.jenkins\workspace\TELUS-SANITY-STB\ONYX\TELUS\TELUS-STB\TELUS-SANITY-STB\TestResults\2026-08-05\device_info.txt&lt;/a&gt;'.</msg>
<status status="PASS" starttime="20260805 00:20:33.176" endtime="20260805 00:20:33.177"/>
</kw>
<kw name="Create Json" library="Ir">
<arg>TUT</arg>
<arg>5fa03affb38e6100713cd81b</arg>
<arg>${version}</arg>
<doc>Creates a JSON file containing the datails required to post the test results on devices with not ADB</doc>
<status status="PASS" starttime="20260805 00:20:33.177" endtime="20260805 00:20:34.179"/>
</kw>
<status status="PASS" starttime="20260805 00:20:16.090" endtime="20260805 00:20:34.179"/>
</kw>
<kw name="Stop Test Execution" library="keywords-optik" type="TEARDOWN">
<kw name="Stop Recording" library="oreganlibs.VideoCapturer">
<doc>Stops the video and audio recording.</doc>
<status status="PASS" starttime="20260805 00:20:34.179" endtime="20260805 00:20:34.761"/>
</kw>
<status status="PASS" starttime="20260805 00:20:34.179" endtime="20260805 00:20:34.761"/>
</kw>
<doc>STB should display menu correctly</doc>
<tag>Menu</tag>
<tag>Robot</tag>
<tag>TUT-2182</tag>
[...]
</kw>
<status status="PASS" starttime="20260805 07:59:55.889" endtime="20260805 07:59:56.417"/>
</iter>
<iter>
<var name="${i}">6</var>
<kw name="Send Ir New" library="Ir">
<arg>optik_ir_new</arg>
<arg>down</arg>
<status status="PASS" starttime="20260805 07:59:56.417" endtime="20260805 07:59:56.947"/>
</kw>
<status status="PASS" starttime="20260805 07:59:56.417" endtime="20260805 07:59:56.947"/>
</iter>
<iter>
<var name="${i}">7</var>
<kw name="Send Ir New" library="Ir">
<arg>optik_ir_new</arg>
<arg>down</arg>
<status status="PASS" starttime="20260805 07:59:56.947" endtime="20260805 07:59:57.475"/>
</kw>
<status status="PASS" starttime="20260805 07:59:56.947" endtime="20260805 07:59:57.475"/>
</iter>
<iter>
<var name="${i}">8</var>
<kw name="Send Ir New" library="Ir">
<arg>optik_ir_new</arg>
<arg>down</arg>
<status status="PASS" starttime="20260805 07:59:57.475" endtime="20260805 07:59:58.006"/>
</kw>
<status status="PASS" starttime="20260805 07:59:57.475" endtime="20260805 07:59:58.006"/>
</iter>
<iter>
<var name="${i}">9</var>
<kw name="Send Ir New" library="Ir">
<arg>optik_ir_new</arg>
<arg>down</arg>
<status status="PASS" starttime="20260805 07:59:58.006" endtime="20260805 07:59:58.537"/>
</kw>
<status status="PASS" starttime="20260805 07:59:58.006" endtime="20260805 07:59:58.537"/>
</iter>
<status status="PASS" starttime="20260805 07:59:53.235" endtime="20260805 07:59:58.537"/>
</for>
<status status="PASS" starttime="20260805 07:59:53.235" endtime="20260805 07:59:58.537"/>
</kw>
<kw name="Send Ir New" library="Ir">
<arg>optik_ir_new</arg>
<arg>ok</arg>
<status status="PASS" starttime="20260805 07:59:58.537" endtime="20260805 07:59:59.067"/>
</kw>
<kw name="Sleep" library="BuiltIn">
<arg>5s</arg>
<doc>Pauses the test executed for the given time.</doc>
<msg timestamp="20260805 08:00:04.067" level="INFO">Slept 5 seconds</msg>
<status status="PASS" starttime="20260805 07:59:59.067" endtime="20260805 08:00:04.067"/>
</kw>
<kw name="Verify Audio playback" library="keywords-optik">
<kw name="Record Audio" library="oreganlibs.VideoCapturer">
<var>${record_audio}</var>
<doc>Record an audio stream as output.wav</doc>
<msg timestamp="20260805 08:00:09.086" level="INFO">${record_audio} = None</msg>
<status status="PASS" starttime="20260805 08:00:04.067" endtime="20260805 08:00:09.086"/>
</kw>
<kw name="Audio Detection" library="oreganlibs.VideoCapturer">
<var>${test_audio}</var>
<doc>Verifies if there is audio in the output.wav file.</doc>
<msg timestamp="20260805 08:00:09.397" level="INFO">${test_audio} = True</msg>
<status status="PASS" starttime="20260805 08:00:09.086" endtime="20260805 08:00:09.397"/>
</kw>
<while condition="${test_audio} == ${False}" limit="3">
<iter>
<kw name="Sleep" library="BuiltIn">
<arg>1</arg>
<doc>Pauses the test executed for the given time.</doc>
<status status="NOT RUN" starttime="20260805 08:00:09.397" endtime="20260805 08:00:09.397"/>
</kw>
<kw name="Record Audio" library="oreganlibs.VideoCapturer">
<var>${record_audio}</var>
<doc>Record an audio stream as output.wav</doc>
<status status="NOT RUN" starttime="20260805 08:00:09.397" endtime="20260805 08:00:09.397"/>
</kw>
<kw name="Audio Detection" library="oreganlibs.VideoCapturer">
<var>${test_audio}</var>
<doc>Verifies if there is audio in the output.wav file.</doc>
<status status="NOT RUN" starttime="20260805 08:00:09.397" endtime="20260805 08:00:09.397"/>
</kw>
<status status="NOT RUN" starttime="20260805 08:00:09.397" endtime="20260805 08:00:09.397"/>
</iter>
<status status="NOT RUN" starttime="20260805 08:00:09.397" endtime="20260805 08:00:09.397"/>
</while>
<kw name="Should Be True" library="BuiltIn">
<arg>${test_audio}</arg>
<arg>msg=Reason: Audio playback no detected.</arg>
<doc>Fails if the given condition is not true.</doc>
<status status="PASS" starttime="20260805 08:00:09.397" endtime="20260805 08:00:09.398"/>
</kw>
<status status="PASS" starttime="20260805 08:00:04.067" endtime="20260805 08:00:09.398"/>
</kw>
<kw name="Stop Test Execution" library="keywords-optik" type="TEARDOWN">
<kw name="Stop Recording" library="oreganlibs.VideoCapturer">
<doc>Stops the video and audio recording.</doc>
<status status="PASS" starttime="20260805 08:00:09.398" endtime="20260805 08:00:09.953"/>
</kw>
<status status="PASS" starttime="20260805 08:00:09.398" endtime="20260805 08:00:09.953"/>
</kw>
<doc>Verify that Live TV audio is heard when you Open Settings menu</doc>
<tag>Menu</tag>
<tag>Robot</tag>
<tag>TUT-3521</tag>
<status status="PASS" starttime="20260805 07:59:41.282" endtime="20260805 08:00:09.953"/>
</test>
<test id="s1-t10" name="Verify Screensaver triggers from Settings Menu" line="125">
<kw name="Start Test Execution" library="keywords-optik" type="SETUP">
<kw name="Start Recording" library="oreganlibs.VideoCapturer">
<doc>Triggers the video and audio recording.</doc>
<status status="PASS" starttime="20260805 08:00:09.954" endtime="20260805 08:00:10.956"/>
</kw>
<status status="PASS" starttime="20260805 08:00:09.954" endtime="20260805 08:00:10.956"/>
</kw>
<kw name="Return To Live TV" library="keywords-optik">
<doc>Returns the STB to a known Live TV state before/after a test.</doc>
<kw name="Press Back" library="Ir">
<arg>${10}</arg>
<doc>Sends keyevent KEYCODE_BACK "n" number of times through IR.</doc>
<status status="PASS" starttime="20260805 08:00:10.956" endtime="20260805 08:00:16.373"/>
</kw>
<status status="PASS" starttime="20260805 08:00:10.956" endtime="20260805 08:00:16.373"/>
</kw>
<kw name="Send Ir New" library="Ir">
<arg>optik_ir_new</arg>
<arg>menu</arg>
<status status="PASS" starttime="20260805 08:00:16.373" endtime="20260805 08:00:16.902"/>
</kw>
<kw name="Move until Settings is Selected" library="keywords-optik">
<for flavor="IN RANGE">
<var>${i}</var>
<value>10</value>
<iter>
<var name="${i}">0</var>
<kw name="Send Ir New" library="Ir">
<arg>optik_ir_new</arg>
<arg>down</arg>
<status status="PASS" starttime="20260805 08:00:16.903" endtime="20260805 08:00:17.430"/>
</kw>
<status status="PASS" starttime="20260805 08:00:16.903" endtime="20260805 08:00:17.430"/>
</iter>
<iter>
<var name="${i}">1</var>
<kw name="Send Ir New" library="Ir">
<arg>optik_ir_new</arg>
<arg>down</arg>
<status status="PASS" starttime="20260805 08:00:17.430" endtime="20260805 08:00:17.960"/>
</kw>
<status status="PASS" starttime="20260805 08:00:17.430" endtime="20260805 08:00:17.960"/>
</iter>
<iter>
<var name="${i}">2</var>
<kw name="Send Ir New" library="Ir">
<arg>optik_ir_new</arg>
<arg>down</arg>
<status status="PASS" starttime="20260805 08:00:17.960" endtime="20260805 08:00:18.490"/>
</kw>
<status status="PASS" starttime="20260805 08:00:17.960" endtime="20260805 08:00:18.490"/>
</iter>
<iter>
<var name="${i}">3</var>
<kw name="Send Ir New" library="Ir">
<arg>optik_ir_new</arg>
<arg>down</arg>
<status status="PASS" starttime="20260805 08:00:18.490" endtime="20260805 08:00:19.019"/>
</kw>
<status status="PASS" starttime="20260805 08:00:18.490" endtime="20260805 08:00:19.019"/>
</iter>
<iter>
<var name="${i}">4</var>
<kw name="Send Ir New" library="Ir">
<arg>optik_ir_new</arg>
<arg>down</arg>
<status status="PASS" starttime="20260805 08:00:19.019" endtime="20260805 08:00:19.547"/>
</kw>
<status status="PASS" starttime="20260805 08:00:19.019" endtime="20260805 08:00:19.547"/>
</iter>
<iter>
<var name="${i}">5</var>
<kw name="Send Ir New" library="Ir">
<arg>optik_ir_new</arg>
<arg>down</arg>
<status status="PASS" starttime="20260805 08:00:19.547" endtime="20260805 08:00:20.079"/>
</kw>
<status status="PASS" starttime="20260805 08:00:19.547" endtime="20260805 08:00:20.079"/>
</iter>
<iter>
<var name="${i}">6</var>
<kw name="Send Ir New" library="Ir">
<arg>optik_ir_new</arg>
<arg>down</arg>
<status status="PASS" starttime="20260805 08:00:20.079" endtime="20260805 08:00:20.610"/>
</kw>
<status status="PASS" starttime="20260805 08:00:20.079" endtime="20260805 08:00:20.610"/>
</iter>
<iter>
<var name="${i}">7</var>
<kw name="Send Ir New" library="Ir">
<arg>optik_ir_new</arg>
<arg>down</arg>
<status status="PASS" starttime="20260805 08:00:20.610" endtime="20260805 08:00:21.141"/>
</kw>
<status status="PASS" starttime="20260805 08:00:20.610" endtime="20260805 08:00:21.141"/>
</iter>
<iter>
<var name="${i}">8</var>
<kw name="Send Ir New" library="Ir">
<arg>optik_ir_new</arg>
<arg>down</arg>
<status status="PASS" starttime="20260805 08:00:21.141" endtime="20260805 08:00:21.669"/>
</kw>
<status status="PASS" starttime="20260805 08:00:21.141" endtime="20260805 08:00:21.669"/>
</iter>
<iter>
<var name="${i}">9</var>
<kw name="Send Ir New" library="Ir">
<arg>optik_ir_new</arg>
<arg>down</arg>
<status status="PASS" starttime="20260805 08:00:21.669" endtime="20260805 08:00:22.200"/>
</kw>
<status status="PASS" starttime="20260805 08:00:21.669" endtime="20260805 08:00:22.200"/>
</iter>
<status status="PASS" starttime="20260805 08:00:16.902" endtime="20260805 08:00:22.200"/>
</for>
<status status="PASS" starttime="20260805 08:00:16.902" endtime="20260805 08:00:22.201"/>
</kw>
<kw name="Send Ir New" library="Ir">
<arg>optik_ir_new</arg>
<arg>ok</arg>
<status status="PASS" starttime="20260805 08:00:22.201" endtime="20260805 08:00:22.730"/>
</kw>
<kw name="Sleep" library="BuiltIn">
<arg>960s</arg>
<doc>Pauses the test executed for the given time.</doc>
<msg timestamp="20260805 08:16:22.730" level="INFO">Slept 16 minutes</msg>
<status status="PASS" starttime="20260805 08:00:22.730" endtime="20260805 08:16:22.730"/>
</kw>
<kw name="Verify Screensaver" library="keywords-optik">
<kw name="Sleep" library="BuiltIn">
<arg>5s</arg>
<doc>Pauses the test executed for the given time.</doc>
<msg timestamp="20260805 08:16:27.730" level="INFO">Slept 5 seconds</msg>
<status status="PASS" starttime="20260805 08:16:22.730" endtime="20260805 08:16:27.730"/>
</kw>
<kw name="Stop Frames" library="oreganlibs.VideoCapturer">
<doc>Stops the video frames recording.</doc>
<status status="PASS" starttime="20260805 08:16:27.730" endtime="20260805 08:16:28.231"/>
</kw>
<kw name="Wait Text" library="oreganlibs.VideoCapturer">
<var>${ui_element}</var>
<arg>${0}</arg>
<arg>${0}</arg>
<arg>${1279}</arg>
<arg>${713}</arg>
<arg>Opt</arg>
<arg>${3}</arg>
<doc>Waits for a given text until timout is meet.</doc>
<msg timestamp="20260805 08:16:30.071" level="INFO">Text found: Optik TV

Press OK to turn on TV

Optik TV

Press OK to turn on TV</msg>
<msg timestamp="20260805 08:16:30.071" level="INFO">${ui_element} = True</msg>
<status status="PASS" starttime="20260805 08:16:28.231" endtime="20260805 08:16:30.071"/>
</kw>
<while condition="${ui_element} == ${False}" limit="3">
<iter>
<kw name="Sleep" library="BuiltIn">
<arg>2s</arg>
<doc>Pauses the test executed for the given time.</doc>
<status status="NOT RUN" starttime="20260805 08:16:30.071" endtime="20260805 08:16:30.071"/>
</kw>
<kw name="Wait Text" library="oreganlibs.VideoCapturer">
<var>${ui_element}</var>
<arg>${0}</arg>
<arg>${0}</arg>
<arg>${1279}</arg>
<arg>${713}</arg>
<arg>Opt</arg>
<arg>${3}</arg>
<doc>Waits for a given text until timout is meet.</doc>
<status status="NOT RUN" starttime="20260805 08:16:30.072" endtime="20260805 08:16:30.072"/>
</kw>
<status status="NOT RUN" starttime="20260805 08:16:30.071" endtime="20260805 08:16:30.072"/>
</iter>
<status status="NOT RUN" starttime="20260805 08:16:30.071" endtime="20260805 08:16:30.072"/>
</while>
<kw name="Should Be True" library="BuiltIn">
<arg>${ui_element}</arg>
<arg>msg=No screensaver detected</arg>
<doc>Fails if the given condition is not true.</doc>
<status status="PASS" starttime="20260805 08:16:30.072" endtime="20260805 08:16:30.072"/>
</kw>
<status status="PASS" starttime="20260805 08:16:22.730" endtime="20260805 08:16:30.072"/>
</kw>
<kw name="Send Ir New" library="Ir">
<arg>optik_ir_new</arg>
<arg>ok</arg>
<status status="PASS" starttime="20260805 08:16:30.072" endtime="20260805 08:16:30.601"/>
</kw>
<kw name="Return To Live TV" library="keywords-optik">
<doc>Returns the STB to a known Live TV state before/after a test.</doc>
<kw name="Press Back" library="Ir">
<arg>${10}</arg>
<doc>Sends keyevent KEYCODE_BACK "n" number of times through IR.</doc>
<status status="PASS" starttime="20260805 08:16:30.601" endtime="20260805 08:16:35.895"/>
</kw>
<status status="PASS" starttime="20260805 08:16:30.601" endtime="20260805 08:16:35.895"/>
</kw>
<kw name="Stop Test Execution" library="keywords-optik" type="TEARDOWN">
<kw name="Stop Recording" library="oreganlibs.VideoCapturer">
<doc>Stops the video and audio recording.</doc>
<status status="PASS" starttime="20260805 08:16:35.895" endtime="20260805 08:16:36.475"/>
</kw>
<status status="PASS" starttime="20260805 08:16:35.895" endtime="20260805 08:16:36.475"/>
</kw>
<doc>Verify that screensaver can be triggered from Settings Menu</doc>
<tag>Menu</tag>
<tag>Robot</tag>
<tag>TUT-3522</tag>
<status status="PASS" starttime="20260805 08:00:09.953" endtime="20260805 08:16:36.475"/>
</test>
<test id="s1-t11" name="Verify Screensaver triggers from Guide" line="136">
<kw name="Start Test Execution" library="keywords-optik" type="SETUP">
<kw name="Start Recording" library="oreganlibs.VideoCapturer">
<doc>Triggers the video and audio recording.</doc>
<status status="PASS" starttime="20260805 08:16:36.476" endtime="20260805 08:16:37.478"/>
</kw>
<status status="PASS" starttime="20260805 08:16:36.476" endtime="20260805 08:16:37.478"/>
</kw>
<kw name="Return To Live TV" library="keywords-optik">
<doc>Returns the STB to a known Live TV state before/after a test.</doc>
<kw name="Press Back" library="Ir">
<arg>${10}</arg>
<doc>Sends keyevent KEYCODE_BACK "n" number of times through IR.</doc>
<status status="PASS" starttime="20260805 08:16:37.478" endtime="20260805 08:16:42.898"/>
</kw>
<status status="PASS" starttime="20260805 08:16:37.478" endtime="20260805 08:16:42.898"/>
</kw>
<kw name="Send Ir New" library="Ir">
<arg>optik_ir_new</arg>
<arg>guide</arg>
<status status="PASS" starttime="20260805 08:16:42.898" endtime="20260805 08:16:43.431"/>
</kw>
<kw name="Sleep" library="BuiltIn">
<arg>960s</arg>
<doc>Pauses the test executed for the given time.</doc>
<msg timestamp="20260805 08:32:43.431" level="INFO">Slept 16 minutes</msg>
<status status="PASS" starttime="20260805 08:16:43.431" endtime="20260805 08:32:43.431"/>
</kw>
<kw name="Verify Screensaver" library="keywords-optik">
<kw name="Sleep" library="BuiltIn">
<arg>5s</arg>
<doc>Pauses the test executed for the given time.</doc>
<msg timestamp="20260805 08:32:48.433" level="INFO">Slept 5 seconds</msg>
<status status="PASS" starttime="20260805 08:32:43.432" endtime="20260805 08:32:48.433"/>
</kw>
<kw name="Stop Frames" library="oreganlibs.VideoCapturer">
<doc>Stops the video frames recording.</doc>
<status status="PASS" starttime="20260805 08:32:48.433" endtime="20260805 08:32:48.934"/>
</kw>
<kw name="Wait Text" library="oreganlibs.VideoCapturer">
<var>${ui_element}</var>
<arg>${0}</arg>
<arg>${0}</arg>
<arg>${1279}</arg>
<arg>${713}</arg>
<arg>Opt</arg>
<arg>${3}</arg>
<doc>Waits for a given text until timout is meet.</doc>
<msg timestamp="20260805 08:32:50.755" level="INFO">Text found: Optik TV

Press OK to turn on TV

Optik TV

Press OK to turn on TV</msg>
<msg timestamp="20260805 08:32:50.755" level="INFO">${ui_element} = True</msg>
<status status="PASS" starttime="20260805 08:32:48.934" endtime="20260805 08:32:50.755"/>
</kw>
<while condition="${ui_element} == ${False}" limit="3">
<iter>
<kw name="Sleep" library="BuiltIn">
<arg>2s</arg>
<doc>Pauses the test executed for the given time.</doc>
<status status="NOT RUN" starttime="20260805 08:32:50.755" endtime="20260805 08:32:50.755"/>
</kw>
<kw name="Wait Text" library="oreganlibs.VideoCapturer">
<var>${ui_element}</var>
<arg>${0}</arg>
<arg>${0}</arg>
<arg>${1279}</arg>
<arg>${713}</arg>
<arg>Opt</arg>
<arg>${3}</arg>
<doc>Waits for a given text until timout is meet.</doc>
<status status="NOT RUN" starttime="20260805 08:32:50.755" endtime="20260805 08:32:50.755"/>
</kw>
<status status="NOT RUN" starttime="20260805 08:32:50.755" endtime="20260805 08:32:50.755"/>
</iter>
<status status="NOT RUN" starttime="20260805 08:32:50.755" endtime="20260805 08:32:50.755"/>
</while>
<kw name="Should Be True" library="BuiltIn">
<arg>${ui_element}</arg>
<arg>msg=No screensaver detected</arg>
<doc>Fails if the given condition is not true.</doc>
<status status="PASS" starttime="20260805 08:32:50.755" endtime="20260805 08:32:50.756"/>
</kw>
<status status="PASS" starttime="20260805 08:32:43.431" endtime="20260805 08:32:50.756"/>
</kw>
<kw name="Send Ir New" library="Ir">
<arg>optik_ir_new</arg>
<arg>ok</arg>
<status status="PASS" starttime="20260805 08:32:50.756" endtime="20260805 08:32:51.284"/>
</kw>
<kw name="Return To Live TV" library="keywords-optik">
<doc>Returns the STB to a known Live TV state before/after a test.</doc>
<kw name="Press Back" library="Ir">
<arg>${10}</arg>
<doc>Sends keyevent KEYCODE_BACK "n" number of times through IR.</doc>
<status status="PASS" starttime="20260805 08:32:51.284" endtime="20260805 08:32:56.593"/>
</kw>
<status status="PASS" starttime="20260805 08:32:51.284" endtime="20260805 08:32:56.593"/>
</kw>
<kw name="Stop Test Execution" library="keywords-optik" type="TEARDOWN">
<kw name="Stop Recording" library="oreganlibs.VideoCapturer">
<doc>Stops the video and audio recording.</doc>
<status status="PASS" starttime="20260805 08:32:56.593" endtime="20260805 08:32:57.153"/>
</kw>
<status status="PASS" starttime="20260805 08:32:56.593" endtime="20260805 08:32:57.153"/>
</kw>
<doc>Verify that screensaver can be triggered from Guide</doc>
<tag>Guide</tag>
<tag>Robot</tag>
<tag>TUT-3523</tag>
<status status="PASS" starttime="20260805 08:16:36.475" endtime="20260805 08:32:57.153"/>
</test>
<doc>TELUS ONYX STB - Sanity regression suite</doc>
<status status="FAIL" starttime="N/A" endtime="N/A" elapsedtime="2580249"/>
</suite>
<statistics>
<total>
<stat pass="9" fail="1" skip="1">All Tests</stat>
</total>
<tag>
<stat pass="1" fail="0" skip="0">AV Playback</stat>
<stat pass="2" fail="1" skip="0">Guide</stat>
<stat pass="4" fail="0" skip="1">Menu</stat>
<stat pass="1" fail="0" skip="0">PVR</stat>
<stat pass="9" fail="1" skip="1">Robot</stat>
<stat pass="1" fail="0" skip="0">Standby</stat>
<stat pass="1" fail="0" skip="0">TUT-2181</stat>
<stat pass="1" fail="0" skip="0">TUT-2182</stat>
<stat pass="1" fail="0" skip="0">TUT-2183</stat>
<stat pass="0" fail="1" skip="0">TUT-2184</stat>
<stat pass="1" fail="0" skip="0">TUT-3516</stat>
<stat pass="1" fail="0" skip="0">TUT-3519</stat>
<stat pass="0" fail="0" skip="1">TUT-3520</stat>
<stat pass="1" fail="0" skip="0">TUT-3521</stat>
<stat pass="1" fail="0" skip="0">TUT-3522</stat>
<stat pass="1" fail="0" skip="0">TUT-3523</stat>
<stat pass="1" fail="0" skip="0">TUT-404</stat>
</tag>
<suite>
<stat pass="9" fail="1" skip="1" id="s1" name="TELUS-SANITY-ONYX">TELUS-SANITY-ONYX</stat>
</suite>
</statistics>
<errors>
<msg timestamp="20260805 07:53:43.057" level="WARN">C:\Users\QA-Automation\.jenkins\workspace\TELUS-SANITY-STB\env\Lib\site-packages\pydub\utils.py:170: RuntimeWarning: Couldn't find ffmpeg or avconv - defaulting to ffmpeg, but may not work
  warn("Couldn't find ffmpeg or avconv - defaulting to ffmpeg, but may not work", RuntimeWarning)
</msg>
<msg timestamp="20260805 00:15:16.002" level="WARN">C:\Users\QA-Automation\.jenkins\workspace\TELUS-SANITY-STB\env\Lib\site-packages\pydub\utils.py:170: RuntimeWarning: Couldn't find ffmpeg or avconv - defaulting to ffmpeg, but may not work
  warn("Couldn't find ffmpeg or avconv - defaulting to ffmpeg, but may not work", RuntimeWarning)
</msg>
<msg timestamp="20260804 13:40:40.043" level="WARN">C:\Users\QA-Automation\.jenkins\workspace\TELUS-SANITY-STB\env\Lib\site-packages\pydub\utils.py:170: RuntimeWarning: Couldn't find ffmpeg or avconv - defaulting to ffmpeg, but may not work
  warn("Couldn't find ffmpeg or avconv - defaulting to ffmpeg, but may not work", RuntimeWarning)
</msg>
</errors>
</robot>
